This file contains any messages produced by compilers while
running configure, to aid debugging if configure makes a mistake.

It was created by nightshade configure 11.12.1, which was
generated by GNU Autoconf 2.69.  Invocation command line was

  $ ./configure 

## --------- ##
## Platform. ##
## --------- ##

hostname = nsdev-mint-virt
uname -m = x86_64
uname -r = 3.11.0-12-generic
uname -s = Linux
uname -v = #19-Ubuntu SMP Wed Oct 9 16:20:46 UTC 2013

/usr/bin/uname -p = unknown
/bin/uname -X     = unknown

/bin/arch              = unknown
/usr/bin/arch -k       = unknown
/usr/convex/getsysinfo = unknown
/usr/bin/hostinfo      = unknown
/bin/machine           = unknown
/usr/bin/oslevel       = unknown
/bin/universe          = unknown

PATH: /usr/local/sbin
PATH: /usr/local/bin
PATH: /usr/sbin
PATH: /usr/bin
PATH: /sbin
PATH: /bin
PATH: /usr/games
PATH: /usr/local/games


## ----------- ##
## Core tests. ##
## ----------- ##

configure:2944: checking for a BSD-compatible install
configure:3012: result: /usr/bin/install -c
configure:3023: checking whether build environment is sane
configure:3078: result: yes
configure:3116: WARNING: 'missing' script is too old or missing
configure:3229: checking for a thread-safe mkdir -p
configure:3268: result: /bin/mkdir -p
configure:3275: checking for gawk
configure:3291: found /usr/bin/gawk
configure:3302: result: gawk
configure:3313: checking whether make sets $(MAKE)
configure:3335: result: yes
configure:3364: checking whether make supports nested variables
configure:3381: result: yes
configure:3482: checking whether NLS is requested
configure:3491: result: yes
configure:3529: checking for msgfmt
configure:3560: result: /usr/bin/msgfmt
configure:3569: checking for gmsgfmt
configure:3600: result: /usr/bin/msgfmt
configure:3640: checking for xgettext
configure:3671: result: /usr/bin/xgettext
configure:3711: checking for msgmerge
configure:3741: result: /usr/bin/msgmerge
configure:3788: checking for style of include used by make
configure:3816: result: GNU
configure:3887: checking for gcc
configure:3903: found /usr/bin/gcc
configure:3914: result: gcc
configure:4143: checking for C compiler version
configure:4152: gcc --version >&5
gcc (Ubuntu/Linaro 4.8.1-10ubuntu9) 4.8.1
Copyright (C) 2013 Free Software Foundation, Inc.
This is free software; see the source for copying conditions.  There is NO
warranty; not even for MERCHANTABILITY or FITNESS FOR A PARTICULAR PURPOSE.

configure:4163: $? = 0
configure:4152: gcc -v >&5
Using built-in specs.
COLLECT_GCC=gcc
COLLECT_LTO_WRAPPER=/usr/lib/gcc/x86_64-linux-gnu/4.8/lto-wrapper
Target: x86_64-linux-gnu
Configured with: ../src/configure -v --with-pkgversion='Ubuntu/Linaro 4.8.1-10ubuntu9' --with-bugurl=file:///usr/share/doc/gcc-4.8/README.Bugs --enable-languages=c,c++,java,go,d,fortran,objc,obj-c++ --prefix=/usr --program-suffix=-4.8 --enable-shared --enable-linker-build-id --libexecdir=/usr/lib --without-included-gettext --enable-threads=posix --with-gxx-include-dir=/usr/include/c++/4.8 --libdir=/usr/lib --enable-nls --with-sysroot=/ --enable-clocale=gnu --enable-libstdcxx-debug --enable-libstdcxx-time=yes --enable-gnu-unique-object --enable-plugin --with-system-zlib --disable-browser-plugin --enable-java-awt=gtk --enable-gtk-cairo --with-java-home=/usr/lib/jvm/java-1.5.0-gcj-4.8-amd64/jre --enable-java-home --with-jvm-root-dir=/usr/lib/jvm/java-1.5.0-gcj-4.8-amd64 --with-jvm-jar-dir=/usr/lib/jvm-exports/java-1.5.0-gcj-4.8-amd64 --with-arch-directory=amd64 --with-ecj-jar=/usr/share/java/eclipse-ecj.jar --enable-objc-gc --enable-multiarch --disable-werror --with-arch-32=i686 --with-abi=m64 --with-multilib-list=m32,m64,mx32 --with-tune=generic --enable-checking=release --build=x86_64-linux-gnu --host=x86_64-linux-gnu --target=x86_64-linux-gnu
Thread model: posix
gcc version 4.8.1 (Ubuntu/Linaro 4.8.1-10ubuntu9) 
configure:4163: $? = 0
configure:4152: gcc -V >&5
gcc: error: unrecognized command line option '-V'
gcc: fatal error: no input files
compilation terminated.
configure:4163: $? = 4
configure:4152: gcc -qversion >&5
gcc: error: unrecognized command line option '-qversion'
gcc: fatal error: no input files
compilation terminated.
configure:4163: $? = 4
configure:4183: checking whether the C compiler works
configure:4205: gcc    conftest.c  >&5
configure:4209: $? = 0
configure:4257: result: yes
configure:4260: checking for C compiler default output file name
configure:4262: result: a.out
configure:4268: checking for suffix of executables
configure:4275: gcc -o conftest    conftest.c  >&5
configure:4279: $? = 0
configure:4301: result: 
configure:4323: checking whether we are cross compiling
configure:4331: gcc -o conftest    conftest.c  >&5
configure:4335: $? = 0
configure:4342: ./conftest
configure:4346: $? = 0
configure:4361: result: no
configure:4366: checking for suffix of object files
configure:4388: gcc -c   conftest.c >&5
configure:4392: $? = 0
configure:4413: result: o
configure:4417: checking whether we are using the GNU C compiler
configure:4436: gcc -c   conftest.c >&5
configure:4436: $? = 0
configure:4445: result: yes
configure:4454: checking whether gcc accepts -g
configure:4474: gcc -c -g  conftest.c >&5
configure:4474: $? = 0
configure:4515: result: yes
configure:4532: checking for gcc option to accept ISO C89
configure:4595: gcc  -c -g -O2  conftest.c >&5
configure:4595: $? = 0
configure:4608: result: none needed
configure:4630: checking dependency style of gcc
configure:4741: result: gcc3
configure:4760: checking build system type
configure:4774: result: x86_64-unknown-linux-gnu
configure:4794: checking host system type
configure:4807: result: x86_64-unknown-linux-gnu
configure:4870: checking for ranlib
configure:4886: found /usr/bin/ranlib
configure:4897: result: ranlib
configure:4921: checking for strerror in -lcposix
configure:4946: gcc -o conftest -g -O2   conftest.c -lcposix   >&5
/usr/bin/ld: cannot find -lcposix
collect2: error: ld returned 1 exit status
configure:4946: $? = 1
configure: failed program was:
| /* confdefs.h */
| #define PACKAGE_NAME "nightshade"
| #define PACKAGE_TARNAME "nightshade"
| #define PACKAGE_VERSION "11.12.1"
| #define PACKAGE_STRING "nightshade 11.12.1"
| #define PACKAGE_BUGREPORT "support@nightshadesoftware.org"
| #define PACKAGE_URL ""
| #define PACKAGE "nightshade"
| #define VERSION "11.12.1"
| /* end confdefs.h.  */
| 
| /* Override any GCC internal prototype to avoid an error.
|    Use char because int might match the return type of a GCC
|    builtin and then its argument prototype would still apply.  */
| #ifdef __cplusplus
| extern "C"
| #endif
| char strerror ();
| int
| main ()
| {
| return strerror ();
|   ;
|   return 0;
| }
configure:4955: result: no
configure:4968: checking how to run the C preprocessor
configure:4999: gcc -E  conftest.c
configure:4999: $? = 0
configure:5013: gcc -E  conftest.c
conftest.c:11:28: fatal error: ac_nonexistent.h: No such file or directory
 #include <ac_nonexistent.h>
                            ^
compilation terminated.
configure:5013: $? = 1
configure: failed program was:
| /* confdefs.h */
| #define PACKAGE_NAME "nightshade"
| #define PACKAGE_TARNAME "nightshade"
| #define PACKAGE_VERSION "11.12.1"
| #define PACKAGE_STRING "nightshade 11.12.1"
| #define PACKAGE_BUGREPORT "support@nightshadesoftware.org"
| #define PACKAGE_URL ""
| #define PACKAGE "nightshade"
| #define VERSION "11.12.1"
| /* end confdefs.h.  */
| #include <ac_nonexistent.h>
configure:5038: result: gcc -E
configure:5058: gcc -E  conftest.c
configure:5058: $? = 0
configure:5072: gcc -E  conftest.c
conftest.c:11:28: fatal error: ac_nonexistent.h: No such file or directory
 #include <ac_nonexistent.h>
                            ^
compilation terminated.
configure:5072: $? = 1
configure: failed program was:
| /* confdefs.h */
| #define PACKAGE_NAME "nightshade"
| #define PACKAGE_TARNAME "nightshade"
| #define PACKAGE_VERSION "11.12.1"
| #define PACKAGE_STRING "nightshade 11.12.1"
| #define PACKAGE_BUGREPORT "support@nightshadesoftware.org"
| #define PACKAGE_URL ""
| #define PACKAGE "nightshade"
| #define VERSION "11.12.1"
| /* end confdefs.h.  */
| #include <ac_nonexistent.h>
configure:5101: checking for grep that handles long lines and -e
configure:5159: result: /bin/grep
configure:5164: checking for egrep
configure:5226: result: /bin/grep -E
configure:5231: checking for ANSI C header files
configure:5251: gcc -c -g -O2  conftest.c >&5
configure:5251: $? = 0
configure:5324: gcc -o conftest -g -O2   conftest.c  >&5
configure:5324: $? = 0
configure:5324: ./conftest
configure:5324: $? = 0
configure:5335: result: yes
configure:5343: checking for an ANSI C-conforming const
configure:5409: gcc -c -g -O2  conftest.c >&5
configure:5409: $? = 0
configure:5416: result: yes
configure:5425: checking for signed
configure:5441: gcc -c -g -O2  conftest.c >&5
configure:5441: $? = 0
configure:5448: result: yes
configure:5456: checking for inline
configure:5472: gcc -c -g -O2  conftest.c >&5
configure:5472: $? = 0
configure:5480: result: inline
configure:5503: checking for sys/types.h
configure:5503: gcc -c -g -O2  conftest.c >&5
configure:5503: $? = 0
configure:5503: result: yes
configure:5503: checking for sys/stat.h
configure:5503: gcc -c -g -O2  conftest.c >&5
configure:5503: $? = 0
configure:5503: result: yes
configure:5503: checking for stdlib.h
configure:5503: gcc -c -g -O2  conftest.c >&5
configure:5503: $? = 0
configure:5503: result: yes
configure:5503: checking for string.h
configure:5503: gcc -c -g -O2  conftest.c >&5
configure:5503: $? = 0
configure:5503: result: yes
configure:5503: checking for memory.h
configure:5503: gcc -c -g -O2  conftest.c >&5
configure:5503: $? = 0
configure:5503: result: yes
configure:5503: checking for strings.h
configure:5503: gcc -c -g -O2  conftest.c >&5
configure:5503: $? = 0
configure:5503: result: yes
configure:5503: checking for inttypes.h
configure:5503: gcc -c -g -O2  conftest.c >&5
configure:5503: $? = 0
configure:5503: result: yes
configure:5503: checking for stdint.h
configure:5503: gcc -c -g -O2  conftest.c >&5
configure:5503: $? = 0
configure:5503: result: yes
configure:5503: checking for unistd.h
configure:5503: gcc -c -g -O2  conftest.c >&5
configure:5503: $? = 0
configure:5503: result: yes
configure:5515: checking for off_t
configure:5515: gcc -c -g -O2  conftest.c >&5
configure:5515: $? = 0
configure:5515: gcc -c -g -O2  conftest.c >&5
conftest.c: In function 'main':
conftest.c:57:20: error: expected expression before ')' token
 if (sizeof ((off_t)))
                    ^
configure:5515: $? = 1
configure: failed program was:
| /* confdefs.h */
| #define PACKAGE_NAME "nightshade"
| #define PACKAGE_TARNAME "nightshade"
| #define PACKAGE_VERSION "11.12.1"
| #define PACKAGE_STRING "nightshade 11.12.1"
| #define PACKAGE_BUGREPORT "support@nightshadesoftware.org"
| #define PACKAGE_URL ""
| #define PACKAGE "nightshade"
| #define VERSION "11.12.1"
| #define STDC_HEADERS 1
| #define HAVE_SYS_TYPES_H 1
| #define HAVE_SYS_STAT_H 1
| #define HAVE_STDLIB_H 1
| #define HAVE_STRING_H 1
| #define HAVE_MEMORY_H 1
| #define HAVE_STRINGS_H 1
| #define HAVE_INTTYPES_H 1
| #define HAVE_STDINT_H 1
| #define HAVE_UNISTD_H 1
| /* end confdefs.h.  */
| #include <stdio.h>
| #ifdef HAVE_SYS_TYPES_H
| # include <sys/types.h>
| #endif
| #ifdef HAVE_SYS_STAT_H
| # include <sys/stat.h>
| #endif
| #ifdef STDC_HEADERS
| # include <stdlib.h>
| # include <stddef.h>
| #else
| # ifdef HAVE_STDLIB_H
| #  include <stdlib.h>
| # endif
| #endif
| #ifdef HAVE_STRING_H
| # if !defined STDC_HEADERS && defined HAVE_MEMORY_H
| #  include <memory.h>
| # endif
| # include <string.h>
| #endif
| #ifdef HAVE_STRINGS_H
| # include <strings.h>
| #endif
| #ifdef HAVE_INTTYPES_H
| # include <inttypes.h>
| #endif
| #ifdef HAVE_STDINT_H
| # include <stdint.h>
| #endif
| #ifdef HAVE_UNISTD_H
| # include <unistd.h>
| #endif
| int
| main ()
| {
| if (sizeof ((off_t)))
| 	    return 0;
|   ;
|   return 0;
| }
configure:5515: result: yes
configure:5526: checking for size_t
configure:5526: gcc -c -g -O2  conftest.c >&5
configure:5526: $? = 0
configure:5526: gcc -c -g -O2  conftest.c >&5
conftest.c: In function 'main':
conftest.c:57:21: error: expected expression before ')' token
 if (sizeof ((size_t)))
                     ^
configure:5526: $? = 1
configure: failed program was:
| /* confdefs.h */
| #define PACKAGE_NAME "nightshade"
| #define PACKAGE_TARNAME "nightshade"
| #define PACKAGE_VERSION "11.12.1"
| #define PACKAGE_STRING "nightshade 11.12.1"
| #define PACKAGE_BUGREPORT "support@nightshadesoftware.org"
| #define PACKAGE_URL ""
| #define PACKAGE "nightshade"
| #define VERSION "11.12.1"
| #define STDC_HEADERS 1
| #define HAVE_SYS_TYPES_H 1
| #define HAVE_SYS_STAT_H 1
| #define HAVE_STDLIB_H 1
| #define HAVE_STRING_H 1
| #define HAVE_MEMORY_H 1
| #define HAVE_STRINGS_H 1
| #define HAVE_INTTYPES_H 1
| #define HAVE_STDINT_H 1
| #define HAVE_UNISTD_H 1
| /* end confdefs.h.  */
| #include <stdio.h>
| #ifdef HAVE_SYS_TYPES_H
| # include <sys/types.h>
| #endif
| #ifdef HAVE_SYS_STAT_H
| # include <sys/stat.h>
| #endif
| #ifdef STDC_HEADERS
| # include <stdlib.h>
| # include <stddef.h>
| #else
| # ifdef HAVE_STDLIB_H
| #  include <stdlib.h>
| # endif
| #endif
| #ifdef HAVE_STRING_H
| # if !defined STDC_HEADERS && defined HAVE_MEMORY_H
| #  include <memory.h>
| # endif
| # include <string.h>
| #endif
| #ifdef HAVE_STRINGS_H
| # include <strings.h>
| #endif
| #ifdef HAVE_INTTYPES_H
| # include <inttypes.h>
| #endif
| #ifdef HAVE_STDINT_H
| # include <stdint.h>
| #endif
| #ifdef HAVE_UNISTD_H
| # include <unistd.h>
| #endif
| int
| main ()
| {
| if (sizeof ((size_t)))
| 	    return 0;
|   ;
|   return 0;
| }
configure:5526: result: yes
configure:5538: checking for long long
configure:5555: gcc -o conftest -g -O2   conftest.c  >&5
configure:5555: $? = 0
configure:5563: result: yes
configure:5572: checking for long double
configure:5604: result: yes
configure:5613: checking for wchar_t
configure:5630: gcc -c -g -O2  conftest.c >&5
configure:5630: $? = 0
configure:5637: result: yes
configure:5646: checking for wint_t
configure:5663: gcc -c -g -O2  conftest.c >&5
configure:5663: $? = 0
configure:5670: result: yes
configure:5679: checking for inttypes.h
configure:5696: gcc -c -g -O2  conftest.c >&5
configure:5696: $? = 0
configure:5703: result: yes
configure:5714: checking for stdint.h
configure:5731: gcc -c -g -O2  conftest.c >&5
configure:5731: $? = 0
configure:5738: result: yes
configure:5751: checking for intmax_t
configure:5776: gcc -c -g -O2  conftest.c >&5
configure:5776: $? = 0
configure:5783: result: yes
configure:5793: checking whether printf() supports POSIX/XSI format strings
configure:5834: gcc -o conftest -g -O2   conftest.c  >&5
configure:5834: $? = 0
configure:5834: ./conftest
configure:5834: $? = 0
configure:5845: result: yes
configure:5857: checking for working alloca.h
configure:5874: gcc -o conftest -g -O2   conftest.c  >&5
configure:5874: $? = 0
configure:5882: result: yes
configure:5890: checking for alloca
configure:5927: gcc -o conftest -g -O2   conftest.c  >&5
configure:5927: $? = 0
configure:5935: result: yes
configure:6047: checking for stdlib.h
configure:6047: result: yes
configure:6047: checking for unistd.h
configure:6047: result: yes
configure:6047: checking for sys/param.h
configure:6047: gcc -c -g -O2  conftest.c >&5
configure:6047: $? = 0
configure:6047: result: yes
configure:6067: checking for getpagesize
configure:6067: gcc -o conftest -g -O2   conftest.c  >&5
configure:6067: $? = 0
configure:6067: result: yes
configure:6076: checking for working mmap
configure:6223: gcc -o conftest -g -O2   conftest.c  >&5
configure:6223: $? = 0
configure:6223: ./conftest
configure:6223: $? = 0
configure:6233: result: yes
configure:6243: checking whether we are using the GNU C Library 2.1 or newer
configure:6270: result: yes
configure:6278: checking whether integer division by zero raises SIGFPE
configure:6335: gcc -o conftest -g -O2   conftest.c  >&5
conftest.c:54:5: warning: built-in function 'nan' declared as non-function [enabled by default]
 int nan;
     ^
configure:6335: $? = 0
configure:6335: ./conftest
configure:6335: $? = 0
configure:6346: result: yes
configure:6359: checking for unsigned long long
configure:6376: gcc -o conftest -g -O2   conftest.c  >&5
configure:6376: $? = 0
configure:6384: result: yes
configure:6412: checking for inttypes.h
configure:6430: gcc -c -g -O2  conftest.c >&5
configure:6430: $? = 0
configure:6438: result: yes
configure:6451: checking whether the inttypes.h PRIxNN macros are broken
configure:6472: gcc -c -g -O2  conftest.c >&5
configure:6472: $? = 0
configure:6480: result: no
configure:6494: checking for stdint.h
configure:6494: result: yes
configure:6504: checking for SIZE_MAX
configure:6577: result: yes
configure:6591: checking for stdint.h
configure:6591: result: yes
configure:6642: checking for ld used by GCC
configure:6706: result: /usr/bin/ld
configure:6713: checking if the linker (/usr/bin/ld) is GNU ld
configure:6726: result: yes
configure:6732: checking for shared library run path origin
configure:6745: result: done
configure:7151: checking for ptrdiff_t
configure:7151: gcc -c -g -O2  conftest.c >&5
configure:7151: $? = 0
configure:7151: gcc -c -g -O2  conftest.c >&5
conftest.c: In function 'main':
conftest.c:78:24: error: expected expression before ')' token
 if (sizeof ((ptrdiff_t)))
                        ^
configure:7151: $? = 1
configure: failed program was:
| /* confdefs.h */
| #define PACKAGE_NAME "nightshade"
| #define PACKAGE_TARNAME "nightshade"
| #define PACKAGE_VERSION "11.12.1"
| #define PACKAGE_STRING "nightshade 11.12.1"
| #define PACKAGE_BUGREPORT "support@nightshadesoftware.org"
| #define PACKAGE_URL ""
| #define PACKAGE "nightshade"
| #define VERSION "11.12.1"
| #define STDC_HEADERS 1
| #define HAVE_SYS_TYPES_H 1
| #define HAVE_SYS_STAT_H 1
| #define HAVE_STDLIB_H 1
| #define HAVE_STRING_H 1
| #define HAVE_MEMORY_H 1
| #define HAVE_STRINGS_H 1
| #define HAVE_INTTYPES_H 1
| #define HAVE_STDINT_H 1
| #define HAVE_UNISTD_H 1
| #define HAVE_LONG_LONG 1
| #define HAVE_LONG_DOUBLE 1
| #define HAVE_WCHAR_T 1
| #define HAVE_WINT_T 1
| #define HAVE_INTTYPES_H_WITH_UINTMAX 1
| #define HAVE_STDINT_H_WITH_UINTMAX 1
| #define HAVE_INTMAX_T 1
| #define HAVE_POSIX_PRINTF 1
| #define HAVE_ALLOCA_H 1
| #define HAVE_ALLOCA 1
| #define HAVE_STDLIB_H 1
| #define HAVE_UNISTD_H 1
| #define HAVE_SYS_PARAM_H 1
| #define HAVE_GETPAGESIZE 1
| #define HAVE_MMAP 1
| #define INTDIV0_RAISES_SIGFPE 1
| #define HAVE_UNSIGNED_LONG_LONG 1
| #define HAVE_UINTMAX_T 1
| #define HAVE_INTTYPES_H 1
| #define HAVE_STDINT_H 1
| #define HAVE_STDINT_H 1
| /* end confdefs.h.  */
| #include <stdio.h>
| #ifdef HAVE_SYS_TYPES_H
| # include <sys/types.h>
| #endif
| #ifdef HAVE_SYS_STAT_H
| # include <sys/stat.h>
| #endif
| #ifdef STDC_HEADERS
| # include <stdlib.h>
| # include <stddef.h>
| #else
| # ifdef HAVE_STDLIB_H
| #  include <stdlib.h>
| # endif
| #endif
| #ifdef HAVE_STRING_H
| # if !defined STDC_HEADERS && defined HAVE_MEMORY_H
| #  include <memory.h>
| # endif
| # include <string.h>
| #endif
| #ifdef HAVE_STRINGS_H
| # include <strings.h>
| #endif
| #ifdef HAVE_INTTYPES_H
| # include <inttypes.h>
| #endif
| #ifdef HAVE_STDINT_H
| # include <stdint.h>
| #endif
| #ifdef HAVE_UNISTD_H
| # include <unistd.h>
| #endif
| int
| main ()
| {
| if (sizeof ((ptrdiff_t)))
| 	    return 0;
|   ;
|   return 0;
| }
configure:7151: result: yes
configure:7165: checking argz.h usability
configure:7165: gcc -c -g -O2  conftest.c >&5
configure:7165: $? = 0
configure:7165: result: yes
configure:7165: checking argz.h presence
configure:7165: gcc -E  conftest.c
configure:7165: $? = 0
configure:7165: result: yes
configure:7165: checking for argz.h
configure:7165: result: yes
configure:7165: checking limits.h usability
configure:7165: gcc -c -g -O2  conftest.c >&5
configure:7165: $? = 0
configure:7165: result: yes
configure:7165: checking limits.h presence
configure:7165: gcc -E  conftest.c
configure:7165: $? = 0
configure:7165: result: yes
configure:7165: checking for limits.h
configure:7165: result: yes
configure:7165: checking locale.h usability
configure:7165: gcc -c -g -O2  conftest.c >&5
configure:7165: $? = 0
configure:7165: result: yes
configure:7165: checking locale.h presence
configure:7165: gcc -E  conftest.c
configure:7165: $? = 0
configure:7165: result: yes
configure:7165: checking for locale.h
configure:7165: result: yes
configure:7165: checking nl_types.h usability
configure:7165: gcc -c -g -O2  conftest.c >&5
configure:7165: $? = 0
configure:7165: result: yes
configure:7165: checking nl_types.h presence
configure:7165: gcc -E  conftest.c
configure:7165: $? = 0
configure:7165: result: yes
configure:7165: checking for nl_types.h
configure:7165: result: yes
configure:7165: checking malloc.h usability
configure:7165: gcc -c -g -O2  conftest.c >&5
configure:7165: $? = 0
configure:7165: result: yes
configure:7165: checking malloc.h presence
configure:7165: gcc -E  conftest.c
configure:7165: $? = 0
configure:7165: result: yes
configure:7165: checking for malloc.h
configure:7165: result: yes
configure:7165: checking stddef.h usability
configure:7165: gcc -c -g -O2  conftest.c >&5
configure:7165: $? = 0
configure:7165: result: yes
configure:7165: checking stddef.h presence
configure:7165: gcc -E  conftest.c
configure:7165: $? = 0
configure:7165: result: yes
configure:7165: checking for stddef.h
configure:7165: result: yes
configure:7165: checking for stdlib.h
configure:7165: result: yes
configure:7165: checking for string.h
configure:7165: result: yes
configure:7165: checking for unistd.h
configure:7165: result: yes
configure:7165: checking for sys/param.h
configure:7165: result: yes
configure:7181: checking for asprintf
configure:7181: gcc -o conftest -g -O2   conftest.c  >&5
configure:7181: $? = 0
configure:7181: result: yes
configure:7181: checking for fwprintf
configure:7181: gcc -o conftest -g -O2   conftest.c  >&5
configure:7181: $? = 0
configure:7181: result: yes
configure:7181: checking for getcwd
configure:7181: gcc -o conftest -g -O2   conftest.c  >&5
configure:7181: $? = 0
configure:7181: result: yes
configure:7181: checking for getegid
configure:7181: gcc -o conftest -g -O2   conftest.c  >&5
configure:7181: $? = 0
configure:7181: result: yes
configure:7181: checking for geteuid
configure:7181: gcc -o conftest -g -O2   conftest.c  >&5
configure:7181: $? = 0
configure:7181: result: yes
configure:7181: checking for getgid
configure:7181: gcc -o conftest -g -O2   conftest.c  >&5
configure:7181: $? = 0
configure:7181: result: yes
configure:7181: checking for getuid
configure:7181: gcc -o conftest -g -O2   conftest.c  >&5
configure:7181: $? = 0
configure:7181: result: yes
configure:7181: checking for mempcpy
configure:7181: gcc -o conftest -g -O2   conftest.c  >&5
conftest.c:82:6: warning: conflicting types for built-in function 'mempcpy' [enabled by default]
 char mempcpy ();
      ^
configure:7181: $? = 0
configure:7181: result: yes
configure:7181: checking for munmap
configure:7181: gcc -o conftest -g -O2   conftest.c  >&5
configure:7181: $? = 0
configure:7181: result: yes
configure:7181: checking for putenv
configure:7181: gcc -o conftest -g -O2   conftest.c  >&5
configure:7181: $? = 0
configure:7181: result: yes
configure:7181: checking for setenv
configure:7181: gcc -o conftest -g -O2   conftest.c  >&5
configure:7181: $? = 0
configure:7181: result: yes
configure:7181: checking for setlocale
configure:7181: gcc -o conftest -g -O2   conftest.c  >&5
configure:7181: $? = 0
configure:7181: result: yes
configure:7181: checking for snprintf
configure:7181: gcc -o conftest -g -O2   conftest.c  >&5
conftest.c:87:6: warning: conflicting types for built-in function 'snprintf' [enabled by default]
 char snprintf ();
      ^
configure:7181: $? = 0
configure:7181: result: yes
configure:7181: checking for stpcpy
configure:7181: gcc -o conftest -g -O2   conftest.c  >&5
conftest.c:88:6: warning: conflicting types for built-in function 'stpcpy' [enabled by default]
 char stpcpy ();
      ^
configure:7181: $? = 0
configure:7181: result: yes
configure:7181: checking for strcasecmp
configure:7181: gcc -o conftest -g -O2   conftest.c  >&5
conftest.c:89:6: warning: conflicting types for built-in function 'strcasecmp' [enabled by default]
 char strcasecmp ();
      ^
configure:7181: $? = 0
configure:7181: result: yes
configure:7181: checking for strdup
configure:7181: gcc -o conftest -g -O2   conftest.c  >&5
conftest.c:90:6: warning: conflicting types for built-in function 'strdup' [enabled by default]
 char strdup ();
      ^
configure:7181: $? = 0
configure:7181: result: yes
configure:7181: checking for strtoul
configure:7181: gcc -o conftest -g -O2   conftest.c  >&5
configure:7181: $? = 0
configure:7181: result: yes
configure:7181: checking for tsearch
configure:7181: gcc -o conftest -g -O2   conftest.c  >&5
configure:7181: $? = 0
configure:7181: result: yes
configure:7181: checking for wcslen
configure:7181: gcc -o conftest -g -O2   conftest.c  >&5
configure:7181: $? = 0
configure:7181: result: yes
configure:7181: checking for __argz_count
configure:7181: gcc -o conftest -g -O2   conftest.c  >&5
configure:7181: $? = 0
configure:7181: result: yes
configure:7181: checking for __argz_stringify
configure:7181: gcc -o conftest -g -O2   conftest.c  >&5
configure:7181: $? = 0
configure:7181: result: yes
configure:7181: checking for __argz_next
configure:7181: gcc -o conftest -g -O2   conftest.c  >&5
configure:7181: $? = 0
configure:7181: result: yes
configure:7181: checking for __fsetlocking
configure:7181: gcc -o conftest -g -O2   conftest.c  >&5
configure:7181: $? = 0
configure:7181: result: yes
configure:7192: checking whether _snprintf is declared
configure:7212: gcc -c -g -O2  conftest.c >&5
conftest.c: In function 'main':
conftest.c:81:22: error: '_snprintf' undeclared (first use in this function)
   char *p = (char *) _snprintf;
                      ^
conftest.c:81:22: note: each undeclared identifier is reported only once for each function it appears in
configure:7212: $? = 1
configure: failed program was:
| /* confdefs.h */
| #define PACKAGE_NAME "nightshade"
| #define PACKAGE_TARNAME "nightshade"
| #define PACKAGE_VERSION "11.12.1"
| #define PACKAGE_STRING "nightshade 11.12.1"
| #define PACKAGE_BUGREPORT "support@nightshadesoftware.org"
| #define PACKAGE_URL ""
| #define PACKAGE "nightshade"
| #define VERSION "11.12.1"
| #define STDC_HEADERS 1
| #define HAVE_SYS_TYPES_H 1
| #define HAVE_SYS_STAT_H 1
| #define HAVE_STDLIB_H 1
| #define HAVE_STRING_H 1
| #define HAVE_MEMORY_H 1
| #define HAVE_STRINGS_H 1
| #define HAVE_INTTYPES_H 1
| #define HAVE_STDINT_H 1
| #define HAVE_UNISTD_H 1
| #define HAVE_LONG_LONG 1
| #define HAVE_LONG_DOUBLE 1
| #define HAVE_WCHAR_T 1
| #define HAVE_WINT_T 1
| #define HAVE_INTTYPES_H_WITH_UINTMAX 1
| #define HAVE_STDINT_H_WITH_UINTMAX 1
| #define HAVE_INTMAX_T 1
| #define HAVE_POSIX_PRINTF 1
| #define HAVE_ALLOCA_H 1
| #define HAVE_ALLOCA 1
| #define HAVE_STDLIB_H 1
| #define HAVE_UNISTD_H 1
| #define HAVE_SYS_PARAM_H 1
| #define HAVE_GETPAGESIZE 1
| #define HAVE_MMAP 1
| #define INTDIV0_RAISES_SIGFPE 1
| #define HAVE_UNSIGNED_LONG_LONG 1
| #define HAVE_UINTMAX_T 1
| #define HAVE_INTTYPES_H 1
| #define HAVE_STDINT_H 1
| #define HAVE_STDINT_H 1
| #define HAVE_ARGZ_H 1
| #define HAVE_LIMITS_H 1
| #define HAVE_LOCALE_H 1
| #define HAVE_NL_TYPES_H 1
| #define HAVE_MALLOC_H 1
| #define HAVE_STDDEF_H 1
| #define HAVE_STDLIB_H 1
| #define HAVE_STRING_H 1
| #define HAVE_UNISTD_H 1
| #define HAVE_SYS_PARAM_H 1
| #define HAVE_ASPRINTF 1
| #define HAVE_FWPRINTF 1
| #define HAVE_GETCWD 1
| #define HAVE_GETEGID 1
| #define HAVE_GETEUID 1
| #define HAVE_GETGID 1
| #define HAVE_GETUID 1
| #define HAVE_MEMPCPY 1
| #define HAVE_MUNMAP 1
| #define HAVE_PUTENV 1
| #define HAVE_SETENV 1
| #define HAVE_SETLOCALE 1
| #define HAVE_SNPRINTF 1
| #define HAVE_STPCPY 1
| #define HAVE_STRCASECMP 1
| #define HAVE_STRDUP 1
| #define HAVE_STRTOUL 1
| #define HAVE_TSEARCH 1
| #define HAVE_WCSLEN 1
| #define HAVE___ARGZ_COUNT 1
| #define HAVE___ARGZ_STRINGIFY 1
| #define HAVE___ARGZ_NEXT 1
| #define HAVE___FSETLOCKING 1
| /* end confdefs.h.  */
| #include <stdio.h>
| int
| main ()
| {
| 
| #ifndef _snprintf
|   char *p = (char *) _snprintf;
| #endif
| 
|   ;
|   return 0;
| }
configure:7219: result: no
configure:7233: checking whether _snwprintf is declared
configure:7253: gcc -c -g -O2  conftest.c >&5
conftest.c: In function 'main':
conftest.c:82:22: error: '_snwprintf' undeclared (first use in this function)
   char *p = (char *) _snwprintf;
                      ^
conftest.c:82:22: note: each undeclared identifier is reported only once for each function it appears in
configure:7253: $? = 1
configure: failed program was:
| /* confdefs.h */
| #define PACKAGE_NAME "nightshade"
| #define PACKAGE_TARNAME "nightshade"
| #define PACKAGE_VERSION "11.12.1"
| #define PACKAGE_STRING "nightshade 11.12.1"
| #define PACKAGE_BUGREPORT "support@nightshadesoftware.org"
| #define PACKAGE_URL ""
| #define PACKAGE "nightshade"
| #define VERSION "11.12.1"
| #define STDC_HEADERS 1
| #define HAVE_SYS_TYPES_H 1
| #define HAVE_SYS_STAT_H 1
| #define HAVE_STDLIB_H 1
| #define HAVE_STRING_H 1
| #define HAVE_MEMORY_H 1
| #define HAVE_STRINGS_H 1
| #define HAVE_INTTYPES_H 1
| #define HAVE_STDINT_H 1
| #define HAVE_UNISTD_H 1
| #define HAVE_LONG_LONG 1
| #define HAVE_LONG_DOUBLE 1
| #define HAVE_WCHAR_T 1
| #define HAVE_WINT_T 1
| #define HAVE_INTTYPES_H_WITH_UINTMAX 1
| #define HAVE_STDINT_H_WITH_UINTMAX 1
| #define HAVE_INTMAX_T 1
| #define HAVE_POSIX_PRINTF 1
| #define HAVE_ALLOCA_H 1
| #define HAVE_ALLOCA 1
| #define HAVE_STDLIB_H 1
| #define HAVE_UNISTD_H 1
| #define HAVE_SYS_PARAM_H 1
| #define HAVE_GETPAGESIZE 1
| #define HAVE_MMAP 1
| #define INTDIV0_RAISES_SIGFPE 1
| #define HAVE_UNSIGNED_LONG_LONG 1
| #define HAVE_UINTMAX_T 1
| #define HAVE_INTTYPES_H 1
| #define HAVE_STDINT_H 1
| #define HAVE_STDINT_H 1
| #define HAVE_ARGZ_H 1
| #define HAVE_LIMITS_H 1
| #define HAVE_LOCALE_H 1
| #define HAVE_NL_TYPES_H 1
| #define HAVE_MALLOC_H 1
| #define HAVE_STDDEF_H 1
| #define HAVE_STDLIB_H 1
| #define HAVE_STRING_H 1
| #define HAVE_UNISTD_H 1
| #define HAVE_SYS_PARAM_H 1
| #define HAVE_ASPRINTF 1
| #define HAVE_FWPRINTF 1
| #define HAVE_GETCWD 1
| #define HAVE_GETEGID 1
| #define HAVE_GETEUID 1
| #define HAVE_GETGID 1
| #define HAVE_GETUID 1
| #define HAVE_MEMPCPY 1
| #define HAVE_MUNMAP 1
| #define HAVE_PUTENV 1
| #define HAVE_SETENV 1
| #define HAVE_SETLOCALE 1
| #define HAVE_SNPRINTF 1
| #define HAVE_STPCPY 1
| #define HAVE_STRCASECMP 1
| #define HAVE_STRDUP 1
| #define HAVE_STRTOUL 1
| #define HAVE_TSEARCH 1
| #define HAVE_WCSLEN 1
| #define HAVE___ARGZ_COUNT 1
| #define HAVE___ARGZ_STRINGIFY 1
| #define HAVE___ARGZ_NEXT 1
| #define HAVE___FSETLOCKING 1
| #define HAVE_DECL__SNPRINTF 0
| /* end confdefs.h.  */
| #include <stdio.h>
| int
| main ()
| {
| 
| #ifndef _snwprintf
|   char *p = (char *) _snwprintf;
| #endif
| 
|   ;
|   return 0;
| }
configure:7260: result: no
configure:7275: checking whether feof_unlocked is declared
configure:7295: gcc -c -g -O2  conftest.c >&5
configure:7295: $? = 0
configure:7302: result: yes
configure:7316: checking whether fgets_unlocked is declared
configure:7336: gcc -c -g -O2  conftest.c >&5
conftest.c: In function 'main':
conftest.c:84:22: error: 'fgets_unlocked' undeclared (first use in this function)
   char *p = (char *) fgets_unlocked;
                      ^
conftest.c:84:22: note: each undeclared identifier is reported only once for each function it appears in
configure:7336: $? = 1
configure: failed program was:
| /* confdefs.h */
| #define PACKAGE_NAME "nightshade"
| #define PACKAGE_TARNAME "nightshade"
| #define PACKAGE_VERSION "11.12.1"
| #define PACKAGE_STRING "nightshade 11.12.1"
| #define PACKAGE_BUGREPORT "support@nightshadesoftware.org"
| #define PACKAGE_URL ""
| #define PACKAGE "nightshade"
| #define VERSION "11.12.1"
| #define STDC_HEADERS 1
| #define HAVE_SYS_TYPES_H 1
| #define HAVE_SYS_STAT_H 1
| #define HAVE_STDLIB_H 1
| #define HAVE_STRING_H 1
| #define HAVE_MEMORY_H 1
| #define HAVE_STRINGS_H 1
| #define HAVE_INTTYPES_H 1
| #define HAVE_STDINT_H 1
| #define HAVE_UNISTD_H 1
| #define HAVE_LONG_LONG 1
| #define HAVE_LONG_DOUBLE 1
| #define HAVE_WCHAR_T 1
| #define HAVE_WINT_T 1
| #define HAVE_INTTYPES_H_WITH_UINTMAX 1
| #define HAVE_STDINT_H_WITH_UINTMAX 1
| #define HAVE_INTMAX_T 1
| #define HAVE_POSIX_PRINTF 1
| #define HAVE_ALLOCA_H 1
| #define HAVE_ALLOCA 1
| #define HAVE_STDLIB_H 1
| #define HAVE_UNISTD_H 1
| #define HAVE_SYS_PARAM_H 1
| #define HAVE_GETPAGESIZE 1
| #define HAVE_MMAP 1
| #define INTDIV0_RAISES_SIGFPE 1
| #define HAVE_UNSIGNED_LONG_LONG 1
| #define HAVE_UINTMAX_T 1
| #define HAVE_INTTYPES_H 1
| #define HAVE_STDINT_H 1
| #define HAVE_STDINT_H 1
| #define HAVE_ARGZ_H 1
| #define HAVE_LIMITS_H 1
| #define HAVE_LOCALE_H 1
| #define HAVE_NL_TYPES_H 1
| #define HAVE_MALLOC_H 1
| #define HAVE_STDDEF_H 1
| #define HAVE_STDLIB_H 1
| #define HAVE_STRING_H 1
| #define HAVE_UNISTD_H 1
| #define HAVE_SYS_PARAM_H 1
| #define HAVE_ASPRINTF 1
| #define HAVE_FWPRINTF 1
| #define HAVE_GETCWD 1
| #define HAVE_GETEGID 1
| #define HAVE_GETEUID 1
| #define HAVE_GETGID 1
| #define HAVE_GETUID 1
| #define HAVE_MEMPCPY 1
| #define HAVE_MUNMAP 1
| #define HAVE_PUTENV 1
| #define HAVE_SETENV 1
| #define HAVE_SETLOCALE 1
| #define HAVE_SNPRINTF 1
| #define HAVE_STPCPY 1
| #define HAVE_STRCASECMP 1
| #define HAVE_STRDUP 1
| #define HAVE_STRTOUL 1
| #define HAVE_TSEARCH 1
| #define HAVE_WCSLEN 1
| #define HAVE___ARGZ_COUNT 1
| #define HAVE___ARGZ_STRINGIFY 1
| #define HAVE___ARGZ_NEXT 1
| #define HAVE___FSETLOCKING 1
| #define HAVE_DECL__SNPRINTF 0
| #define HAVE_DECL__SNWPRINTF 0
| #define HAVE_DECL_FEOF_UNLOCKED 1
| /* end confdefs.h.  */
| #include <stdio.h>
| int
| main ()
| {
| 
| #ifndef fgets_unlocked
|   char *p = (char *) fgets_unlocked;
| #endif
| 
|   ;
|   return 0;
| }
configure:7343: result: no
configure:7357: checking whether getc_unlocked is declared
configure:7377: gcc -c -g -O2  conftest.c >&5
configure:7377: $? = 0
configure:7384: result: yes
configure:7452: checking for iconv
configure:7474: gcc -o conftest -g -O2   conftest.c  >&5
configure:7474: $? = 0
configure:7506: result: yes
configure:7527: checking for iconv declaration
configure:7556: gcc -c -g -O2  conftest.c >&5
configure:7556: $? = 0
configure:7567: result: 
         extern size_t iconv (iconv_t cd, char * *inbuf, size_t *inbytesleft, char * *outbuf, size_t *outbytesleft);
configure:7578: checking for nl_langinfo and CODESET
configure:7594: gcc -o conftest -g -O2   conftest.c  >&5
configure:7594: $? = 0
configure:7603: result: yes
configure:7613: checking for LC_MESSAGES
configure:7629: gcc -o conftest -g -O2   conftest.c  >&5
configure:7629: $? = 0
configure:7637: result: yes
configure:7651: checking for bison
configure:7681: result: no
configure:7723: checking whether NLS is requested
configure:7732: result: yes
configure:7748: checking whether included gettext is requested
configure:7758: result: no
configure:7769: checking for GNU gettext in libc
configure:7788: gcc -o conftest -g -O2   conftest.c  >&5
conftest.c: In function 'main':
conftest.c:91:8: warning: cast from pointer to integer of different size [-Wpointer-to-int-cast]
 return (int) gettext ("") + _nl_msg_cat_cntr + *_nl_domain_bindings
        ^
configure:7788: $? = 0
configure:7796: result: yes
configure:8290: checking whether to use NLS
configure:8292: result: yes
configure:8295: checking where the gettext function comes from
configure:8306: result: libc
configure:8440: checking for gcc
configure:8467: result: gcc
configure:8696: checking for C compiler version
configure:8705: gcc --version >&5
gcc (Ubuntu/Linaro 4.8.1-10ubuntu9) 4.8.1
Copyright (C) 2013 Free Software Foundation, Inc.
This is free software; see the source for copying conditions.  There is NO
warranty; not even for MERCHANTABILITY or FITNESS FOR A PARTICULAR PURPOSE.

configure:8716: $? = 0
configure:8705: gcc -v >&5
Using built-in specs.
COLLECT_GCC=gcc
COLLECT_LTO_WRAPPER=/usr/lib/gcc/x86_64-linux-gnu/4.8/lto-wrapper
Target: x86_64-linux-gnu
Configured with: ../src/configure -v --with-pkgversion='Ubuntu/Linaro 4.8.1-10ubuntu9' --with-bugurl=file:///usr/share/doc/gcc-4.8/README.Bugs --enable-languages=c,c++,java,go,d,fortran,objc,obj-c++ --prefix=/usr --program-suffix=-4.8 --enable-shared --enable-linker-build-id --libexecdir=/usr/lib --without-included-gettext --enable-threads=posix --with-gxx-include-dir=/usr/include/c++/4.8 --libdir=/usr/lib --enable-nls --with-sysroot=/ --enable-clocale=gnu --enable-libstdcxx-debug --enable-libstdcxx-time=yes --enable-gnu-unique-object --enable-plugin --with-system-zlib --disable-browser-plugin --enable-java-awt=gtk --enable-gtk-cairo --with-java-home=/usr/lib/jvm/java-1.5.0-gcj-4.8-amd64/jre --enable-java-home --with-jvm-root-dir=/usr/lib/jvm/java-1.5.0-gcj-4.8-amd64 --with-jvm-jar-dir=/usr/lib/jvm-exports/java-1.5.0-gcj-4.8-amd64 --with-arch-directory=amd64 --with-ecj-jar=/usr/share/java/eclipse-ecj.jar --enable-objc-gc --enable-multiarch --disable-werror --with-arch-32=i686 --with-abi=m64 --with-multilib-list=m32,m64,mx32 --with-tune=generic --enable-checking=release --build=x86_64-linux-gnu --host=x86_64-linux-gnu --target=x86_64-linux-gnu
Thread model: posix
gcc version 4.8.1 (Ubuntu/Linaro 4.8.1-10ubuntu9) 
configure:8716: $? = 0
configure:8705: gcc -V >&5
gcc: error: unrecognized command line option '-V'
gcc: fatal error: no input files
compilation terminated.
configure:8716: $? = 4
configure:8705: gcc -qversion >&5
gcc: error: unrecognized command line option '-qversion'
gcc: fatal error: no input files
compilation terminated.
configure:8716: $? = 4
configure:8720: checking whether we are using the GNU C compiler
configure:8748: result: yes
configure:8757: checking whether gcc accepts -g
configure:8818: result: yes
configure:8835: checking for gcc option to accept ISO C89
configure:8911: result: none needed
configure:8933: checking dependency style of gcc
configure:9044: result: gcc3
configure:9117: checking for g++
configure:9133: found /usr/bin/g++
configure:9144: result: g++
configure:9171: checking for C++ compiler version
configure:9180: g++ --version >&5
g++ (Ubuntu/Linaro 4.8.1-10ubuntu9) 4.8.1
Copyright (C) 2013 Free Software Foundation, Inc.
This is free software; see the source for copying conditions.  There is NO
warranty; not even for MERCHANTABILITY or FITNESS FOR A PARTICULAR PURPOSE.

configure:9191: $? = 0
configure:9180: g++ -v >&5
Using built-in specs.
COLLECT_GCC=g++
COLLECT_LTO_WRAPPER=/usr/lib/gcc/x86_64-linux-gnu/4.8/lto-wrapper
Target: x86_64-linux-gnu
Configured with: ../src/configure -v --with-pkgversion='Ubuntu/Linaro 4.8.1-10ubuntu9' --with-bugurl=file:///usr/share/doc/gcc-4.8/README.Bugs --enable-languages=c,c++,java,go,d,fortran,objc,obj-c++ --prefix=/usr --program-suffix=-4.8 --enable-shared --enable-linker-build-id --libexecdir=/usr/lib --without-included-gettext --enable-threads=posix --with-gxx-include-dir=/usr/include/c++/4.8 --libdir=/usr/lib --enable-nls --with-sysroot=/ --enable-clocale=gnu --enable-libstdcxx-debug --enable-libstdcxx-time=yes --enable-gnu-unique-object --enable-plugin --with-system-zlib --disable-browser-plugin --enable-java-awt=gtk --enable-gtk-cairo --with-java-home=/usr/lib/jvm/java-1.5.0-gcj-4.8-amd64/jre --enable-java-home --with-jvm-root-dir=/usr/lib/jvm/java-1.5.0-gcj-4.8-amd64 --with-jvm-jar-dir=/usr/lib/jvm-exports/java-1.5.0-gcj-4.8-amd64 --with-arch-directory=amd64 --with-ecj-jar=/usr/share/java/eclipse-ecj.jar --enable-objc-gc --enable-multiarch --disable-werror --with-arch-32=i686 --with-abi=m64 --with-multilib-list=m32,m64,mx32 --with-tune=generic --enable-checking=release --build=x86_64-linux-gnu --host=x86_64-linux-gnu --target=x86_64-linux-gnu
Thread model: posix
gcc version 4.8.1 (Ubuntu/Linaro 4.8.1-10ubuntu9) 
configure:9191: $? = 0
configure:9180: g++ -V >&5
g++: error: unrecognized command line option '-V'
g++: fatal error: no input files
compilation terminated.
configure:9191: $? = 4
configure:9180: g++ -qversion >&5
g++: error: unrecognized command line option '-qversion'
g++: fatal error: no input files
compilation terminated.
configure:9191: $? = 4
configure:9195: checking whether we are using the GNU C++ compiler
configure:9214: g++ -c   conftest.cpp >&5
configure:9214: $? = 0
configure:9223: result: yes
configure:9232: checking whether g++ accepts -g
configure:9252: g++ -c -g  conftest.cpp >&5
configure:9252: $? = 0
configure:9293: result: yes
configure:9318: checking dependency style of g++
configure:9429: result: gcc3
configure:9449: checking for strerror in -lcposix
configure:9483: result: no
configure:9516: checking for a sed that does not truncate output
configure:9580: result: /bin/sed
configure:9598: checking for fgrep
configure:9660: result: /bin/grep -F
configure:9695: checking for ld used by gcc
configure:9762: result: /usr/bin/ld
configure:9769: checking if the linker (/usr/bin/ld) is GNU ld
configure:9784: result: yes
configure:9796: checking for BSD- or MS-compatible name lister (nm)
configure:9845: result: /usr/bin/nm -B
configure:9963: checking the name lister (/usr/bin/nm -B) interface
configure:9970: gcc -c -g -O2 -Wall  conftest.c >&5
configure:9973: /usr/bin/nm -B "conftest.o"
configure:9976: output
0000000000000000 B some_variable
configure:9983: result: BSD nm
configure:9986: checking whether ln -s works
configure:9990: result: yes
configure:9998: checking the maximum length of command line arguments
configure:10118: result: 1572864
configure:10135: checking whether the shell understands some XSI constructs
configure:10145: result: yes
configure:10149: checking whether the shell understands "+="
configure:10155: result: yes
configure:10190: checking for /usr/bin/ld option to reload object files
configure:10197: result: -r
configure:10266: checking for objdump
configure:10282: found /usr/bin/objdump
configure:10293: result: objdump
configure:10325: checking how to recognize dependent libraries
configure:10521: result: pass_all
configure:10581: checking for ar
configure:10597: found /usr/bin/ar
configure:10608: result: ar
configure:10686: checking for strip
configure:10702: found /usr/bin/strip
configure:10713: result: strip
configure:10785: checking for ranlib
configure:10812: result: ranlib
configure:10902: checking command to parse /usr/bin/nm -B output from gcc object
configure:11020: gcc -c -g -O2 -Wall  conftest.c >&5
configure:11023: $? = 0
configure:11027: /usr/bin/nm -B conftest.o \| sed -n -e 's/^.*[	 ]\([ABCDGIRSTW][ABCDGIRSTW]*\)[	 ][	 ]*\([_A-Za-z][_A-Za-z0-9]*\)$/\1 \2 \2/p' \> conftest.nm
configure:11030: $? = 0
configure:11084: gcc -o conftest -g -O2 -Wall   conftest.c conftstm.o >&5
configure:11087: $? = 0
configure:11125: result: ok
configure:11220: gcc -c -g -O2 -Wall  conftest.c >&5
configure:11223: $? = 0
configure:11930: checking for dlfcn.h
configure:11930: gcc -c -g -O2 -Wall  conftest.c >&5
configure:11930: $? = 0
configure:11930: result: yes
configure:12055: checking for C++ compiler version
configure:12064: g++ --version >&5
g++ (Ubuntu/Linaro 4.8.1-10ubuntu9) 4.8.1
Copyright (C) 2013 Free Software Foundation, Inc.
This is free software; see the source for copying conditions.  There is NO
warranty; not even for MERCHANTABILITY or FITNESS FOR A PARTICULAR PURPOSE.

configure:12075: $? = 0
configure:12064: g++ -v >&5
Using built-in specs.
COLLECT_GCC=g++
COLLECT_LTO_WRAPPER=/usr/lib/gcc/x86_64-linux-gnu/4.8/lto-wrapper
Target: x86_64-linux-gnu
Configured with: ../src/configure -v --with-pkgversion='Ubuntu/Linaro 4.8.1-10ubuntu9' --with-bugurl=file:///usr/share/doc/gcc-4.8/README.Bugs --enable-languages=c,c++,java,go,d,fortran,objc,obj-c++ --prefix=/usr --program-suffix=-4.8 --enable-shared --enable-linker-build-id --libexecdir=/usr/lib --without-included-gettext --enable-threads=posix --with-gxx-include-dir=/usr/include/c++/4.8 --libdir=/usr/lib --enable-nls --with-sysroot=/ --enable-clocale=gnu --enable-libstdcxx-debug --enable-libstdcxx-time=yes --enable-gnu-unique-object --enable-plugin --with-system-zlib --disable-browser-plugin --enable-java-awt=gtk --enable-gtk-cairo --with-java-home=/usr/lib/jvm/java-1.5.0-gcj-4.8-amd64/jre --enable-java-home --with-jvm-root-dir=/usr/lib/jvm/java-1.5.0-gcj-4.8-amd64 --with-jvm-jar-dir=/usr/lib/jvm-exports/java-1.5.0-gcj-4.8-amd64 --with-arch-directory=amd64 --with-ecj-jar=/usr/share/java/eclipse-ecj.jar --enable-objc-gc --enable-multiarch --disable-werror --with-arch-32=i686 --with-abi=m64 --with-multilib-list=m32,m64,mx32 --with-tune=generic --enable-checking=release --build=x86_64-linux-gnu --host=x86_64-linux-gnu --target=x86_64-linux-gnu
Thread model: posix
gcc version 4.8.1 (Ubuntu/Linaro 4.8.1-10ubuntu9) 
configure:12075: $? = 0
configure:12064: g++ -V >&5
g++: error: unrecognized command line option '-V'
g++: fatal error: no input files
compilation terminated.
configure:12075: $? = 4
configure:12064: g++ -qversion >&5
g++: error: unrecognized command line option '-qversion'
g++: fatal error: no input files
compilation terminated.
configure:12075: $? = 4
configure:12079: checking whether we are using the GNU C++ compiler
configure:12107: result: yes
configure:12116: checking whether g++ accepts -g
configure:12177: result: yes
configure:12202: checking dependency style of g++
configure:12313: result: gcc3
configure:12336: checking how to run the C++ preprocessor
configure:12363: g++ -E  conftest.cpp
configure:12363: $? = 0
configure:12377: g++ -E  conftest.cpp
conftest.cpp:88:28: fatal error: ac_nonexistent.h: No such file or directory
 #include <ac_nonexistent.h>
                            ^
compilation terminated.
configure:12377: $? = 1
configure: failed program was:
| /* confdefs.h */
| #define PACKAGE_NAME "nightshade"
| #define PACKAGE_TARNAME "nightshade"
| #define PACKAGE_VERSION "11.12.1"
| #define PACKAGE_STRING "nightshade 11.12.1"
| #define PACKAGE_BUGREPORT "support@nightshadesoftware.org"
| #define PACKAGE_URL ""
| #define PACKAGE "nightshade"
| #define VERSION "11.12.1"
| #define STDC_HEADERS 1
| #define HAVE_SYS_TYPES_H 1
| #define HAVE_SYS_STAT_H 1
| #define HAVE_STDLIB_H 1
| #define HAVE_STRING_H 1
| #define HAVE_MEMORY_H 1
| #define HAVE_STRINGS_H 1
| #define HAVE_INTTYPES_H 1
| #define HAVE_STDINT_H 1
| #define HAVE_UNISTD_H 1
| #define HAVE_LONG_LONG 1
| #define HAVE_LONG_DOUBLE 1
| #define HAVE_WCHAR_T 1
| #define HAVE_WINT_T 1
| #define HAVE_INTTYPES_H_WITH_UINTMAX 1
| #define HAVE_STDINT_H_WITH_UINTMAX 1
| #define HAVE_INTMAX_T 1
| #define HAVE_POSIX_PRINTF 1
| #define HAVE_ALLOCA_H 1
| #define HAVE_ALLOCA 1
| #define HAVE_STDLIB_H 1
| #define HAVE_UNISTD_H 1
| #define HAVE_SYS_PARAM_H 1
| #define HAVE_GETPAGESIZE 1
| #define HAVE_MMAP 1
| #define INTDIV0_RAISES_SIGFPE 1
| #define HAVE_UNSIGNED_LONG_LONG 1
| #define HAVE_UINTMAX_T 1
| #define HAVE_INTTYPES_H 1
| #define HAVE_STDINT_H 1
| #define HAVE_STDINT_H 1
| #define HAVE_ARGZ_H 1
| #define HAVE_LIMITS_H 1
| #define HAVE_LOCALE_H 1
| #define HAVE_NL_TYPES_H 1
| #define HAVE_MALLOC_H 1
| #define HAVE_STDDEF_H 1
| #define HAVE_STDLIB_H 1
| #define HAVE_STRING_H 1
| #define HAVE_UNISTD_H 1
| #define HAVE_SYS_PARAM_H 1
| #define HAVE_ASPRINTF 1
| #define HAVE_FWPRINTF 1
| #define HAVE_GETCWD 1
| #define HAVE_GETEGID 1
| #define HAVE_GETEUID 1
| #define HAVE_GETGID 1
| #define HAVE_GETUID 1
| #define HAVE_MEMPCPY 1
| #define HAVE_MUNMAP 1
| #define HAVE_PUTENV 1
| #define HAVE_SETENV 1
| #define HAVE_SETLOCALE 1
| #define HAVE_SNPRINTF 1
| #define HAVE_STPCPY 1
| #define HAVE_STRCASECMP 1
| #define HAVE_STRDUP 1
| #define HAVE_STRTOUL 1
| #define HAVE_TSEARCH 1
| #define HAVE_WCSLEN 1
| #define HAVE___ARGZ_COUNT 1
| #define HAVE___ARGZ_STRINGIFY 1
| #define HAVE___ARGZ_NEXT 1
| #define HAVE___FSETLOCKING 1
| #define HAVE_DECL__SNPRINTF 0
| #define HAVE_DECL__SNWPRINTF 0
| #define HAVE_DECL_FEOF_UNLOCKED 1
| #define HAVE_DECL_FGETS_UNLOCKED 0
| #define HAVE_DECL_GETC_UNLOCKED 1
| #define HAVE_ICONV 1
| #define ICONV_CONST 
| #define HAVE_LANGINFO_CODESET 1
| #define HAVE_LC_MESSAGES 1
| #define ENABLE_NLS 1
| #define HAVE_GETTEXT 1
| #define HAVE_DCGETTEXT 1
| #define HAVE_DLFCN_H 1
| /* end confdefs.h.  */
| #include <ac_nonexistent.h>
configure:12402: result: g++ -E
configure:12422: g++ -E  conftest.cpp
configure:12422: $? = 0
configure:12436: g++ -E  conftest.cpp
conftest.cpp:88:28: fatal error: ac_nonexistent.h: No such file or directory
 #include <ac_nonexistent.h>
                            ^
compilation terminated.
configure:12436: $? = 1
configure: failed program was:
| /* confdefs.h */
| #define PACKAGE_NAME "nightshade"
| #define PACKAGE_TARNAME "nightshade"
| #define PACKAGE_VERSION "11.12.1"
| #define PACKAGE_STRING "nightshade 11.12.1"
| #define PACKAGE_BUGREPORT "support@nightshadesoftware.org"
| #define PACKAGE_URL ""
| #define PACKAGE "nightshade"
| #define VERSION "11.12.1"
| #define STDC_HEADERS 1
| #define HAVE_SYS_TYPES_H 1
| #define HAVE_SYS_STAT_H 1
| #define HAVE_STDLIB_H 1
| #define HAVE_STRING_H 1
| #define HAVE_MEMORY_H 1
| #define HAVE_STRINGS_H 1
| #define HAVE_INTTYPES_H 1
| #define HAVE_STDINT_H 1
| #define HAVE_UNISTD_H 1
| #define HAVE_LONG_LONG 1
| #define HAVE_LONG_DOUBLE 1
| #define HAVE_WCHAR_T 1
| #define HAVE_WINT_T 1
| #define HAVE_INTTYPES_H_WITH_UINTMAX 1
| #define HAVE_STDINT_H_WITH_UINTMAX 1
| #define HAVE_INTMAX_T 1
| #define HAVE_POSIX_PRINTF 1
| #define HAVE_ALLOCA_H 1
| #define HAVE_ALLOCA 1
| #define HAVE_STDLIB_H 1
| #define HAVE_UNISTD_H 1
| #define HAVE_SYS_PARAM_H 1
| #define HAVE_GETPAGESIZE 1
| #define HAVE_MMAP 1
| #define INTDIV0_RAISES_SIGFPE 1
| #define HAVE_UNSIGNED_LONG_LONG 1
| #define HAVE_UINTMAX_T 1
| #define HAVE_INTTYPES_H 1
| #define HAVE_STDINT_H 1
| #define HAVE_STDINT_H 1
| #define HAVE_ARGZ_H 1
| #define HAVE_LIMITS_H 1
| #define HAVE_LOCALE_H 1
| #define HAVE_NL_TYPES_H 1
| #define HAVE_MALLOC_H 1
| #define HAVE_STDDEF_H 1
| #define HAVE_STDLIB_H 1
| #define HAVE_STRING_H 1
| #define HAVE_UNISTD_H 1
| #define HAVE_SYS_PARAM_H 1
| #define HAVE_ASPRINTF 1
| #define HAVE_FWPRINTF 1
| #define HAVE_GETCWD 1
| #define HAVE_GETEGID 1
| #define HAVE_GETEUID 1
| #define HAVE_GETGID 1
| #define HAVE_GETUID 1
| #define HAVE_MEMPCPY 1
| #define HAVE_MUNMAP 1
| #define HAVE_PUTENV 1
| #define HAVE_SETENV 1
| #define HAVE_SETLOCALE 1
| #define HAVE_SNPRINTF 1
| #define HAVE_STPCPY 1
| #define HAVE_STRCASECMP 1
| #define HAVE_STRDUP 1
| #define HAVE_STRTOUL 1
| #define HAVE_TSEARCH 1
| #define HAVE_WCSLEN 1
| #define HAVE___ARGZ_COUNT 1
| #define HAVE___ARGZ_STRINGIFY 1
| #define HAVE___ARGZ_NEXT 1
| #define HAVE___FSETLOCKING 1
| #define HAVE_DECL__SNPRINTF 0
| #define HAVE_DECL__SNWPRINTF 0
| #define HAVE_DECL_FEOF_UNLOCKED 1
| #define HAVE_DECL_FGETS_UNLOCKED 0
| #define HAVE_DECL_GETC_UNLOCKED 1
| #define HAVE_ICONV 1
| #define ICONV_CONST 
| #define HAVE_LANGINFO_CODESET 1
| #define HAVE_LC_MESSAGES 1
| #define ENABLE_NLS 1
| #define HAVE_GETTEXT 1
| #define HAVE_DCGETTEXT 1
| #define HAVE_DLFCN_H 1
| /* end confdefs.h.  */
| #include <ac_nonexistent.h>
configure:12642: checking for objdir
configure:12657: result: .libs
configure:12953: checking if gcc supports -fno-rtti -fno-exceptions
configure:12971: gcc -c -g -O2 -Wall  -fno-rtti -fno-exceptions conftest.c >&5
cc1: warning: command line option '-fno-rtti' is valid for C++/ObjC++ but not for C [enabled by default]
configure:12975: $? = 0
configure:12988: result: no
configure:13008: checking for gcc option to produce PIC
configure:13280: result: -fPIC -DPIC
configure:13292: checking if gcc PIC flag -fPIC -DPIC works
configure:13310: gcc -c -g -O2 -Wall  -fPIC -DPIC -DPIC conftest.c >&5
configure:13314: $? = 0
configure:13327: result: yes
configure:13351: checking if gcc static flag -static works
configure:13379: result: yes
configure:13394: checking if gcc supports -c -o file.o
configure:13415: gcc -c -g -O2 -Wall  -o out/conftest2.o conftest.c >&5
configure:13419: $? = 0
configure:13441: result: yes
configure:13449: checking if gcc supports -c -o file.o
configure:13496: result: yes
configure:13529: checking whether the gcc linker (/usr/bin/ld -m elf_x86_64) supports shared libraries
configure:14515: result: yes
configure:14552: checking whether -lc should be explicitly linked in
configure:14557: gcc -c -g -O2 -Wall  conftest.c >&5
configure:14560: $? = 0
configure:14575: gcc -shared conftest.o  -v -Wl,-soname -Wl,conftest -o conftest 2\>\&1 \| /bin/grep  -lc  \>/dev/null 2\>\&1
configure:14578: $? = 0
configure:14590: result: no
configure:14754: checking dynamic linker characteristics
configure:15187: gcc -o conftest -g -O2 -Wall   -Wl,-rpath -Wl,/foo conftest.c  >&5
configure:15187: $? = 0
configure:15408: result: GNU/Linux ld.so
configure:15510: checking how to hardcode library paths into programs
configure:15535: result: immediate
configure:16055: checking whether stripping libraries is possible
configure:16060: result: yes
configure:16095: checking if libtool supports shared libraries
configure:16097: result: yes
configure:16100: checking whether to build shared libraries
configure:16121: result: yes
configure:16124: checking whether to build static libraries
configure:16128: result: yes
configure:16278: checking for ld used by g++
configure:16345: result: /usr/bin/ld -m elf_x86_64
configure:16352: checking if the linker (/usr/bin/ld -m elf_x86_64) is GNU ld
configure:16367: result: yes
configure:16422: checking whether the g++ linker (/usr/bin/ld -m elf_x86_64) supports shared libraries
configure:17335: result: yes
configure:17363: g++ -c -g -O2 -Wall -fpermissive  conftest.cpp >&5
configure:17366: $? = 0
configure:17548: checking for g++ option to produce PIC
configure:17865: result: -fPIC -DPIC
configure:17874: checking if g++ PIC flag -fPIC -DPIC works
configure:17892: g++ -c -g -O2 -Wall -fpermissive  -fPIC -DPIC -DPIC conftest.cpp >&5
configure:17896: $? = 0
configure:17909: result: yes
configure:17930: checking if g++ static flag -static works
configure:17958: result: yes
configure:17970: checking if g++ supports -c -o file.o
configure:17991: g++ -c -g -O2 -Wall -fpermissive  -o out/conftest2.o conftest.cpp >&5
configure:17995: $? = 0
configure:18017: result: yes
configure:18022: checking if g++ supports -c -o file.o
configure:18069: result: yes
configure:18099: checking whether the g++ linker (/usr/bin/ld -m elf_x86_64) supports shared libraries
configure:18125: result: yes
configure:18262: checking dynamic linker characteristics
configure:18643: g++ -o conftest -g -O2 -Wall -fpermissive   -Wl,-rpath -Wl,/foo conftest.cpp  >&5
configure:18643: $? = 0
configure:18864: result: GNU/Linux ld.so
configure:18915: checking how to hardcode library paths into programs
configure:18940: result: immediate
configure:19002: checking for fabs in -lm
configure:19027: gcc -o conftest -g -O2 -Wall   conftest.c -lm   >&5
conftest.c:96:6: warning: conflicting types for built-in function 'fabs' [enabled by default]
 char fabs ();
      ^
configure:19027: $? = 0
configure:19036: result: yes
configure:19045: checking for shm_open in -lrt
configure:19070: gcc -o conftest -g -O2 -Wall   conftest.c -lrt   -lm >&5
configure:19070: $? = 0
configure:19079: result: yes
configure: this is boost.m4 serial 16
configure:19114: checking for Boost headers version >= 1.42.0
configure:19185: g++ -c -g -O2 -Wall -fpermissive  conftest.cpp >&5
configure:19185: $? = 0
configure:19206: result: yes
configure:19225: checking for Boost's header version
configure:19243: result: 1_42
configure:19255: checking for the toolset name used by Boost for g++
configure:19328: g++ -c -g -O2 -Wall -fpermissive  conftest.cpp >&5
conftest.cpp:94:3: error: #error defined __GNUC__ && __GNUC__ == 4 && __GNUC_MINOR__ == 6 && !defined __ICC
 # error defined __GNUC__ && __GNUC__ == 4 && __GNUC_MINOR__ == 6 && !defined __ICC
   ^
configure:19328: $? = 1
configure: failed program was:
| /* confdefs.h */
| #define PACKAGE_NAME "nightshade"
| #define PACKAGE_TARNAME "nightshade"
| #define PACKAGE_VERSION "11.12.1"
| #define PACKAGE_STRING "nightshade 11.12.1"
| #define PACKAGE_BUGREPORT "support@nightshadesoftware.org"
| #define PACKAGE_URL ""
| #define PACKAGE "nightshade"
| #define VERSION "11.12.1"
| #define STDC_HEADERS 1
| #define HAVE_SYS_TYPES_H 1
| #define HAVE_SYS_STAT_H 1
| #define HAVE_STDLIB_H 1
| #define HAVE_STRING_H 1
| #define HAVE_MEMORY_H 1
| #define HAVE_STRINGS_H 1
| #define HAVE_INTTYPES_H 1
| #define HAVE_STDINT_H 1
| #define HAVE_UNISTD_H 1
| #define HAVE_LONG_LONG 1
| #define HAVE_LONG_DOUBLE 1
| #define HAVE_WCHAR_T 1
| #define HAVE_WINT_T 1
| #define HAVE_INTTYPES_H_WITH_UINTMAX 1
| #define HAVE_STDINT_H_WITH_UINTMAX 1
| #define HAVE_INTMAX_T 1
| #define HAVE_POSIX_PRINTF 1
| #define HAVE_ALLOCA_H 1
| #define HAVE_ALLOCA 1
| #define HAVE_STDLIB_H 1
| #define HAVE_UNISTD_H 1
| #define HAVE_SYS_PARAM_H 1
| #define HAVE_GETPAGESIZE 1
| #define HAVE_MMAP 1
| #define INTDIV0_RAISES_SIGFPE 1
| #define HAVE_UNSIGNED_LONG_LONG 1
| #define HAVE_UINTMAX_T 1
| #define HAVE_INTTYPES_H 1
| #define HAVE_STDINT_H 1
| #define HAVE_STDINT_H 1
| #define HAVE_ARGZ_H 1
| #define HAVE_LIMITS_H 1
| #define HAVE_LOCALE_H 1
| #define HAVE_NL_TYPES_H 1
| #define HAVE_MALLOC_H 1
| #define HAVE_STDDEF_H 1
| #define HAVE_STDLIB_H 1
| #define HAVE_STRING_H 1
| #define HAVE_UNISTD_H 1
| #define HAVE_SYS_PARAM_H 1
| #define HAVE_ASPRINTF 1
| #define HAVE_FWPRINTF 1
| #define HAVE_GETCWD 1
| #define HAVE_GETEGID 1
| #define HAVE_GETEUID 1
| #define HAVE_GETGID 1
| #define HAVE_GETUID 1
| #define HAVE_MEMPCPY 1
| #define HAVE_MUNMAP 1
| #define HAVE_PUTENV 1
| #define HAVE_SETENV 1
| #define HAVE_SETLOCALE 1
| #define HAVE_SNPRINTF 1
| #define HAVE_STPCPY 1
| #define HAVE_STRCASECMP 1
| #define HAVE_STRDUP 1
| #define HAVE_STRTOUL 1
| #define HAVE_TSEARCH 1
| #define HAVE_WCSLEN 1
| #define HAVE___ARGZ_COUNT 1
| #define HAVE___ARGZ_STRINGIFY 1
| #define HAVE___ARGZ_NEXT 1
| #define HAVE___FSETLOCKING 1
| #define HAVE_DECL__SNPRINTF 0
| #define HAVE_DECL__SNWPRINTF 0
| #define HAVE_DECL_FEOF_UNLOCKED 1
| #define HAVE_DECL_FGETS_UNLOCKED 0
| #define HAVE_DECL_GETC_UNLOCKED 1
| #define HAVE_ICONV 1
| #define ICONV_CONST 
| #define HAVE_LANGINFO_CODESET 1
| #define HAVE_LC_MESSAGES 1
| #define ENABLE_NLS 1
| #define HAVE_GETTEXT 1
| #define HAVE_DCGETTEXT 1
| #define HAVE_DLFCN_H 1
| #define LT_OBJDIR ".libs/"
| #define HAVE_BOOST 1
| /* end confdefs.h.  */
| 
| #if defined __GNUC__ && __GNUC__ == 4 && __GNUC_MINOR__ == 6 && !defined __ICC
| /* OK */
| #else
| # error defined __GNUC__ && __GNUC__ == 4 && __GNUC_MINOR__ == 6 && !defined __ICC
| #endif
| 
| int
| main ()
| {
| 
|   ;
|   return 0;
| }
configure:19328: g++ -c -g -O2 -Wall -fpermissive  conftest.cpp >&5
conftest.cpp:94:3: error: #error defined __GNUC__ && __GNUC__ == 4 && __GNUC_MINOR__ == 5 && !defined __ICC
 # error defined __GNUC__ && __GNUC__ == 4 && __GNUC_MINOR__ == 5 && !defined __ICC
   ^
configure:19328: $? = 1
configure: failed program was:
| /* confdefs.h */
| #define PACKAGE_NAME "nightshade"
| #define PACKAGE_TARNAME "nightshade"
| #define PACKAGE_VERSION "11.12.1"
| #define PACKAGE_STRING "nightshade 11.12.1"
| #define PACKAGE_BUGREPORT "support@nightshadesoftware.org"
| #define PACKAGE_URL ""
| #define PACKAGE "nightshade"
| #define VERSION "11.12.1"
| #define STDC_HEADERS 1
| #define HAVE_SYS_TYPES_H 1
| #define HAVE_SYS_STAT_H 1
| #define HAVE_STDLIB_H 1
| #define HAVE_STRING_H 1
| #define HAVE_MEMORY_H 1
| #define HAVE_STRINGS_H 1
| #define HAVE_INTTYPES_H 1
| #define HAVE_STDINT_H 1
| #define HAVE_UNISTD_H 1
| #define HAVE_LONG_LONG 1
| #define HAVE_LONG_DOUBLE 1
| #define HAVE_WCHAR_T 1
| #define HAVE_WINT_T 1
| #define HAVE_INTTYPES_H_WITH_UINTMAX 1
| #define HAVE_STDINT_H_WITH_UINTMAX 1
| #define HAVE_INTMAX_T 1
| #define HAVE_POSIX_PRINTF 1
| #define HAVE_ALLOCA_H 1
| #define HAVE_ALLOCA 1
| #define HAVE_STDLIB_H 1
| #define HAVE_UNISTD_H 1
| #define HAVE_SYS_PARAM_H 1
| #define HAVE_GETPAGESIZE 1
| #define HAVE_MMAP 1
| #define INTDIV0_RAISES_SIGFPE 1
| #define HAVE_UNSIGNED_LONG_LONG 1
| #define HAVE_UINTMAX_T 1
| #define HAVE_INTTYPES_H 1
| #define HAVE_STDINT_H 1
| #define HAVE_STDINT_H 1
| #define HAVE_ARGZ_H 1
| #define HAVE_LIMITS_H 1
| #define HAVE_LOCALE_H 1
| #define HAVE_NL_TYPES_H 1
| #define HAVE_MALLOC_H 1
| #define HAVE_STDDEF_H 1
| #define HAVE_STDLIB_H 1
| #define HAVE_STRING_H 1
| #define HAVE_UNISTD_H 1
| #define HAVE_SYS_PARAM_H 1
| #define HAVE_ASPRINTF 1
| #define HAVE_FWPRINTF 1
| #define HAVE_GETCWD 1
| #define HAVE_GETEGID 1
| #define HAVE_GETEUID 1
| #define HAVE_GETGID 1
| #define HAVE_GETUID 1
| #define HAVE_MEMPCPY 1
| #define HAVE_MUNMAP 1
| #define HAVE_PUTENV 1
| #define HAVE_SETENV 1
| #define HAVE_SETLOCALE 1
| #define HAVE_SNPRINTF 1
| #define HAVE_STPCPY 1
| #define HAVE_STRCASECMP 1
| #define HAVE_STRDUP 1
| #define HAVE_STRTOUL 1
| #define HAVE_TSEARCH 1
| #define HAVE_WCSLEN 1
| #define HAVE___ARGZ_COUNT 1
| #define HAVE___ARGZ_STRINGIFY 1
| #define HAVE___ARGZ_NEXT 1
| #define HAVE___FSETLOCKING 1
| #define HAVE_DECL__SNPRINTF 0
| #define HAVE_DECL__SNWPRINTF 0
| #define HAVE_DECL_FEOF_UNLOCKED 1
| #define HAVE_DECL_FGETS_UNLOCKED 0
| #define HAVE_DECL_GETC_UNLOCKED 1
| #define HAVE_ICONV 1
| #define ICONV_CONST 
| #define HAVE_LANGINFO_CODESET 1
| #define HAVE_LC_MESSAGES 1
| #define ENABLE_NLS 1
| #define HAVE_GETTEXT 1
| #define HAVE_DCGETTEXT 1
| #define HAVE_DLFCN_H 1
| #define LT_OBJDIR ".libs/"
| #define HAVE_BOOST 1
| /* end confdefs.h.  */
| 
| #if defined __GNUC__ && __GNUC__ == 4 && __GNUC_MINOR__ == 5 && !defined __ICC
| /* OK */
| #else
| # error defined __GNUC__ && __GNUC__ == 4 && __GNUC_MINOR__ == 5 && !defined __ICC
| #endif
| 
| int
| main ()
| {
| 
|   ;
|   return 0;
| }
configure:19328: g++ -c -g -O2 -Wall -fpermissive  conftest.cpp >&5
conftest.cpp:94:3: error: #error defined __GNUC__ && __GNUC__ == 4 && __GNUC_MINOR__ == 4 && !defined __ICC
 # error defined __GNUC__ && __GNUC__ == 4 && __GNUC_MINOR__ == 4 && !defined __ICC
   ^
configure:19328: $? = 1
configure: failed program was:
| /* confdefs.h */
| #define PACKAGE_NAME "nightshade"
| #define PACKAGE_TARNAME "nightshade"
| #define PACKAGE_VERSION "11.12.1"
| #define PACKAGE_STRING "nightshade 11.12.1"
| #define PACKAGE_BUGREPORT "support@nightshadesoftware.org"
| #define PACKAGE_URL ""
| #define PACKAGE "nightshade"
| #define VERSION "11.12.1"
| #define STDC_HEADERS 1
| #define HAVE_SYS_TYPES_H 1
| #define HAVE_SYS_STAT_H 1
| #define HAVE_STDLIB_H 1
| #define HAVE_STRING_H 1
| #define HAVE_MEMORY_H 1
| #define HAVE_STRINGS_H 1
| #define HAVE_INTTYPES_H 1
| #define HAVE_STDINT_H 1
| #define HAVE_UNISTD_H 1
| #define HAVE_LONG_LONG 1
| #define HAVE_LONG_DOUBLE 1
| #define HAVE_WCHAR_T 1
| #define HAVE_WINT_T 1
| #define HAVE_INTTYPES_H_WITH_UINTMAX 1
| #define HAVE_STDINT_H_WITH_UINTMAX 1
| #define HAVE_INTMAX_T 1
| #define HAVE_POSIX_PRINTF 1
| #define HAVE_ALLOCA_H 1
| #define HAVE_ALLOCA 1
| #define HAVE_STDLIB_H 1
| #define HAVE_UNISTD_H 1
| #define HAVE_SYS_PARAM_H 1
| #define HAVE_GETPAGESIZE 1
| #define HAVE_MMAP 1
| #define INTDIV0_RAISES_SIGFPE 1
| #define HAVE_UNSIGNED_LONG_LONG 1
| #define HAVE_UINTMAX_T 1
| #define HAVE_INTTYPES_H 1
| #define HAVE_STDINT_H 1
| #define HAVE_STDINT_H 1
| #define HAVE_ARGZ_H 1
| #define HAVE_LIMITS_H 1
| #define HAVE_LOCALE_H 1
| #define HAVE_NL_TYPES_H 1
| #define HAVE_MALLOC_H 1
| #define HAVE_STDDEF_H 1
| #define HAVE_STDLIB_H 1
| #define HAVE_STRING_H 1
| #define HAVE_UNISTD_H 1
| #define HAVE_SYS_PARAM_H 1
| #define HAVE_ASPRINTF 1
| #define HAVE_FWPRINTF 1
| #define HAVE_GETCWD 1
| #define HAVE_GETEGID 1
| #define HAVE_GETEUID 1
| #define HAVE_GETGID 1
| #define HAVE_GETUID 1
| #define HAVE_MEMPCPY 1
| #define HAVE_MUNMAP 1
| #define HAVE_PUTENV 1
| #define HAVE_SETENV 1
| #define HAVE_SETLOCALE 1
| #define HAVE_SNPRINTF 1
| #define HAVE_STPCPY 1
| #define HAVE_STRCASECMP 1
| #define HAVE_STRDUP 1
| #define HAVE_STRTOUL 1
| #define HAVE_TSEARCH 1
| #define HAVE_WCSLEN 1
| #define HAVE___ARGZ_COUNT 1
| #define HAVE___ARGZ_STRINGIFY 1
| #define HAVE___ARGZ_NEXT 1
| #define HAVE___FSETLOCKING 1
| #define HAVE_DECL__SNPRINTF 0
| #define HAVE_DECL__SNWPRINTF 0
| #define HAVE_DECL_FEOF_UNLOCKED 1
| #define HAVE_DECL_FGETS_UNLOCKED 0
| #define HAVE_DECL_GETC_UNLOCKED 1
| #define HAVE_ICONV 1
| #define ICONV_CONST 
| #define HAVE_LANGINFO_CODESET 1
| #define HAVE_LC_MESSAGES 1
| #define ENABLE_NLS 1
| #define HAVE_GETTEXT 1
| #define HAVE_DCGETTEXT 1
| #define HAVE_DLFCN_H 1
| #define LT_OBJDIR ".libs/"
| #define HAVE_BOOST 1
| /* end confdefs.h.  */
| 
| #if defined __GNUC__ && __GNUC__ == 4 && __GNUC_MINOR__ == 4 && !defined __ICC
| /* OK */
| #else
| # error defined __GNUC__ && __GNUC__ == 4 && __GNUC_MINOR__ == 4 && !defined __ICC
| #endif
| 
| int
| main ()
| {
| 
|   ;
|   return 0;
| }
configure:19328: g++ -c -g -O2 -Wall -fpermissive  conftest.cpp >&5
conftest.cpp:94:3: error: #error defined __GNUC__ && __GNUC__ == 4 && __GNUC_MINOR__ == 3 && !defined __ICC
 # error defined __GNUC__ && __GNUC__ == 4 && __GNUC_MINOR__ == 3 && !defined __ICC
   ^
configure:19328: $? = 1
configure: failed program was:
| /* confdefs.h */
| #define PACKAGE_NAME "nightshade"
| #define PACKAGE_TARNAME "nightshade"
| #define PACKAGE_VERSION "11.12.1"
| #define PACKAGE_STRING "nightshade 11.12.1"
| #define PACKAGE_BUGREPORT "support@nightshadesoftware.org"
| #define PACKAGE_URL ""
| #define PACKAGE "nightshade"
| #define VERSION "11.12.1"
| #define STDC_HEADERS 1
| #define HAVE_SYS_TYPES_H 1
| #define HAVE_SYS_STAT_H 1
| #define HAVE_STDLIB_H 1
| #define HAVE_STRING_H 1
| #define HAVE_MEMORY_H 1
| #define HAVE_STRINGS_H 1
| #define HAVE_INTTYPES_H 1
| #define HAVE_STDINT_H 1
| #define HAVE_UNISTD_H 1
| #define HAVE_LONG_LONG 1
| #define HAVE_LONG_DOUBLE 1
| #define HAVE_WCHAR_T 1
| #define HAVE_WINT_T 1
| #define HAVE_INTTYPES_H_WITH_UINTMAX 1
| #define HAVE_STDINT_H_WITH_UINTMAX 1
| #define HAVE_INTMAX_T 1
| #define HAVE_POSIX_PRINTF 1
| #define HAVE_ALLOCA_H 1
| #define HAVE_ALLOCA 1
| #define HAVE_STDLIB_H 1
| #define HAVE_UNISTD_H 1
| #define HAVE_SYS_PARAM_H 1
| #define HAVE_GETPAGESIZE 1
| #define HAVE_MMAP 1
| #define INTDIV0_RAISES_SIGFPE 1
| #define HAVE_UNSIGNED_LONG_LONG 1
| #define HAVE_UINTMAX_T 1
| #define HAVE_INTTYPES_H 1
| #define HAVE_STDINT_H 1
| #define HAVE_STDINT_H 1
| #define HAVE_ARGZ_H 1
| #define HAVE_LIMITS_H 1
| #define HAVE_LOCALE_H 1
| #define HAVE_NL_TYPES_H 1
| #define HAVE_MALLOC_H 1
| #define HAVE_STDDEF_H 1
| #define HAVE_STDLIB_H 1
| #define HAVE_STRING_H 1
| #define HAVE_UNISTD_H 1
| #define HAVE_SYS_PARAM_H 1
| #define HAVE_ASPRINTF 1
| #define HAVE_FWPRINTF 1
| #define HAVE_GETCWD 1
| #define HAVE_GETEGID 1
| #define HAVE_GETEUID 1
| #define HAVE_GETGID 1
| #define HAVE_GETUID 1
| #define HAVE_MEMPCPY 1
| #define HAVE_MUNMAP 1
| #define HAVE_PUTENV 1
| #define HAVE_SETENV 1
| #define HAVE_SETLOCALE 1
| #define HAVE_SNPRINTF 1
| #define HAVE_STPCPY 1
| #define HAVE_STRCASECMP 1
| #define HAVE_STRDUP 1
| #define HAVE_STRTOUL 1
| #define HAVE_TSEARCH 1
| #define HAVE_WCSLEN 1
| #define HAVE___ARGZ_COUNT 1
| #define HAVE___ARGZ_STRINGIFY 1
| #define HAVE___ARGZ_NEXT 1
| #define HAVE___FSETLOCKING 1
| #define HAVE_DECL__SNPRINTF 0
| #define HAVE_DECL__SNWPRINTF 0
| #define HAVE_DECL_FEOF_UNLOCKED 1
| #define HAVE_DECL_FGETS_UNLOCKED 0
| #define HAVE_DECL_GETC_UNLOCKED 1
| #define HAVE_ICONV 1
| #define ICONV_CONST 
| #define HAVE_LANGINFO_CODESET 1
| #define HAVE_LC_MESSAGES 1
| #define ENABLE_NLS 1
| #define HAVE_GETTEXT 1
| #define HAVE_DCGETTEXT 1
| #define HAVE_DLFCN_H 1
| #define LT_OBJDIR ".libs/"
| #define HAVE_BOOST 1
| /* end confdefs.h.  */
| 
| #if defined __GNUC__ && __GNUC__ == 4 && __GNUC_MINOR__ == 3 && !defined __ICC
| /* OK */
| #else
| # error defined __GNUC__ && __GNUC__ == 4 && __GNUC_MINOR__ == 3 && !defined __ICC
| #endif
| 
| int
| main ()
| {
| 
|   ;
|   return 0;
| }
configure:19328: g++ -c -g -O2 -Wall -fpermissive  conftest.cpp >&5
conftest.cpp:94:3: error: #error defined __GNUC__ && __GNUC__ == 4 && __GNUC_MINOR__ == 2 && !defined __ICC
 # error defined __GNUC__ && __GNUC__ == 4 && __GNUC_MINOR__ == 2 && !defined __ICC
   ^
configure:19328: $? = 1
configure: failed program was:
| /* confdefs.h */
| #define PACKAGE_NAME "nightshade"
| #define PACKAGE_TARNAME "nightshade"
| #define PACKAGE_VERSION "11.12.1"
| #define PACKAGE_STRING "nightshade 11.12.1"
| #define PACKAGE_BUGREPORT "support@nightshadesoftware.org"
| #define PACKAGE_URL ""
| #define PACKAGE "nightshade"
| #define VERSION "11.12.1"
| #define STDC_HEADERS 1
| #define HAVE_SYS_TYPES_H 1
| #define HAVE_SYS_STAT_H 1
| #define HAVE_STDLIB_H 1
| #define HAVE_STRING_H 1
| #define HAVE_MEMORY_H 1
| #define HAVE_STRINGS_H 1
| #define HAVE_INTTYPES_H 1
| #define HAVE_STDINT_H 1
| #define HAVE_UNISTD_H 1
| #define HAVE_LONG_LONG 1
| #define HAVE_LONG_DOUBLE 1
| #define HAVE_WCHAR_T 1
| #define HAVE_WINT_T 1
| #define HAVE_INTTYPES_H_WITH_UINTMAX 1
| #define HAVE_STDINT_H_WITH_UINTMAX 1
| #define HAVE_INTMAX_T 1
| #define HAVE_POSIX_PRINTF 1
| #define HAVE_ALLOCA_H 1
| #define HAVE_ALLOCA 1
| #define HAVE_STDLIB_H 1
| #define HAVE_UNISTD_H 1
| #define HAVE_SYS_PARAM_H 1
| #define HAVE_GETPAGESIZE 1
| #define HAVE_MMAP 1
| #define INTDIV0_RAISES_SIGFPE 1
| #define HAVE_UNSIGNED_LONG_LONG 1
| #define HAVE_UINTMAX_T 1
| #define HAVE_INTTYPES_H 1
| #define HAVE_STDINT_H 1
| #define HAVE_STDINT_H 1
| #define HAVE_ARGZ_H 1
| #define HAVE_LIMITS_H 1
| #define HAVE_LOCALE_H 1
| #define HAVE_NL_TYPES_H 1
| #define HAVE_MALLOC_H 1
| #define HAVE_STDDEF_H 1
| #define HAVE_STDLIB_H 1
| #define HAVE_STRING_H 1
| #define HAVE_UNISTD_H 1
| #define HAVE_SYS_PARAM_H 1
| #define HAVE_ASPRINTF 1
| #define HAVE_FWPRINTF 1
| #define HAVE_GETCWD 1
| #define HAVE_GETEGID 1
| #define HAVE_GETEUID 1
| #define HAVE_GETGID 1
| #define HAVE_GETUID 1
| #define HAVE_MEMPCPY 1
| #define HAVE_MUNMAP 1
| #define HAVE_PUTENV 1
| #define HAVE_SETENV 1
| #define HAVE_SETLOCALE 1
| #define HAVE_SNPRINTF 1
| #define HAVE_STPCPY 1
| #define HAVE_STRCASECMP 1
| #define HAVE_STRDUP 1
| #define HAVE_STRTOUL 1
| #define HAVE_TSEARCH 1
| #define HAVE_WCSLEN 1
| #define HAVE___ARGZ_COUNT 1
| #define HAVE___ARGZ_STRINGIFY 1
| #define HAVE___ARGZ_NEXT 1
| #define HAVE___FSETLOCKING 1
| #define HAVE_DECL__SNPRINTF 0
| #define HAVE_DECL__SNWPRINTF 0
| #define HAVE_DECL_FEOF_UNLOCKED 1
| #define HAVE_DECL_FGETS_UNLOCKED 0
| #define HAVE_DECL_GETC_UNLOCKED 1
| #define HAVE_ICONV 1
| #define ICONV_CONST 
| #define HAVE_LANGINFO_CODESET 1
| #define HAVE_LC_MESSAGES 1
| #define ENABLE_NLS 1
| #define HAVE_GETTEXT 1
| #define HAVE_DCGETTEXT 1
| #define HAVE_DLFCN_H 1
| #define LT_OBJDIR ".libs/"
| #define HAVE_BOOST 1
| /* end confdefs.h.  */
| 
| #if defined __GNUC__ && __GNUC__ == 4 && __GNUC_MINOR__ == 2 && !defined __ICC
| /* OK */
| #else
| # error defined __GNUC__ && __GNUC__ == 4 && __GNUC_MINOR__ == 2 && !defined __ICC
| #endif
| 
| int
| main ()
| {
| 
|   ;
|   return 0;
| }
configure:19328: g++ -c -g -O2 -Wall -fpermissive  conftest.cpp >&5
conftest.cpp:94:3: error: #error defined __GNUC__ && __GNUC__ == 4 && __GNUC_MINOR__ == 1 && !defined __ICC
 # error defined __GNUC__ && __GNUC__ == 4 && __GNUC_MINOR__ == 1 && !defined __ICC
   ^
configure:19328: $? = 1
configure: failed program was:
| /* confdefs.h */
| #define PACKAGE_NAME "nightshade"
| #define PACKAGE_TARNAME "nightshade"
| #define PACKAGE_VERSION "11.12.1"
| #define PACKAGE_STRING "nightshade 11.12.1"
| #define PACKAGE_BUGREPORT "support@nightshadesoftware.org"
| #define PACKAGE_URL ""
| #define PACKAGE "nightshade"
| #define VERSION "11.12.1"
| #define STDC_HEADERS 1
| #define HAVE_SYS_TYPES_H 1
| #define HAVE_SYS_STAT_H 1
| #define HAVE_STDLIB_H 1
| #define HAVE_STRING_H 1
| #define HAVE_MEMORY_H 1
| #define HAVE_STRINGS_H 1
| #define HAVE_INTTYPES_H 1
| #define HAVE_STDINT_H 1
| #define HAVE_UNISTD_H 1
| #define HAVE_LONG_LONG 1
| #define HAVE_LONG_DOUBLE 1
| #define HAVE_WCHAR_T 1
| #define HAVE_WINT_T 1
| #define HAVE_INTTYPES_H_WITH_UINTMAX 1
| #define HAVE_STDINT_H_WITH_UINTMAX 1
| #define HAVE_INTMAX_T 1
| #define HAVE_POSIX_PRINTF 1
| #define HAVE_ALLOCA_H 1
| #define HAVE_ALLOCA 1
| #define HAVE_STDLIB_H 1
| #define HAVE_UNISTD_H 1
| #define HAVE_SYS_PARAM_H 1
| #define HAVE_GETPAGESIZE 1
| #define HAVE_MMAP 1
| #define INTDIV0_RAISES_SIGFPE 1
| #define HAVE_UNSIGNED_LONG_LONG 1
| #define HAVE_UINTMAX_T 1
| #define HAVE_INTTYPES_H 1
| #define HAVE_STDINT_H 1
| #define HAVE_STDINT_H 1
| #define HAVE_ARGZ_H 1
| #define HAVE_LIMITS_H 1
| #define HAVE_LOCALE_H 1
| #define HAVE_NL_TYPES_H 1
| #define HAVE_MALLOC_H 1
| #define HAVE_STDDEF_H 1
| #define HAVE_STDLIB_H 1
| #define HAVE_STRING_H 1
| #define HAVE_UNISTD_H 1
| #define HAVE_SYS_PARAM_H 1
| #define HAVE_ASPRINTF 1
| #define HAVE_FWPRINTF 1
| #define HAVE_GETCWD 1
| #define HAVE_GETEGID 1
| #define HAVE_GETEUID 1
| #define HAVE_GETGID 1
| #define HAVE_GETUID 1
| #define HAVE_MEMPCPY 1
| #define HAVE_MUNMAP 1
| #define HAVE_PUTENV 1
| #define HAVE_SETENV 1
| #define HAVE_SETLOCALE 1
| #define HAVE_SNPRINTF 1
| #define HAVE_STPCPY 1
| #define HAVE_STRCASECMP 1
| #define HAVE_STRDUP 1
| #define HAVE_STRTOUL 1
| #define HAVE_TSEARCH 1
| #define HAVE_WCSLEN 1
| #define HAVE___ARGZ_COUNT 1
| #define HAVE___ARGZ_STRINGIFY 1
| #define HAVE___ARGZ_NEXT 1
| #define HAVE___FSETLOCKING 1
| #define HAVE_DECL__SNPRINTF 0
| #define HAVE_DECL__SNWPRINTF 0
| #define HAVE_DECL_FEOF_UNLOCKED 1
| #define HAVE_DECL_FGETS_UNLOCKED 0
| #define HAVE_DECL_GETC_UNLOCKED 1
| #define HAVE_ICONV 1
| #define ICONV_CONST 
| #define HAVE_LANGINFO_CODESET 1
| #define HAVE_LC_MESSAGES 1
| #define ENABLE_NLS 1
| #define HAVE_GETTEXT 1
| #define HAVE_DCGETTEXT 1
| #define HAVE_DLFCN_H 1
| #define LT_OBJDIR ".libs/"
| #define HAVE_BOOST 1
| /* end confdefs.h.  */
| 
| #if defined __GNUC__ && __GNUC__ == 4 && __GNUC_MINOR__ == 1 && !defined __ICC
| /* OK */
| #else
| # error defined __GNUC__ && __GNUC__ == 4 && __GNUC_MINOR__ == 1 && !defined __ICC
| #endif
| 
| int
| main ()
| {
| 
|   ;
|   return 0;
| }
configure:19328: g++ -c -g -O2 -Wall -fpermissive  conftest.cpp >&5
conftest.cpp:94:3: error: #error defined __GNUC__ && __GNUC__ == 4 && __GNUC_MINOR__ == 0 && !defined __ICC
 # error defined __GNUC__ && __GNUC__ == 4 && __GNUC_MINOR__ == 0 && !defined __ICC
   ^
configure:19328: $? = 1
configure: failed program was:
| /* confdefs.h */
| #define PACKAGE_NAME "nightshade"
| #define PACKAGE_TARNAME "nightshade"
| #define PACKAGE_VERSION "11.12.1"
| #define PACKAGE_STRING "nightshade 11.12.1"
| #define PACKAGE_BUGREPORT "support@nightshadesoftware.org"
| #define PACKAGE_URL ""
| #define PACKAGE "nightshade"
| #define VERSION "11.12.1"
| #define STDC_HEADERS 1
| #define HAVE_SYS_TYPES_H 1
| #define HAVE_SYS_STAT_H 1
| #define HAVE_STDLIB_H 1
| #define HAVE_STRING_H 1
| #define HAVE_MEMORY_H 1
| #define HAVE_STRINGS_H 1
| #define HAVE_INTTYPES_H 1
| #define HAVE_STDINT_H 1
| #define HAVE_UNISTD_H 1
| #define HAVE_LONG_LONG 1
| #define HAVE_LONG_DOUBLE 1
| #define HAVE_WCHAR_T 1
| #define HAVE_WINT_T 1
| #define HAVE_INTTYPES_H_WITH_UINTMAX 1
| #define HAVE_STDINT_H_WITH_UINTMAX 1
| #define HAVE_INTMAX_T 1
| #define HAVE_POSIX_PRINTF 1
| #define HAVE_ALLOCA_H 1
| #define HAVE_ALLOCA 1
| #define HAVE_STDLIB_H 1
| #define HAVE_UNISTD_H 1
| #define HAVE_SYS_PARAM_H 1
| #define HAVE_GETPAGESIZE 1
| #define HAVE_MMAP 1
| #define INTDIV0_RAISES_SIGFPE 1
| #define HAVE_UNSIGNED_LONG_LONG 1
| #define HAVE_UINTMAX_T 1
| #define HAVE_INTTYPES_H 1
| #define HAVE_STDINT_H 1
| #define HAVE_STDINT_H 1
| #define HAVE_ARGZ_H 1
| #define HAVE_LIMITS_H 1
| #define HAVE_LOCALE_H 1
| #define HAVE_NL_TYPES_H 1
| #define HAVE_MALLOC_H 1
| #define HAVE_STDDEF_H 1
| #define HAVE_STDLIB_H 1
| #define HAVE_STRING_H 1
| #define HAVE_UNISTD_H 1
| #define HAVE_SYS_PARAM_H 1
| #define HAVE_ASPRINTF 1
| #define HAVE_FWPRINTF 1
| #define HAVE_GETCWD 1
| #define HAVE_GETEGID 1
| #define HAVE_GETEUID 1
| #define HAVE_GETGID 1
| #define HAVE_GETUID 1
| #define HAVE_MEMPCPY 1
| #define HAVE_MUNMAP 1
| #define HAVE_PUTENV 1
| #define HAVE_SETENV 1
| #define HAVE_SETLOCALE 1
| #define HAVE_SNPRINTF 1
| #define HAVE_STPCPY 1
| #define HAVE_STRCASECMP 1
| #define HAVE_STRDUP 1
| #define HAVE_STRTOUL 1
| #define HAVE_TSEARCH 1
| #define HAVE_WCSLEN 1
| #define HAVE___ARGZ_COUNT 1
| #define HAVE___ARGZ_STRINGIFY 1
| #define HAVE___ARGZ_NEXT 1
| #define HAVE___FSETLOCKING 1
| #define HAVE_DECL__SNPRINTF 0
| #define HAVE_DECL__SNWPRINTF 0
| #define HAVE_DECL_FEOF_UNLOCKED 1
| #define HAVE_DECL_FGETS_UNLOCKED 0
| #define HAVE_DECL_GETC_UNLOCKED 1
| #define HAVE_ICONV 1
| #define ICONV_CONST 
| #define HAVE_LANGINFO_CODESET 1
| #define HAVE_LC_MESSAGES 1
| #define ENABLE_NLS 1
| #define HAVE_GETTEXT 1
| #define HAVE_DCGETTEXT 1
| #define HAVE_DLFCN_H 1
| #define LT_OBJDIR ".libs/"
| #define HAVE_BOOST 1
| /* end confdefs.h.  */
| 
| #if defined __GNUC__ && __GNUC__ == 4 && __GNUC_MINOR__ == 0 && !defined __ICC
| /* OK */
| #else
| # error defined __GNUC__ && __GNUC__ == 4 && __GNUC_MINOR__ == 0 && !defined __ICC
| #endif
| 
| int
| main ()
| {
| 
|   ;
|   return 0;
| }
configure:19328: g++ -c -g -O2 -Wall -fpermissive  conftest.cpp >&5
conftest.cpp:94:3: error: #error defined __GNUC__ && __GNUC__ == 3 && !defined __ICC && (defined WIN32 || defined WINNT || defined _WIN32 || defined __WIN32 || defined __WIN32__ || defined __WINNT || defined __WINNT__)
 # error defined __GNUC__ && __GNUC__ == 3 && !defined __ICC      && (defined WIN32 || defined WINNT || defined _WIN32 || defined __WIN32          || defined __WIN32__ || defined __WINNT || defined __WINNT__)
   ^
configure:19328: $? = 1
configure: failed program was:
| /* confdefs.h */
| #define PACKAGE_NAME "nightshade"
| #define PACKAGE_TARNAME "nightshade"
| #define PACKAGE_VERSION "11.12.1"
| #define PACKAGE_STRING "nightshade 11.12.1"
| #define PACKAGE_BUGREPORT "support@nightshadesoftware.org"
| #define PACKAGE_URL ""
| #define PACKAGE "nightshade"
| #define VERSION "11.12.1"
| #define STDC_HEADERS 1
| #define HAVE_SYS_TYPES_H 1
| #define HAVE_SYS_STAT_H 1
| #define HAVE_STDLIB_H 1
| #define HAVE_STRING_H 1
| #define HAVE_MEMORY_H 1
| #define HAVE_STRINGS_H 1
| #define HAVE_INTTYPES_H 1
| #define HAVE_STDINT_H 1
| #define HAVE_UNISTD_H 1
| #define HAVE_LONG_LONG 1
| #define HAVE_LONG_DOUBLE 1
| #define HAVE_WCHAR_T 1
| #define HAVE_WINT_T 1
| #define HAVE_INTTYPES_H_WITH_UINTMAX 1
| #define HAVE_STDINT_H_WITH_UINTMAX 1
| #define HAVE_INTMAX_T 1
| #define HAVE_POSIX_PRINTF 1
| #define HAVE_ALLOCA_H 1
| #define HAVE_ALLOCA 1
| #define HAVE_STDLIB_H 1
| #define HAVE_UNISTD_H 1
| #define HAVE_SYS_PARAM_H 1
| #define HAVE_GETPAGESIZE 1
| #define HAVE_MMAP 1
| #define INTDIV0_RAISES_SIGFPE 1
| #define HAVE_UNSIGNED_LONG_LONG 1
| #define HAVE_UINTMAX_T 1
| #define HAVE_INTTYPES_H 1
| #define HAVE_STDINT_H 1
| #define HAVE_STDINT_H 1
| #define HAVE_ARGZ_H 1
| #define HAVE_LIMITS_H 1
| #define HAVE_LOCALE_H 1
| #define HAVE_NL_TYPES_H 1
| #define HAVE_MALLOC_H 1
| #define HAVE_STDDEF_H 1
| #define HAVE_STDLIB_H 1
| #define HAVE_STRING_H 1
| #define HAVE_UNISTD_H 1
| #define HAVE_SYS_PARAM_H 1
| #define HAVE_ASPRINTF 1
| #define HAVE_FWPRINTF 1
| #define HAVE_GETCWD 1
| #define HAVE_GETEGID 1
| #define HAVE_GETEUID 1
| #define HAVE_GETGID 1
| #define HAVE_GETUID 1
| #define HAVE_MEMPCPY 1
| #define HAVE_MUNMAP 1
| #define HAVE_PUTENV 1
| #define HAVE_SETENV 1
| #define HAVE_SETLOCALE 1
| #define HAVE_SNPRINTF 1
| #define HAVE_STPCPY 1
| #define HAVE_STRCASECMP 1
| #define HAVE_STRDUP 1
| #define HAVE_STRTOUL 1
| #define HAVE_TSEARCH 1
| #define HAVE_WCSLEN 1
| #define HAVE___ARGZ_COUNT 1
| #define HAVE___ARGZ_STRINGIFY 1
| #define HAVE___ARGZ_NEXT 1
| #define HAVE___FSETLOCKING 1
| #define HAVE_DECL__SNPRINTF 0
| #define HAVE_DECL__SNWPRINTF 0
| #define HAVE_DECL_FEOF_UNLOCKED 1
| #define HAVE_DECL_FGETS_UNLOCKED 0
| #define HAVE_DECL_GETC_UNLOCKED 1
| #define HAVE_ICONV 1
| #define ICONV_CONST 
| #define HAVE_LANGINFO_CODESET 1
| #define HAVE_LC_MESSAGES 1
| #define ENABLE_NLS 1
| #define HAVE_GETTEXT 1
| #define HAVE_DCGETTEXT 1
| #define HAVE_DLFCN_H 1
| #define LT_OBJDIR ".libs/"
| #define HAVE_BOOST 1
| /* end confdefs.h.  */
| 
| #if defined __GNUC__ && __GNUC__ == 3 && !defined __ICC      && (defined WIN32 || defined WINNT || defined _WIN32 || defined __WIN32          || defined __WIN32__ || defined __WINNT || defined __WINNT__)
| /* OK */
| #else
| # error defined __GNUC__ && __GNUC__ == 3 && !defined __ICC      && (defined WIN32 || defined WINNT || defined _WIN32 || defined __WIN32          || defined __WIN32__ || defined __WINNT || defined __WINNT__)
| #endif
| 
| int
| main ()
| {
| 
|   ;
|   return 0;
| }
configure:19328: g++ -c -g -O2 -Wall -fpermissive  conftest.cpp >&5
conftest.cpp:94:3: error: #error defined __GNUC__ && __GNUC__ == 3 && __GNUC_MINOR__ == 4 && !defined __ICC
 # error defined __GNUC__ && __GNUC__ == 3 && __GNUC_MINOR__ == 4 && !defined __ICC
   ^
configure:19328: $? = 1
configure: failed program was:
| /* confdefs.h */
| #define PACKAGE_NAME "nightshade"
| #define PACKAGE_TARNAME "nightshade"
| #define PACKAGE_VERSION "11.12.1"
| #define PACKAGE_STRING "nightshade 11.12.1"
| #define PACKAGE_BUGREPORT "support@nightshadesoftware.org"
| #define PACKAGE_URL ""
| #define PACKAGE "nightshade"
| #define VERSION "11.12.1"
| #define STDC_HEADERS 1
| #define HAVE_SYS_TYPES_H 1
| #define HAVE_SYS_STAT_H 1
| #define HAVE_STDLIB_H 1
| #define HAVE_STRING_H 1
| #define HAVE_MEMORY_H 1
| #define HAVE_STRINGS_H 1
| #define HAVE_INTTYPES_H 1
| #define HAVE_STDINT_H 1
| #define HAVE_UNISTD_H 1
| #define HAVE_LONG_LONG 1
| #define HAVE_LONG_DOUBLE 1
| #define HAVE_WCHAR_T 1
| #define HAVE_WINT_T 1
| #define HAVE_INTTYPES_H_WITH_UINTMAX 1
| #define HAVE_STDINT_H_WITH_UINTMAX 1
| #define HAVE_INTMAX_T 1
| #define HAVE_POSIX_PRINTF 1
| #define HAVE_ALLOCA_H 1
| #define HAVE_ALLOCA 1
| #define HAVE_STDLIB_H 1
| #define HAVE_UNISTD_H 1
| #define HAVE_SYS_PARAM_H 1
| #define HAVE_GETPAGESIZE 1
| #define HAVE_MMAP 1
| #define INTDIV0_RAISES_SIGFPE 1
| #define HAVE_UNSIGNED_LONG_LONG 1
| #define HAVE_UINTMAX_T 1
| #define HAVE_INTTYPES_H 1
| #define HAVE_STDINT_H 1
| #define HAVE_STDINT_H 1
| #define HAVE_ARGZ_H 1
| #define HAVE_LIMITS_H 1
| #define HAVE_LOCALE_H 1
| #define HAVE_NL_TYPES_H 1
| #define HAVE_MALLOC_H 1
| #define HAVE_STDDEF_H 1
| #define HAVE_STDLIB_H 1
| #define HAVE_STRING_H 1
| #define HAVE_UNISTD_H 1
| #define HAVE_SYS_PARAM_H 1
| #define HAVE_ASPRINTF 1
| #define HAVE_FWPRINTF 1
| #define HAVE_GETCWD 1
| #define HAVE_GETEGID 1
| #define HAVE_GETEUID 1
| #define HAVE_GETGID 1
| #define HAVE_GETUID 1
| #define HAVE_MEMPCPY 1
| #define HAVE_MUNMAP 1
| #define HAVE_PUTENV 1
| #define HAVE_SETENV 1
| #define HAVE_SETLOCALE 1
| #define HAVE_SNPRINTF 1
| #define HAVE_STPCPY 1
| #define HAVE_STRCASECMP 1
| #define HAVE_STRDUP 1
| #define HAVE_STRTOUL 1
| #define HAVE_TSEARCH 1
| #define HAVE_WCSLEN 1
| #define HAVE___ARGZ_COUNT 1
| #define HAVE___ARGZ_STRINGIFY 1
| #define HAVE___ARGZ_NEXT 1
| #define HAVE___FSETLOCKING 1
| #define HAVE_DECL__SNPRINTF 0
| #define HAVE_DECL__SNWPRINTF 0
| #define HAVE_DECL_FEOF_UNLOCKED 1
| #define HAVE_DECL_FGETS_UNLOCKED 0
| #define HAVE_DECL_GETC_UNLOCKED 1
| #define HAVE_ICONV 1
| #define ICONV_CONST 
| #define HAVE_LANGINFO_CODESET 1
| #define HAVE_LC_MESSAGES 1
| #define ENABLE_NLS 1
| #define HAVE_GETTEXT 1
| #define HAVE_DCGETTEXT 1
| #define HAVE_DLFCN_H 1
| #define LT_OBJDIR ".libs/"
| #define HAVE_BOOST 1
| /* end confdefs.h.  */
| 
| #if defined __GNUC__ && __GNUC__ == 3 && __GNUC_MINOR__ == 4 && !defined __ICC
| /* OK */
| #else
| # error defined __GNUC__ && __GNUC__ == 3 && __GNUC_MINOR__ == 4 && !defined __ICC
| #endif
| 
| int
| main ()
| {
| 
|   ;
|   return 0;
| }
configure:19328: g++ -c -g -O2 -Wall -fpermissive  conftest.cpp >&5
conftest.cpp:94:3: error: #error defined __GNUC__ && __GNUC__ == 3 && __GNUC_MINOR__ == 3 && !defined __ICC
 # error defined __GNUC__ && __GNUC__ == 3 && __GNUC_MINOR__ == 3 && !defined __ICC
   ^
configure:19328: $? = 1
configure: failed program was:
| /* confdefs.h */
| #define PACKAGE_NAME "nightshade"
| #define PACKAGE_TARNAME "nightshade"
| #define PACKAGE_VERSION "11.12.1"
| #define PACKAGE_STRING "nightshade 11.12.1"
| #define PACKAGE_BUGREPORT "support@nightshadesoftware.org"
| #define PACKAGE_URL ""
| #define PACKAGE "nightshade"
| #define VERSION "11.12.1"
| #define STDC_HEADERS 1
| #define HAVE_SYS_TYPES_H 1
| #define HAVE_SYS_STAT_H 1
| #define HAVE_STDLIB_H 1
| #define HAVE_STRING_H 1
| #define HAVE_MEMORY_H 1
| #define HAVE_STRINGS_H 1
| #define HAVE_INTTYPES_H 1
| #define HAVE_STDINT_H 1
| #define HAVE_UNISTD_H 1
| #define HAVE_LONG_LONG 1
| #define HAVE_LONG_DOUBLE 1
| #define HAVE_WCHAR_T 1
| #define HAVE_WINT_T 1
| #define HAVE_INTTYPES_H_WITH_UINTMAX 1
| #define HAVE_STDINT_H_WITH_UINTMAX 1
| #define HAVE_INTMAX_T 1
| #define HAVE_POSIX_PRINTF 1
| #define HAVE_ALLOCA_H 1
| #define HAVE_ALLOCA 1
| #define HAVE_STDLIB_H 1
| #define HAVE_UNISTD_H 1
| #define HAVE_SYS_PARAM_H 1
| #define HAVE_GETPAGESIZE 1
| #define HAVE_MMAP 1
| #define INTDIV0_RAISES_SIGFPE 1
| #define HAVE_UNSIGNED_LONG_LONG 1
| #define HAVE_UINTMAX_T 1
| #define HAVE_INTTYPES_H 1
| #define HAVE_STDINT_H 1
| #define HAVE_STDINT_H 1
| #define HAVE_ARGZ_H 1
| #define HAVE_LIMITS_H 1
| #define HAVE_LOCALE_H 1
| #define HAVE_NL_TYPES_H 1
| #define HAVE_MALLOC_H 1
| #define HAVE_STDDEF_H 1
| #define HAVE_STDLIB_H 1
| #define HAVE_STRING_H 1
| #define HAVE_UNISTD_H 1
| #define HAVE_SYS_PARAM_H 1
| #define HAVE_ASPRINTF 1
| #define HAVE_FWPRINTF 1
| #define HAVE_GETCWD 1
| #define HAVE_GETEGID 1
| #define HAVE_GETEUID 1
| #define HAVE_GETGID 1
| #define HAVE_GETUID 1
| #define HAVE_MEMPCPY 1
| #define HAVE_MUNMAP 1
| #define HAVE_PUTENV 1
| #define HAVE_SETENV 1
| #define HAVE_SETLOCALE 1
| #define HAVE_SNPRINTF 1
| #define HAVE_STPCPY 1
| #define HAVE_STRCASECMP 1
| #define HAVE_STRDUP 1
| #define HAVE_STRTOUL 1
| #define HAVE_TSEARCH 1
| #define HAVE_WCSLEN 1
| #define HAVE___ARGZ_COUNT 1
| #define HAVE___ARGZ_STRINGIFY 1
| #define HAVE___ARGZ_NEXT 1
| #define HAVE___FSETLOCKING 1
| #define HAVE_DECL__SNPRINTF 0
| #define HAVE_DECL__SNWPRINTF 0
| #define HAVE_DECL_FEOF_UNLOCKED 1
| #define HAVE_DECL_FGETS_UNLOCKED 0
| #define HAVE_DECL_GETC_UNLOCKED 1
| #define HAVE_ICONV 1
| #define ICONV_CONST 
| #define HAVE_LANGINFO_CODESET 1
| #define HAVE_LC_MESSAGES 1
| #define ENABLE_NLS 1
| #define HAVE_GETTEXT 1
| #define HAVE_DCGETTEXT 1
| #define HAVE_DLFCN_H 1
| #define LT_OBJDIR ".libs/"
| #define HAVE_BOOST 1
| /* end confdefs.h.  */
| 
| #if defined __GNUC__ && __GNUC__ == 3 && __GNUC_MINOR__ == 3 && !defined __ICC
| /* OK */
| #else
| # error defined __GNUC__ && __GNUC__ == 3 && __GNUC_MINOR__ == 3 && !defined __ICC
| #endif
| 
| int
| main ()
| {
| 
|   ;
|   return 0;
| }
configure:19328: g++ -c -g -O2 -Wall -fpermissive  conftest.cpp >&5
conftest.cpp:94:3: error: #error defined _MSC_VER && _MSC_VER >= 1500
 # error defined _MSC_VER && _MSC_VER >= 1500
   ^
configure:19328: $? = 1
configure: failed program was:
| /* confdefs.h */
| #define PACKAGE_NAME "nightshade"
| #define PACKAGE_TARNAME "nightshade"
| #define PACKAGE_VERSION "11.12.1"
| #define PACKAGE_STRING "nightshade 11.12.1"
| #define PACKAGE_BUGREPORT "support@nightshadesoftware.org"
| #define PACKAGE_URL ""
| #define PACKAGE "nightshade"
| #define VERSION "11.12.1"
| #define STDC_HEADERS 1
| #define HAVE_SYS_TYPES_H 1
| #define HAVE_SYS_STAT_H 1
| #define HAVE_STDLIB_H 1
| #define HAVE_STRING_H 1
| #define HAVE_MEMORY_H 1
| #define HAVE_STRINGS_H 1
| #define HAVE_INTTYPES_H 1
| #define HAVE_STDINT_H 1
| #define HAVE_UNISTD_H 1
| #define HAVE_LONG_LONG 1
| #define HAVE_LONG_DOUBLE 1
| #define HAVE_WCHAR_T 1
| #define HAVE_WINT_T 1
| #define HAVE_INTTYPES_H_WITH_UINTMAX 1
| #define HAVE_STDINT_H_WITH_UINTMAX 1
| #define HAVE_INTMAX_T 1
| #define HAVE_POSIX_PRINTF 1
| #define HAVE_ALLOCA_H 1
| #define HAVE_ALLOCA 1
| #define HAVE_STDLIB_H 1
| #define HAVE_UNISTD_H 1
| #define HAVE_SYS_PARAM_H 1
| #define HAVE_GETPAGESIZE 1
| #define HAVE_MMAP 1
| #define INTDIV0_RAISES_SIGFPE 1
| #define HAVE_UNSIGNED_LONG_LONG 1
| #define HAVE_UINTMAX_T 1
| #define HAVE_INTTYPES_H 1
| #define HAVE_STDINT_H 1
| #define HAVE_STDINT_H 1
| #define HAVE_ARGZ_H 1
| #define HAVE_LIMITS_H 1
| #define HAVE_LOCALE_H 1
| #define HAVE_NL_TYPES_H 1
| #define HAVE_MALLOC_H 1
| #define HAVE_STDDEF_H 1
| #define HAVE_STDLIB_H 1
| #define HAVE_STRING_H 1
| #define HAVE_UNISTD_H 1
| #define HAVE_SYS_PARAM_H 1
| #define HAVE_ASPRINTF 1
| #define HAVE_FWPRINTF 1
| #define HAVE_GETCWD 1
| #define HAVE_GETEGID 1
| #define HAVE_GETEUID 1
| #define HAVE_GETGID 1
| #define HAVE_GETUID 1
| #define HAVE_MEMPCPY 1
| #define HAVE_MUNMAP 1
| #define HAVE_PUTENV 1
| #define HAVE_SETENV 1
| #define HAVE_SETLOCALE 1
| #define HAVE_SNPRINTF 1
| #define HAVE_STPCPY 1
| #define HAVE_STRCASECMP 1
| #define HAVE_STRDUP 1
| #define HAVE_STRTOUL 1
| #define HAVE_TSEARCH 1
| #define HAVE_WCSLEN 1
| #define HAVE___ARGZ_COUNT 1
| #define HAVE___ARGZ_STRINGIFY 1
| #define HAVE___ARGZ_NEXT 1
| #define HAVE___FSETLOCKING 1
| #define HAVE_DECL__SNPRINTF 0
| #define HAVE_DECL__SNWPRINTF 0
| #define HAVE_DECL_FEOF_UNLOCKED 1
| #define HAVE_DECL_FGETS_UNLOCKED 0
| #define HAVE_DECL_GETC_UNLOCKED 1
| #define HAVE_ICONV 1
| #define ICONV_CONST 
| #define HAVE_LANGINFO_CODESET 1
| #define HAVE_LC_MESSAGES 1
| #define ENABLE_NLS 1
| #define HAVE_GETTEXT 1
| #define HAVE_DCGETTEXT 1
| #define HAVE_DLFCN_H 1
| #define LT_OBJDIR ".libs/"
| #define HAVE_BOOST 1
| /* end confdefs.h.  */
| 
| #if defined _MSC_VER && _MSC_VER >= 1500
| /* OK */
| #else
| # error defined _MSC_VER && _MSC_VER >= 1500
| #endif
| 
| int
| main ()
| {
| 
|   ;
|   return 0;
| }
configure:19328: g++ -c -g -O2 -Wall -fpermissive  conftest.cpp >&5
conftest.cpp:94:3: error: #error defined _MSC_VER && _MSC_VER == 1400
 # error defined _MSC_VER && _MSC_VER == 1400
   ^
configure:19328: $? = 1
configure: failed program was:
| /* confdefs.h */
| #define PACKAGE_NAME "nightshade"
| #define PACKAGE_TARNAME "nightshade"
| #define PACKAGE_VERSION "11.12.1"
| #define PACKAGE_STRING "nightshade 11.12.1"
| #define PACKAGE_BUGREPORT "support@nightshadesoftware.org"
| #define PACKAGE_URL ""
| #define PACKAGE "nightshade"
| #define VERSION "11.12.1"
| #define STDC_HEADERS 1
| #define HAVE_SYS_TYPES_H 1
| #define HAVE_SYS_STAT_H 1
| #define HAVE_STDLIB_H 1
| #define HAVE_STRING_H 1
| #define HAVE_MEMORY_H 1
| #define HAVE_STRINGS_H 1
| #define HAVE_INTTYPES_H 1
| #define HAVE_STDINT_H 1
| #define HAVE_UNISTD_H 1
| #define HAVE_LONG_LONG 1
| #define HAVE_LONG_DOUBLE 1
| #define HAVE_WCHAR_T 1
| #define HAVE_WINT_T 1
| #define HAVE_INTTYPES_H_WITH_UINTMAX 1
| #define HAVE_STDINT_H_WITH_UINTMAX 1
| #define HAVE_INTMAX_T 1
| #define HAVE_POSIX_PRINTF 1
| #define HAVE_ALLOCA_H 1
| #define HAVE_ALLOCA 1
| #define HAVE_STDLIB_H 1
| #define HAVE_UNISTD_H 1
| #define HAVE_SYS_PARAM_H 1
| #define HAVE_GETPAGESIZE 1
| #define HAVE_MMAP 1
| #define INTDIV0_RAISES_SIGFPE 1
| #define HAVE_UNSIGNED_LONG_LONG 1
| #define HAVE_UINTMAX_T 1
| #define HAVE_INTTYPES_H 1
| #define HAVE_STDINT_H 1
| #define HAVE_STDINT_H 1
| #define HAVE_ARGZ_H 1
| #define HAVE_LIMITS_H 1
| #define HAVE_LOCALE_H 1
| #define HAVE_NL_TYPES_H 1
| #define HAVE_MALLOC_H 1
| #define HAVE_STDDEF_H 1
| #define HAVE_STDLIB_H 1
| #define HAVE_STRING_H 1
| #define HAVE_UNISTD_H 1
| #define HAVE_SYS_PARAM_H 1
| #define HAVE_ASPRINTF 1
| #define HAVE_FWPRINTF 1
| #define HAVE_GETCWD 1
| #define HAVE_GETEGID 1
| #define HAVE_GETEUID 1
| #define HAVE_GETGID 1
| #define HAVE_GETUID 1
| #define HAVE_MEMPCPY 1
| #define HAVE_MUNMAP 1
| #define HAVE_PUTENV 1
| #define HAVE_SETENV 1
| #define HAVE_SETLOCALE 1
| #define HAVE_SNPRINTF 1
| #define HAVE_STPCPY 1
| #define HAVE_STRCASECMP 1
| #define HAVE_STRDUP 1
| #define HAVE_STRTOUL 1
| #define HAVE_TSEARCH 1
| #define HAVE_WCSLEN 1
| #define HAVE___ARGZ_COUNT 1
| #define HAVE___ARGZ_STRINGIFY 1
| #define HAVE___ARGZ_NEXT 1
| #define HAVE___FSETLOCKING 1
| #define HAVE_DECL__SNPRINTF 0
| #define HAVE_DECL__SNWPRINTF 0
| #define HAVE_DECL_FEOF_UNLOCKED 1
| #define HAVE_DECL_FGETS_UNLOCKED 0
| #define HAVE_DECL_GETC_UNLOCKED 1
| #define HAVE_ICONV 1
| #define ICONV_CONST 
| #define HAVE_LANGINFO_CODESET 1
| #define HAVE_LC_MESSAGES 1
| #define ENABLE_NLS 1
| #define HAVE_GETTEXT 1
| #define HAVE_DCGETTEXT 1
| #define HAVE_DLFCN_H 1
| #define LT_OBJDIR ".libs/"
| #define HAVE_BOOST 1
| /* end confdefs.h.  */
| 
| #if defined _MSC_VER && _MSC_VER == 1400
| /* OK */
| #else
| # error defined _MSC_VER && _MSC_VER == 1400
| #endif
| 
| int
| main ()
| {
| 
|   ;
|   return 0;
| }
configure:19328: g++ -c -g -O2 -Wall -fpermissive  conftest.cpp >&5
conftest.cpp:94:3: error: #error defined __GNUC__ && __GNUC__ == 3 && __GNUC_MINOR__ == 2 && !defined __ICC
 # error defined __GNUC__ && __GNUC__ == 3 && __GNUC_MINOR__ == 2 && !defined __ICC
   ^
configure:19328: $? = 1
configure: failed program was:
| /* confdefs.h */
| #define PACKAGE_NAME "nightshade"
| #define PACKAGE_TARNAME "nightshade"
| #define PACKAGE_VERSION "11.12.1"
| #define PACKAGE_STRING "nightshade 11.12.1"
| #define PACKAGE_BUGREPORT "support@nightshadesoftware.org"
| #define PACKAGE_URL ""
| #define PACKAGE "nightshade"
| #define VERSION "11.12.1"
| #define STDC_HEADERS 1
| #define HAVE_SYS_TYPES_H 1
| #define HAVE_SYS_STAT_H 1
| #define HAVE_STDLIB_H 1
| #define HAVE_STRING_H 1
| #define HAVE_MEMORY_H 1
| #define HAVE_STRINGS_H 1
| #define HAVE_INTTYPES_H 1
| #define HAVE_STDINT_H 1
| #define HAVE_UNISTD_H 1
| #define HAVE_LONG_LONG 1
| #define HAVE_LONG_DOUBLE 1
| #define HAVE_WCHAR_T 1
| #define HAVE_WINT_T 1
| #define HAVE_INTTYPES_H_WITH_UINTMAX 1
| #define HAVE_STDINT_H_WITH_UINTMAX 1
| #define HAVE_INTMAX_T 1
| #define HAVE_POSIX_PRINTF 1
| #define HAVE_ALLOCA_H 1
| #define HAVE_ALLOCA 1
| #define HAVE_STDLIB_H 1
| #define HAVE_UNISTD_H 1
| #define HAVE_SYS_PARAM_H 1
| #define HAVE_GETPAGESIZE 1
| #define HAVE_MMAP 1
| #define INTDIV0_RAISES_SIGFPE 1
| #define HAVE_UNSIGNED_LONG_LONG 1
| #define HAVE_UINTMAX_T 1
| #define HAVE_INTTYPES_H 1
| #define HAVE_STDINT_H 1
| #define HAVE_STDINT_H 1
| #define HAVE_ARGZ_H 1
| #define HAVE_LIMITS_H 1
| #define HAVE_LOCALE_H 1
| #define HAVE_NL_TYPES_H 1
| #define HAVE_MALLOC_H 1
| #define HAVE_STDDEF_H 1
| #define HAVE_STDLIB_H 1
| #define HAVE_STRING_H 1
| #define HAVE_UNISTD_H 1
| #define HAVE_SYS_PARAM_H 1
| #define HAVE_ASPRINTF 1
| #define HAVE_FWPRINTF 1
| #define HAVE_GETCWD 1
| #define HAVE_GETEGID 1
| #define HAVE_GETEUID 1
| #define HAVE_GETGID 1
| #define HAVE_GETUID 1
| #define HAVE_MEMPCPY 1
| #define HAVE_MUNMAP 1
| #define HAVE_PUTENV 1
| #define HAVE_SETENV 1
| #define HAVE_SETLOCALE 1
| #define HAVE_SNPRINTF 1
| #define HAVE_STPCPY 1
| #define HAVE_STRCASECMP 1
| #define HAVE_STRDUP 1
| #define HAVE_STRTOUL 1
| #define HAVE_TSEARCH 1
| #define HAVE_WCSLEN 1
| #define HAVE___ARGZ_COUNT 1
| #define HAVE___ARGZ_STRINGIFY 1
| #define HAVE___ARGZ_NEXT 1
| #define HAVE___FSETLOCKING 1
| #define HAVE_DECL__SNPRINTF 0
| #define HAVE_DECL__SNWPRINTF 0
| #define HAVE_DECL_FEOF_UNLOCKED 1
| #define HAVE_DECL_FGETS_UNLOCKED 0
| #define HAVE_DECL_GETC_UNLOCKED 1
| #define HAVE_ICONV 1
| #define ICONV_CONST 
| #define HAVE_LANGINFO_CODESET 1
| #define HAVE_LC_MESSAGES 1
| #define ENABLE_NLS 1
| #define HAVE_GETTEXT 1
| #define HAVE_DCGETTEXT 1
| #define HAVE_DLFCN_H 1
| #define LT_OBJDIR ".libs/"
| #define HAVE_BOOST 1
| /* end confdefs.h.  */
| 
| #if defined __GNUC__ && __GNUC__ == 3 && __GNUC_MINOR__ == 2 && !defined __ICC
| /* OK */
| #else
| # error defined __GNUC__ && __GNUC__ == 3 && __GNUC_MINOR__ == 2 && !defined __ICC
| #endif
| 
| int
| main ()
| {
| 
|   ;
|   return 0;
| }
configure:19328: g++ -c -g -O2 -Wall -fpermissive  conftest.cpp >&5
conftest.cpp:94:3: error: #error defined _MSC_VER && _MSC_VER == 1310
 # error defined _MSC_VER && _MSC_VER == 1310
   ^
configure:19328: $? = 1
configure: failed program was:
| /* confdefs.h */
| #define PACKAGE_NAME "nightshade"
| #define PACKAGE_TARNAME "nightshade"
| #define PACKAGE_VERSION "11.12.1"
| #define PACKAGE_STRING "nightshade 11.12.1"
| #define PACKAGE_BUGREPORT "support@nightshadesoftware.org"
| #define PACKAGE_URL ""
| #define PACKAGE "nightshade"
| #define VERSION "11.12.1"
| #define STDC_HEADERS 1
| #define HAVE_SYS_TYPES_H 1
| #define HAVE_SYS_STAT_H 1
| #define HAVE_STDLIB_H 1
| #define HAVE_STRING_H 1
| #define HAVE_MEMORY_H 1
| #define HAVE_STRINGS_H 1
| #define HAVE_INTTYPES_H 1
| #define HAVE_STDINT_H 1
| #define HAVE_UNISTD_H 1
| #define HAVE_LONG_LONG 1
| #define HAVE_LONG_DOUBLE 1
| #define HAVE_WCHAR_T 1
| #define HAVE_WINT_T 1
| #define HAVE_INTTYPES_H_WITH_UINTMAX 1
| #define HAVE_STDINT_H_WITH_UINTMAX 1
| #define HAVE_INTMAX_T 1
| #define HAVE_POSIX_PRINTF 1
| #define HAVE_ALLOCA_H 1
| #define HAVE_ALLOCA 1
| #define HAVE_STDLIB_H 1
| #define HAVE_UNISTD_H 1
| #define HAVE_SYS_PARAM_H 1
| #define HAVE_GETPAGESIZE 1
| #define HAVE_MMAP 1
| #define INTDIV0_RAISES_SIGFPE 1
| #define HAVE_UNSIGNED_LONG_LONG 1
| #define HAVE_UINTMAX_T 1
| #define HAVE_INTTYPES_H 1
| #define HAVE_STDINT_H 1
| #define HAVE_STDINT_H 1
| #define HAVE_ARGZ_H 1
| #define HAVE_LIMITS_H 1
| #define HAVE_LOCALE_H 1
| #define HAVE_NL_TYPES_H 1
| #define HAVE_MALLOC_H 1
| #define HAVE_STDDEF_H 1
| #define HAVE_STDLIB_H 1
| #define HAVE_STRING_H 1
| #define HAVE_UNISTD_H 1
| #define HAVE_SYS_PARAM_H 1
| #define HAVE_ASPRINTF 1
| #define HAVE_FWPRINTF 1
| #define HAVE_GETCWD 1
| #define HAVE_GETEGID 1
| #define HAVE_GETEUID 1
| #define HAVE_GETGID 1
| #define HAVE_GETUID 1
| #define HAVE_MEMPCPY 1
| #define HAVE_MUNMAP 1
| #define HAVE_PUTENV 1
| #define HAVE_SETENV 1
| #define HAVE_SETLOCALE 1
| #define HAVE_SNPRINTF 1
| #define HAVE_STPCPY 1
| #define HAVE_STRCASECMP 1
| #define HAVE_STRDUP 1
| #define HAVE_STRTOUL 1
| #define HAVE_TSEARCH 1
| #define HAVE_WCSLEN 1
| #define HAVE___ARGZ_COUNT 1
| #define HAVE___ARGZ_STRINGIFY 1
| #define HAVE___ARGZ_NEXT 1
| #define HAVE___FSETLOCKING 1
| #define HAVE_DECL__SNPRINTF 0
| #define HAVE_DECL__SNWPRINTF 0
| #define HAVE_DECL_FEOF_UNLOCKED 1
| #define HAVE_DECL_FGETS_UNLOCKED 0
| #define HAVE_DECL_GETC_UNLOCKED 1
| #define HAVE_ICONV 1
| #define ICONV_CONST 
| #define HAVE_LANGINFO_CODESET 1
| #define HAVE_LC_MESSAGES 1
| #define ENABLE_NLS 1
| #define HAVE_GETTEXT 1
| #define HAVE_DCGETTEXT 1
| #define HAVE_DLFCN_H 1
| #define LT_OBJDIR ".libs/"
| #define HAVE_BOOST 1
| /* end confdefs.h.  */
| 
| #if defined _MSC_VER && _MSC_VER == 1310
| /* OK */
| #else
| # error defined _MSC_VER && _MSC_VER == 1310
| #endif
| 
| int
| main ()
| {
| 
|   ;
|   return 0;
| }
configure:19328: g++ -c -g -O2 -Wall -fpermissive  conftest.cpp >&5
conftest.cpp:94:3: error: #error defined __GNUC__ && __GNUC__ == 3 && __GNUC_MINOR__ == 1 && !defined __ICC
 # error defined __GNUC__ && __GNUC__ == 3 && __GNUC_MINOR__ == 1 && !defined __ICC
   ^
configure:19328: $? = 1
configure: failed program was:
| /* confdefs.h */
| #define PACKAGE_NAME "nightshade"
| #define PACKAGE_TARNAME "nightshade"
| #define PACKAGE_VERSION "11.12.1"
| #define PACKAGE_STRING "nightshade 11.12.1"
| #define PACKAGE_BUGREPORT "support@nightshadesoftware.org"
| #define PACKAGE_URL ""
| #define PACKAGE "nightshade"
| #define VERSION "11.12.1"
| #define STDC_HEADERS 1
| #define HAVE_SYS_TYPES_H 1
| #define HAVE_SYS_STAT_H 1
| #define HAVE_STDLIB_H 1
| #define HAVE_STRING_H 1
| #define HAVE_MEMORY_H 1
| #define HAVE_STRINGS_H 1
| #define HAVE_INTTYPES_H 1
| #define HAVE_STDINT_H 1
| #define HAVE_UNISTD_H 1
| #define HAVE_LONG_LONG 1
| #define HAVE_LONG_DOUBLE 1
| #define HAVE_WCHAR_T 1
| #define HAVE_WINT_T 1
| #define HAVE_INTTYPES_H_WITH_UINTMAX 1
| #define HAVE_STDINT_H_WITH_UINTMAX 1
| #define HAVE_INTMAX_T 1
| #define HAVE_POSIX_PRINTF 1
| #define HAVE_ALLOCA_H 1
| #define HAVE_ALLOCA 1
| #define HAVE_STDLIB_H 1
| #define HAVE_UNISTD_H 1
| #define HAVE_SYS_PARAM_H 1
| #define HAVE_GETPAGESIZE 1
| #define HAVE_MMAP 1
| #define INTDIV0_RAISES_SIGFPE 1
| #define HAVE_UNSIGNED_LONG_LONG 1
| #define HAVE_UINTMAX_T 1
| #define HAVE_INTTYPES_H 1
| #define HAVE_STDINT_H 1
| #define HAVE_STDINT_H 1
| #define HAVE_ARGZ_H 1
| #define HAVE_LIMITS_H 1
| #define HAVE_LOCALE_H 1
| #define HAVE_NL_TYPES_H 1
| #define HAVE_MALLOC_H 1
| #define HAVE_STDDEF_H 1
| #define HAVE_STDLIB_H 1
| #define HAVE_STRING_H 1
| #define HAVE_UNISTD_H 1
| #define HAVE_SYS_PARAM_H 1
| #define HAVE_ASPRINTF 1
| #define HAVE_FWPRINTF 1
| #define HAVE_GETCWD 1
| #define HAVE_GETEGID 1
| #define HAVE_GETEUID 1
| #define HAVE_GETGID 1
| #define HAVE_GETUID 1
| #define HAVE_MEMPCPY 1
| #define HAVE_MUNMAP 1
| #define HAVE_PUTENV 1
| #define HAVE_SETENV 1
| #define HAVE_SETLOCALE 1
| #define HAVE_SNPRINTF 1
| #define HAVE_STPCPY 1
| #define HAVE_STRCASECMP 1
| #define HAVE_STRDUP 1
| #define HAVE_STRTOUL 1
| #define HAVE_TSEARCH 1
| #define HAVE_WCSLEN 1
| #define HAVE___ARGZ_COUNT 1
| #define HAVE___ARGZ_STRINGIFY 1
| #define HAVE___ARGZ_NEXT 1
| #define HAVE___FSETLOCKING 1
| #define HAVE_DECL__SNPRINTF 0
| #define HAVE_DECL__SNWPRINTF 0
| #define HAVE_DECL_FEOF_UNLOCKED 1
| #define HAVE_DECL_FGETS_UNLOCKED 0
| #define HAVE_DECL_GETC_UNLOCKED 1
| #define HAVE_ICONV 1
| #define ICONV_CONST 
| #define HAVE_LANGINFO_CODESET 1
| #define HAVE_LC_MESSAGES 1
| #define ENABLE_NLS 1
| #define HAVE_GETTEXT 1
| #define HAVE_DCGETTEXT 1
| #define HAVE_DLFCN_H 1
| #define LT_OBJDIR ".libs/"
| #define HAVE_BOOST 1
| /* end confdefs.h.  */
| 
| #if defined __GNUC__ && __GNUC__ == 3 && __GNUC_MINOR__ == 1 && !defined __ICC
| /* OK */
| #else
| # error defined __GNUC__ && __GNUC__ == 3 && __GNUC_MINOR__ == 1 && !defined __ICC
| #endif
| 
| int
| main ()
| {
| 
|   ;
|   return 0;
| }
configure:19328: g++ -c -g -O2 -Wall -fpermissive  conftest.cpp >&5
conftest.cpp:94:3: error: #error defined __GNUC__ && __GNUC__ == 3 && __GNUC_MINOR__ == 0 && !defined __ICC
 # error defined __GNUC__ && __GNUC__ == 3 && __GNUC_MINOR__ == 0 && !defined __ICC
   ^
configure:19328: $? = 1
configure: failed program was:
| /* confdefs.h */
| #define PACKAGE_NAME "nightshade"
| #define PACKAGE_TARNAME "nightshade"
| #define PACKAGE_VERSION "11.12.1"
| #define PACKAGE_STRING "nightshade 11.12.1"
| #define PACKAGE_BUGREPORT "support@nightshadesoftware.org"
| #define PACKAGE_URL ""
| #define PACKAGE "nightshade"
| #define VERSION "11.12.1"
| #define STDC_HEADERS 1
| #define HAVE_SYS_TYPES_H 1
| #define HAVE_SYS_STAT_H 1
| #define HAVE_STDLIB_H 1
| #define HAVE_STRING_H 1
| #define HAVE_MEMORY_H 1
| #define HAVE_STRINGS_H 1
| #define HAVE_INTTYPES_H 1
| #define HAVE_STDINT_H 1
| #define HAVE_UNISTD_H 1
| #define HAVE_LONG_LONG 1
| #define HAVE_LONG_DOUBLE 1
| #define HAVE_WCHAR_T 1
| #define HAVE_WINT_T 1
| #define HAVE_INTTYPES_H_WITH_UINTMAX 1
| #define HAVE_STDINT_H_WITH_UINTMAX 1
| #define HAVE_INTMAX_T 1
| #define HAVE_POSIX_PRINTF 1
| #define HAVE_ALLOCA_H 1
| #define HAVE_ALLOCA 1
| #define HAVE_STDLIB_H 1
| #define HAVE_UNISTD_H 1
| #define HAVE_SYS_PARAM_H 1
| #define HAVE_GETPAGESIZE 1
| #define HAVE_MMAP 1
| #define INTDIV0_RAISES_SIGFPE 1
| #define HAVE_UNSIGNED_LONG_LONG 1
| #define HAVE_UINTMAX_T 1
| #define HAVE_INTTYPES_H 1
| #define HAVE_STDINT_H 1
| #define HAVE_STDINT_H 1
| #define HAVE_ARGZ_H 1
| #define HAVE_LIMITS_H 1
| #define HAVE_LOCALE_H 1
| #define HAVE_NL_TYPES_H 1
| #define HAVE_MALLOC_H 1
| #define HAVE_STDDEF_H 1
| #define HAVE_STDLIB_H 1
| #define HAVE_STRING_H 1
| #define HAVE_UNISTD_H 1
| #define HAVE_SYS_PARAM_H 1
| #define HAVE_ASPRINTF 1
| #define HAVE_FWPRINTF 1
| #define HAVE_GETCWD 1
| #define HAVE_GETEGID 1
| #define HAVE_GETEUID 1
| #define HAVE_GETGID 1
| #define HAVE_GETUID 1
| #define HAVE_MEMPCPY 1
| #define HAVE_MUNMAP 1
| #define HAVE_PUTENV 1
| #define HAVE_SETENV 1
| #define HAVE_SETLOCALE 1
| #define HAVE_SNPRINTF 1
| #define HAVE_STPCPY 1
| #define HAVE_STRCASECMP 1
| #define HAVE_STRDUP 1
| #define HAVE_STRTOUL 1
| #define HAVE_TSEARCH 1
| #define HAVE_WCSLEN 1
| #define HAVE___ARGZ_COUNT 1
| #define HAVE___ARGZ_STRINGIFY 1
| #define HAVE___ARGZ_NEXT 1
| #define HAVE___FSETLOCKING 1
| #define HAVE_DECL__SNPRINTF 0
| #define HAVE_DECL__SNWPRINTF 0
| #define HAVE_DECL_FEOF_UNLOCKED 1
| #define HAVE_DECL_FGETS_UNLOCKED 0
| #define HAVE_DECL_GETC_UNLOCKED 1
| #define HAVE_ICONV 1
| #define ICONV_CONST 
| #define HAVE_LANGINFO_CODESET 1
| #define HAVE_LC_MESSAGES 1
| #define ENABLE_NLS 1
| #define HAVE_GETTEXT 1
| #define HAVE_DCGETTEXT 1
| #define HAVE_DLFCN_H 1
| #define LT_OBJDIR ".libs/"
| #define HAVE_BOOST 1
| /* end confdefs.h.  */
| 
| #if defined __GNUC__ && __GNUC__ == 3 && __GNUC_MINOR__ == 0 && !defined __ICC
| /* OK */
| #else
| # error defined __GNUC__ && __GNUC__ == 3 && __GNUC_MINOR__ == 0 && !defined __ICC
| #endif
| 
| int
| main ()
| {
| 
|   ;
|   return 0;
| }
configure:19328: g++ -c -g -O2 -Wall -fpermissive  conftest.cpp >&5
conftest.cpp:94:3: error: #error defined __BORLANDC__
 # error defined __BORLANDC__
   ^
configure:19328: $? = 1
configure: failed program was:
| /* confdefs.h */
| #define PACKAGE_NAME "nightshade"
| #define PACKAGE_TARNAME "nightshade"
| #define PACKAGE_VERSION "11.12.1"
| #define PACKAGE_STRING "nightshade 11.12.1"
| #define PACKAGE_BUGREPORT "support@nightshadesoftware.org"
| #define PACKAGE_URL ""
| #define PACKAGE "nightshade"
| #define VERSION "11.12.1"
| #define STDC_HEADERS 1
| #define HAVE_SYS_TYPES_H 1
| #define HAVE_SYS_STAT_H 1
| #define HAVE_STDLIB_H 1
| #define HAVE_STRING_H 1
| #define HAVE_MEMORY_H 1
| #define HAVE_STRINGS_H 1
| #define HAVE_INTTYPES_H 1
| #define HAVE_STDINT_H 1
| #define HAVE_UNISTD_H 1
| #define HAVE_LONG_LONG 1
| #define HAVE_LONG_DOUBLE 1
| #define HAVE_WCHAR_T 1
| #define HAVE_WINT_T 1
| #define HAVE_INTTYPES_H_WITH_UINTMAX 1
| #define HAVE_STDINT_H_WITH_UINTMAX 1
| #define HAVE_INTMAX_T 1
| #define HAVE_POSIX_PRINTF 1
| #define HAVE_ALLOCA_H 1
| #define HAVE_ALLOCA 1
| #define HAVE_STDLIB_H 1
| #define HAVE_UNISTD_H 1
| #define HAVE_SYS_PARAM_H 1
| #define HAVE_GETPAGESIZE 1
| #define HAVE_MMAP 1
| #define INTDIV0_RAISES_SIGFPE 1
| #define HAVE_UNSIGNED_LONG_LONG 1
| #define HAVE_UINTMAX_T 1
| #define HAVE_INTTYPES_H 1
| #define HAVE_STDINT_H 1
| #define HAVE_STDINT_H 1
| #define HAVE_ARGZ_H 1
| #define HAVE_LIMITS_H 1
| #define HAVE_LOCALE_H 1
| #define HAVE_NL_TYPES_H 1
| #define HAVE_MALLOC_H 1
| #define HAVE_STDDEF_H 1
| #define HAVE_STDLIB_H 1
| #define HAVE_STRING_H 1
| #define HAVE_UNISTD_H 1
| #define HAVE_SYS_PARAM_H 1
| #define HAVE_ASPRINTF 1
| #define HAVE_FWPRINTF 1
| #define HAVE_GETCWD 1
| #define HAVE_GETEGID 1
| #define HAVE_GETEUID 1
| #define HAVE_GETGID 1
| #define HAVE_GETUID 1
| #define HAVE_MEMPCPY 1
| #define HAVE_MUNMAP 1
| #define HAVE_PUTENV 1
| #define HAVE_SETENV 1
| #define HAVE_SETLOCALE 1
| #define HAVE_SNPRINTF 1
| #define HAVE_STPCPY 1
| #define HAVE_STRCASECMP 1
| #define HAVE_STRDUP 1
| #define HAVE_STRTOUL 1
| #define HAVE_TSEARCH 1
| #define HAVE_WCSLEN 1
| #define HAVE___ARGZ_COUNT 1
| #define HAVE___ARGZ_STRINGIFY 1
| #define HAVE___ARGZ_NEXT 1
| #define HAVE___FSETLOCKING 1
| #define HAVE_DECL__SNPRINTF 0
| #define HAVE_DECL__SNWPRINTF 0
| #define HAVE_DECL_FEOF_UNLOCKED 1
| #define HAVE_DECL_FGETS_UNLOCKED 0
| #define HAVE_DECL_GETC_UNLOCKED 1
| #define HAVE_ICONV 1
| #define ICONV_CONST 
| #define HAVE_LANGINFO_CODESET 1
| #define HAVE_LC_MESSAGES 1
| #define ENABLE_NLS 1
| #define HAVE_GETTEXT 1
| #define HAVE_DCGETTEXT 1
| #define HAVE_DLFCN_H 1
| #define LT_OBJDIR ".libs/"
| #define HAVE_BOOST 1
| /* end confdefs.h.  */
| 
| #if defined __BORLANDC__
| /* OK */
| #else
| # error defined __BORLANDC__
| #endif
| 
| int
| main ()
| {
| 
|   ;
|   return 0;
| }
configure:19328: g++ -c -g -O2 -Wall -fpermissive  conftest.cpp >&5
conftest.cpp:91:49: error: operator "defined" requires an identifier
 #if defined __ICC && (defined __unix || defined )
                                                 ^
conftest.cpp:91:22: error: missing ')' in expression
 #if defined __ICC && (defined __unix || defined )
                      ^
conftest.cpp:94:3: error: #error defined __ICC && (defined __unix || defined )
 # error defined __ICC && (defined __unix || defined )
   ^
configure:19328: $? = 1
configure: failed program was:
| /* confdefs.h */
| #define PACKAGE_NAME "nightshade"
| #define PACKAGE_TARNAME "nightshade"
| #define PACKAGE_VERSION "11.12.1"
| #define PACKAGE_STRING "nightshade 11.12.1"
| #define PACKAGE_BUGREPORT "support@nightshadesoftware.org"
| #define PACKAGE_URL ""
| #define PACKAGE "nightshade"
| #define VERSION "11.12.1"
| #define STDC_HEADERS 1
| #define HAVE_SYS_TYPES_H 1
| #define HAVE_SYS_STAT_H 1
| #define HAVE_STDLIB_H 1
| #define HAVE_STRING_H 1
| #define HAVE_MEMORY_H 1
| #define HAVE_STRINGS_H 1
| #define HAVE_INTTYPES_H 1
| #define HAVE_STDINT_H 1
| #define HAVE_UNISTD_H 1
| #define HAVE_LONG_LONG 1
| #define HAVE_LONG_DOUBLE 1
| #define HAVE_WCHAR_T 1
| #define HAVE_WINT_T 1
| #define HAVE_INTTYPES_H_WITH_UINTMAX 1
| #define HAVE_STDINT_H_WITH_UINTMAX 1
| #define HAVE_INTMAX_T 1
| #define HAVE_POSIX_PRINTF 1
| #define HAVE_ALLOCA_H 1
| #define HAVE_ALLOCA 1
| #define HAVE_STDLIB_H 1
| #define HAVE_UNISTD_H 1
| #define HAVE_SYS_PARAM_H 1
| #define HAVE_GETPAGESIZE 1
| #define HAVE_MMAP 1
| #define INTDIV0_RAISES_SIGFPE 1
| #define HAVE_UNSIGNED_LONG_LONG 1
| #define HAVE_UINTMAX_T 1
| #define HAVE_INTTYPES_H 1
| #define HAVE_STDINT_H 1
| #define HAVE_STDINT_H 1
| #define HAVE_ARGZ_H 1
| #define HAVE_LIMITS_H 1
| #define HAVE_LOCALE_H 1
| #define HAVE_NL_TYPES_H 1
| #define HAVE_MALLOC_H 1
| #define HAVE_STDDEF_H 1
| #define HAVE_STDLIB_H 1
| #define HAVE_STRING_H 1
| #define HAVE_UNISTD_H 1
| #define HAVE_SYS_PARAM_H 1
| #define HAVE_ASPRINTF 1
| #define HAVE_FWPRINTF 1
| #define HAVE_GETCWD 1
| #define HAVE_GETEGID 1
| #define HAVE_GETEUID 1
| #define HAVE_GETGID 1
| #define HAVE_GETUID 1
| #define HAVE_MEMPCPY 1
| #define HAVE_MUNMAP 1
| #define HAVE_PUTENV 1
| #define HAVE_SETENV 1
| #define HAVE_SETLOCALE 1
| #define HAVE_SNPRINTF 1
| #define HAVE_STPCPY 1
| #define HAVE_STRCASECMP 1
| #define HAVE_STRDUP 1
| #define HAVE_STRTOUL 1
| #define HAVE_TSEARCH 1
| #define HAVE_WCSLEN 1
| #define HAVE___ARGZ_COUNT 1
| #define HAVE___ARGZ_STRINGIFY 1
| #define HAVE___ARGZ_NEXT 1
| #define HAVE___FSETLOCKING 1
| #define HAVE_DECL__SNPRINTF 0
| #define HAVE_DECL__SNWPRINTF 0
| #define HAVE_DECL_FEOF_UNLOCKED 1
| #define HAVE_DECL_FGETS_UNLOCKED 0
| #define HAVE_DECL_GETC_UNLOCKED 1
| #define HAVE_ICONV 1
| #define ICONV_CONST 
| #define HAVE_LANGINFO_CODESET 1
| #define HAVE_LC_MESSAGES 1
| #define ENABLE_NLS 1
| #define HAVE_GETTEXT 1
| #define HAVE_DCGETTEXT 1
| #define HAVE_DLFCN_H 1
| #define LT_OBJDIR ".libs/"
| #define HAVE_BOOST 1
| /* end confdefs.h.  */
| 
| #if defined __ICC && (defined __unix || defined )
| /* OK */
| #else
| # error defined __ICC && (defined __unix || defined )
| #endif
| 
| int
| main ()
| {
| 
|   ;
|   return 0;
| }
configure:19328: g++ -c -g -O2 -Wall -fpermissive  conftest.cpp >&5
conftest.cpp:94:3: error: #error defined __ICL
 # error defined __ICL
   ^
configure:19328: $? = 1
configure: failed program was:
| /* confdefs.h */
| #define PACKAGE_NAME "nightshade"
| #define PACKAGE_TARNAME "nightshade"
| #define PACKAGE_VERSION "11.12.1"
| #define PACKAGE_STRING "nightshade 11.12.1"
| #define PACKAGE_BUGREPORT "support@nightshadesoftware.org"
| #define PACKAGE_URL ""
| #define PACKAGE "nightshade"
| #define VERSION "11.12.1"
| #define STDC_HEADERS 1
| #define HAVE_SYS_TYPES_H 1
| #define HAVE_SYS_STAT_H 1
| #define HAVE_STDLIB_H 1
| #define HAVE_STRING_H 1
| #define HAVE_MEMORY_H 1
| #define HAVE_STRINGS_H 1
| #define HAVE_INTTYPES_H 1
| #define HAVE_STDINT_H 1
| #define HAVE_UNISTD_H 1
| #define HAVE_LONG_LONG 1
| #define HAVE_LONG_DOUBLE 1
| #define HAVE_WCHAR_T 1
| #define HAVE_WINT_T 1
| #define HAVE_INTTYPES_H_WITH_UINTMAX 1
| #define HAVE_STDINT_H_WITH_UINTMAX 1
| #define HAVE_INTMAX_T 1
| #define HAVE_POSIX_PRINTF 1
| #define HAVE_ALLOCA_H 1
| #define HAVE_ALLOCA 1
| #define HAVE_STDLIB_H 1
| #define HAVE_UNISTD_H 1
| #define HAVE_SYS_PARAM_H 1
| #define HAVE_GETPAGESIZE 1
| #define HAVE_MMAP 1
| #define INTDIV0_RAISES_SIGFPE 1
| #define HAVE_UNSIGNED_LONG_LONG 1
| #define HAVE_UINTMAX_T 1
| #define HAVE_INTTYPES_H 1
| #define HAVE_STDINT_H 1
| #define HAVE_STDINT_H 1
| #define HAVE_ARGZ_H 1
| #define HAVE_LIMITS_H 1
| #define HAVE_LOCALE_H 1
| #define HAVE_NL_TYPES_H 1
| #define HAVE_MALLOC_H 1
| #define HAVE_STDDEF_H 1
| #define HAVE_STDLIB_H 1
| #define HAVE_STRING_H 1
| #define HAVE_UNISTD_H 1
| #define HAVE_SYS_PARAM_H 1
| #define HAVE_ASPRINTF 1
| #define HAVE_FWPRINTF 1
| #define HAVE_GETCWD 1
| #define HAVE_GETEGID 1
| #define HAVE_GETEUID 1
| #define HAVE_GETGID 1
| #define HAVE_GETUID 1
| #define HAVE_MEMPCPY 1
| #define HAVE_MUNMAP 1
| #define HAVE_PUTENV 1
| #define HAVE_SETENV 1
| #define HAVE_SETLOCALE 1
| #define HAVE_SNPRINTF 1
| #define HAVE_STPCPY 1
| #define HAVE_STRCASECMP 1
| #define HAVE_STRDUP 1
| #define HAVE_STRTOUL 1
| #define HAVE_TSEARCH 1
| #define HAVE_WCSLEN 1
| #define HAVE___ARGZ_COUNT 1
| #define HAVE___ARGZ_STRINGIFY 1
| #define HAVE___ARGZ_NEXT 1
| #define HAVE___FSETLOCKING 1
| #define HAVE_DECL__SNPRINTF 0
| #define HAVE_DECL__SNWPRINTF 0
| #define HAVE_DECL_FEOF_UNLOCKED 1
| #define HAVE_DECL_FGETS_UNLOCKED 0
| #define HAVE_DECL_GETC_UNLOCKED 1
| #define HAVE_ICONV 1
| #define ICONV_CONST 
| #define HAVE_LANGINFO_CODESET 1
| #define HAVE_LC_MESSAGES 1
| #define ENABLE_NLS 1
| #define HAVE_GETTEXT 1
| #define HAVE_DCGETTEXT 1
| #define HAVE_DLFCN_H 1
| #define LT_OBJDIR ".libs/"
| #define HAVE_BOOST 1
| /* end confdefs.h.  */
| 
| #if defined __ICL
| /* OK */
| #else
| # error defined __ICL
| #endif
| 
| int
| main ()
| {
| 
|   ;
|   return 0;
| }
configure:19328: g++ -c -g -O2 -Wall -fpermissive  conftest.cpp >&5
conftest.cpp:94:3: error: #error defined _MSC_VER && _MSC_VER == 1300
 # error defined _MSC_VER && _MSC_VER == 1300
   ^
configure:19328: $? = 1
configure: failed program was:
| /* confdefs.h */
| #define PACKAGE_NAME "nightshade"
| #define PACKAGE_TARNAME "nightshade"
| #define PACKAGE_VERSION "11.12.1"
| #define PACKAGE_STRING "nightshade 11.12.1"
| #define PACKAGE_BUGREPORT "support@nightshadesoftware.org"
| #define PACKAGE_URL ""
| #define PACKAGE "nightshade"
| #define VERSION "11.12.1"
| #define STDC_HEADERS 1
| #define HAVE_SYS_TYPES_H 1
| #define HAVE_SYS_STAT_H 1
| #define HAVE_STDLIB_H 1
| #define HAVE_STRING_H 1
| #define HAVE_MEMORY_H 1
| #define HAVE_STRINGS_H 1
| #define HAVE_INTTYPES_H 1
| #define HAVE_STDINT_H 1
| #define HAVE_UNISTD_H 1
| #define HAVE_LONG_LONG 1
| #define HAVE_LONG_DOUBLE 1
| #define HAVE_WCHAR_T 1
| #define HAVE_WINT_T 1
| #define HAVE_INTTYPES_H_WITH_UINTMAX 1
| #define HAVE_STDINT_H_WITH_UINTMAX 1
| #define HAVE_INTMAX_T 1
| #define HAVE_POSIX_PRINTF 1
| #define HAVE_ALLOCA_H 1
| #define HAVE_ALLOCA 1
| #define HAVE_STDLIB_H 1
| #define HAVE_UNISTD_H 1
| #define HAVE_SYS_PARAM_H 1
| #define HAVE_GETPAGESIZE 1
| #define HAVE_MMAP 1
| #define INTDIV0_RAISES_SIGFPE 1
| #define HAVE_UNSIGNED_LONG_LONG 1
| #define HAVE_UINTMAX_T 1
| #define HAVE_INTTYPES_H 1
| #define HAVE_STDINT_H 1
| #define HAVE_STDINT_H 1
| #define HAVE_ARGZ_H 1
| #define HAVE_LIMITS_H 1
| #define HAVE_LOCALE_H 1
| #define HAVE_NL_TYPES_H 1
| #define HAVE_MALLOC_H 1
| #define HAVE_STDDEF_H 1
| #define HAVE_STDLIB_H 1
| #define HAVE_STRING_H 1
| #define HAVE_UNISTD_H 1
| #define HAVE_SYS_PARAM_H 1
| #define HAVE_ASPRINTF 1
| #define HAVE_FWPRINTF 1
| #define HAVE_GETCWD 1
| #define HAVE_GETEGID 1
| #define HAVE_GETEUID 1
| #define HAVE_GETGID 1
| #define HAVE_GETUID 1
| #define HAVE_MEMPCPY 1
| #define HAVE_MUNMAP 1
| #define HAVE_PUTENV 1
| #define HAVE_SETENV 1
| #define HAVE_SETLOCALE 1
| #define HAVE_SNPRINTF 1
| #define HAVE_STPCPY 1
| #define HAVE_STRCASECMP 1
| #define HAVE_STRDUP 1
| #define HAVE_STRTOUL 1
| #define HAVE_TSEARCH 1
| #define HAVE_WCSLEN 1
| #define HAVE___ARGZ_COUNT 1
| #define HAVE___ARGZ_STRINGIFY 1
| #define HAVE___ARGZ_NEXT 1
| #define HAVE___FSETLOCKING 1
| #define HAVE_DECL__SNPRINTF 0
| #define HAVE_DECL__SNWPRINTF 0
| #define HAVE_DECL_FEOF_UNLOCKED 1
| #define HAVE_DECL_FGETS_UNLOCKED 0
| #define HAVE_DECL_GETC_UNLOCKED 1
| #define HAVE_ICONV 1
| #define ICONV_CONST 
| #define HAVE_LANGINFO_CODESET 1
| #define HAVE_LC_MESSAGES 1
| #define ENABLE_NLS 1
| #define HAVE_GETTEXT 1
| #define HAVE_DCGETTEXT 1
| #define HAVE_DLFCN_H 1
| #define LT_OBJDIR ".libs/"
| #define HAVE_BOOST 1
| /* end confdefs.h.  */
| 
| #if defined _MSC_VER && _MSC_VER == 1300
| /* OK */
| #else
| # error defined _MSC_VER && _MSC_VER == 1300
| #endif
| 
| int
| main ()
| {
| 
|   ;
|   return 0;
| }
configure:19328: g++ -c -g -O2 -Wall -fpermissive  conftest.cpp >&5
conftest.cpp:94:3: error: #error defined __GNUC__ && __GNUC__ == 2 && __GNUC_MINOR__ == 95 && !defined __ICC
 # error defined __GNUC__ && __GNUC__ == 2 && __GNUC_MINOR__ == 95 && !defined __ICC
   ^
configure:19328: $? = 1
configure: failed program was:
| /* confdefs.h */
| #define PACKAGE_NAME "nightshade"
| #define PACKAGE_TARNAME "nightshade"
| #define PACKAGE_VERSION "11.12.1"
| #define PACKAGE_STRING "nightshade 11.12.1"
| #define PACKAGE_BUGREPORT "support@nightshadesoftware.org"
| #define PACKAGE_URL ""
| #define PACKAGE "nightshade"
| #define VERSION "11.12.1"
| #define STDC_HEADERS 1
| #define HAVE_SYS_TYPES_H 1
| #define HAVE_SYS_STAT_H 1
| #define HAVE_STDLIB_H 1
| #define HAVE_STRING_H 1
| #define HAVE_MEMORY_H 1
| #define HAVE_STRINGS_H 1
| #define HAVE_INTTYPES_H 1
| #define HAVE_STDINT_H 1
| #define HAVE_UNISTD_H 1
| #define HAVE_LONG_LONG 1
| #define HAVE_LONG_DOUBLE 1
| #define HAVE_WCHAR_T 1
| #define HAVE_WINT_T 1
| #define HAVE_INTTYPES_H_WITH_UINTMAX 1
| #define HAVE_STDINT_H_WITH_UINTMAX 1
| #define HAVE_INTMAX_T 1
| #define HAVE_POSIX_PRINTF 1
| #define HAVE_ALLOCA_H 1
| #define HAVE_ALLOCA 1
| #define HAVE_STDLIB_H 1
| #define HAVE_UNISTD_H 1
| #define HAVE_SYS_PARAM_H 1
| #define HAVE_GETPAGESIZE 1
| #define HAVE_MMAP 1
| #define INTDIV0_RAISES_SIGFPE 1
| #define HAVE_UNSIGNED_LONG_LONG 1
| #define HAVE_UINTMAX_T 1
| #define HAVE_INTTYPES_H 1
| #define HAVE_STDINT_H 1
| #define HAVE_STDINT_H 1
| #define HAVE_ARGZ_H 1
| #define HAVE_LIMITS_H 1
| #define HAVE_LOCALE_H 1
| #define HAVE_NL_TYPES_H 1
| #define HAVE_MALLOC_H 1
| #define HAVE_STDDEF_H 1
| #define HAVE_STDLIB_H 1
| #define HAVE_STRING_H 1
| #define HAVE_UNISTD_H 1
| #define HAVE_SYS_PARAM_H 1
| #define HAVE_ASPRINTF 1
| #define HAVE_FWPRINTF 1
| #define HAVE_GETCWD 1
| #define HAVE_GETEGID 1
| #define HAVE_GETEUID 1
| #define HAVE_GETGID 1
| #define HAVE_GETUID 1
| #define HAVE_MEMPCPY 1
| #define HAVE_MUNMAP 1
| #define HAVE_PUTENV 1
| #define HAVE_SETENV 1
| #define HAVE_SETLOCALE 1
| #define HAVE_SNPRINTF 1
| #define HAVE_STPCPY 1
| #define HAVE_STRCASECMP 1
| #define HAVE_STRDUP 1
| #define HAVE_STRTOUL 1
| #define HAVE_TSEARCH 1
| #define HAVE_WCSLEN 1
| #define HAVE___ARGZ_COUNT 1
| #define HAVE___ARGZ_STRINGIFY 1
| #define HAVE___ARGZ_NEXT 1
| #define HAVE___FSETLOCKING 1
| #define HAVE_DECL__SNPRINTF 0
| #define HAVE_DECL__SNWPRINTF 0
| #define HAVE_DECL_FEOF_UNLOCKED 1
| #define HAVE_DECL_FGETS_UNLOCKED 0
| #define HAVE_DECL_GETC_UNLOCKED 1
| #define HAVE_ICONV 1
| #define ICONV_CONST 
| #define HAVE_LANGINFO_CODESET 1
| #define HAVE_LC_MESSAGES 1
| #define ENABLE_NLS 1
| #define HAVE_GETTEXT 1
| #define HAVE_DCGETTEXT 1
| #define HAVE_DLFCN_H 1
| #define LT_OBJDIR ".libs/"
| #define HAVE_BOOST 1
| /* end confdefs.h.  */
| 
| #if defined __GNUC__ && __GNUC__ == 2 && __GNUC_MINOR__ == 95 && !defined __ICC
| /* OK */
| #else
| # error defined __GNUC__ && __GNUC__ == 2 && __GNUC_MINOR__ == 95 && !defined __ICC
| #endif
| 
| int
| main ()
| {
| 
|   ;
|   return 0;
| }
configure:19328: g++ -c -g -O2 -Wall -fpermissive  conftest.cpp >&5
conftest.cpp:94:3: error: #error defined __MWERKS__ && __MWERKS__ <= 0x32FF
 # error defined __MWERKS__ && __MWERKS__ <= 0x32FF
   ^
configure:19328: $? = 1
configure: failed program was:
| /* confdefs.h */
| #define PACKAGE_NAME "nightshade"
| #define PACKAGE_TARNAME "nightshade"
| #define PACKAGE_VERSION "11.12.1"
| #define PACKAGE_STRING "nightshade 11.12.1"
| #define PACKAGE_BUGREPORT "support@nightshadesoftware.org"
| #define PACKAGE_URL ""
| #define PACKAGE "nightshade"
| #define VERSION "11.12.1"
| #define STDC_HEADERS 1
| #define HAVE_SYS_TYPES_H 1
| #define HAVE_SYS_STAT_H 1
| #define HAVE_STDLIB_H 1
| #define HAVE_STRING_H 1
| #define HAVE_MEMORY_H 1
| #define HAVE_STRINGS_H 1
| #define HAVE_INTTYPES_H 1
| #define HAVE_STDINT_H 1
| #define HAVE_UNISTD_H 1
| #define HAVE_LONG_LONG 1
| #define HAVE_LONG_DOUBLE 1
| #define HAVE_WCHAR_T 1
| #define HAVE_WINT_T 1
| #define HAVE_INTTYPES_H_WITH_UINTMAX 1
| #define HAVE_STDINT_H_WITH_UINTMAX 1
| #define HAVE_INTMAX_T 1
| #define HAVE_POSIX_PRINTF 1
| #define HAVE_ALLOCA_H 1
| #define HAVE_ALLOCA 1
| #define HAVE_STDLIB_H 1
| #define HAVE_UNISTD_H 1
| #define HAVE_SYS_PARAM_H 1
| #define HAVE_GETPAGESIZE 1
| #define HAVE_MMAP 1
| #define INTDIV0_RAISES_SIGFPE 1
| #define HAVE_UNSIGNED_LONG_LONG 1
| #define HAVE_UINTMAX_T 1
| #define HAVE_INTTYPES_H 1
| #define HAVE_STDINT_H 1
| #define HAVE_STDINT_H 1
| #define HAVE_ARGZ_H 1
| #define HAVE_LIMITS_H 1
| #define HAVE_LOCALE_H 1
| #define HAVE_NL_TYPES_H 1
| #define HAVE_MALLOC_H 1
| #define HAVE_STDDEF_H 1
| #define HAVE_STDLIB_H 1
| #define HAVE_STRING_H 1
| #define HAVE_UNISTD_H 1
| #define HAVE_SYS_PARAM_H 1
| #define HAVE_ASPRINTF 1
| #define HAVE_FWPRINTF 1
| #define HAVE_GETCWD 1
| #define HAVE_GETEGID 1
| #define HAVE_GETEUID 1
| #define HAVE_GETGID 1
| #define HAVE_GETUID 1
| #define HAVE_MEMPCPY 1
| #define HAVE_MUNMAP 1
| #define HAVE_PUTENV 1
| #define HAVE_SETENV 1
| #define HAVE_SETLOCALE 1
| #define HAVE_SNPRINTF 1
| #define HAVE_STPCPY 1
| #define HAVE_STRCASECMP 1
| #define HAVE_STRDUP 1
| #define HAVE_STRTOUL 1
| #define HAVE_TSEARCH 1
| #define HAVE_WCSLEN 1
| #define HAVE___ARGZ_COUNT 1
| #define HAVE___ARGZ_STRINGIFY 1
| #define HAVE___ARGZ_NEXT 1
| #define HAVE___FSETLOCKING 1
| #define HAVE_DECL__SNPRINTF 0
| #define HAVE_DECL__SNWPRINTF 0
| #define HAVE_DECL_FEOF_UNLOCKED 1
| #define HAVE_DECL_FGETS_UNLOCKED 0
| #define HAVE_DECL_GETC_UNLOCKED 1
| #define HAVE_ICONV 1
| #define ICONV_CONST 
| #define HAVE_LANGINFO_CODESET 1
| #define HAVE_LC_MESSAGES 1
| #define ENABLE_NLS 1
| #define HAVE_GETTEXT 1
| #define HAVE_DCGETTEXT 1
| #define HAVE_DLFCN_H 1
| #define LT_OBJDIR ".libs/"
| #define HAVE_BOOST 1
| /* end confdefs.h.  */
| 
| #if defined __MWERKS__ && __MWERKS__ <= 0x32FF
| /* OK */
| #else
| # error defined __MWERKS__ && __MWERKS__ <= 0x32FF
| #endif
| 
| int
| main ()
| {
| 
|   ;
|   return 0;
| }
configure:19328: g++ -c -g -O2 -Wall -fpermissive  conftest.cpp >&5
conftest.cpp:94:3: error: #error defined _MSC_VER && _MSC_VER < 1300 && !defined UNDER_CE
 # error defined _MSC_VER && _MSC_VER < 1300 && !defined UNDER_CE
   ^
configure:19328: $? = 1
configure: failed program was:
| /* confdefs.h */
| #define PACKAGE_NAME "nightshade"
| #define PACKAGE_TARNAME "nightshade"
| #define PACKAGE_VERSION "11.12.1"
| #define PACKAGE_STRING "nightshade 11.12.1"
| #define PACKAGE_BUGREPORT "support@nightshadesoftware.org"
| #define PACKAGE_URL ""
| #define PACKAGE "nightshade"
| #define VERSION "11.12.1"
| #define STDC_HEADERS 1
| #define HAVE_SYS_TYPES_H 1
| #define HAVE_SYS_STAT_H 1
| #define HAVE_STDLIB_H 1
| #define HAVE_STRING_H 1
| #define HAVE_MEMORY_H 1
| #define HAVE_STRINGS_H 1
| #define HAVE_INTTYPES_H 1
| #define HAVE_STDINT_H 1
| #define HAVE_UNISTD_H 1
| #define HAVE_LONG_LONG 1
| #define HAVE_LONG_DOUBLE 1
| #define HAVE_WCHAR_T 1
| #define HAVE_WINT_T 1
| #define HAVE_INTTYPES_H_WITH_UINTMAX 1
| #define HAVE_STDINT_H_WITH_UINTMAX 1
| #define HAVE_INTMAX_T 1
| #define HAVE_POSIX_PRINTF 1
| #define HAVE_ALLOCA_H 1
| #define HAVE_ALLOCA 1
| #define HAVE_STDLIB_H 1
| #define HAVE_UNISTD_H 1
| #define HAVE_SYS_PARAM_H 1
| #define HAVE_GETPAGESIZE 1
| #define HAVE_MMAP 1
| #define INTDIV0_RAISES_SIGFPE 1
| #define HAVE_UNSIGNED_LONG_LONG 1
| #define HAVE_UINTMAX_T 1
| #define HAVE_INTTYPES_H 1
| #define HAVE_STDINT_H 1
| #define HAVE_STDINT_H 1
| #define HAVE_ARGZ_H 1
| #define HAVE_LIMITS_H 1
| #define HAVE_LOCALE_H 1
| #define HAVE_NL_TYPES_H 1
| #define HAVE_MALLOC_H 1
| #define HAVE_STDDEF_H 1
| #define HAVE_STDLIB_H 1
| #define HAVE_STRING_H 1
| #define HAVE_UNISTD_H 1
| #define HAVE_SYS_PARAM_H 1
| #define HAVE_ASPRINTF 1
| #define HAVE_FWPRINTF 1
| #define HAVE_GETCWD 1
| #define HAVE_GETEGID 1
| #define HAVE_GETEUID 1
| #define HAVE_GETGID 1
| #define HAVE_GETUID 1
| #define HAVE_MEMPCPY 1
| #define HAVE_MUNMAP 1
| #define HAVE_PUTENV 1
| #define HAVE_SETENV 1
| #define HAVE_SETLOCALE 1
| #define HAVE_SNPRINTF 1
| #define HAVE_STPCPY 1
| #define HAVE_STRCASECMP 1
| #define HAVE_STRDUP 1
| #define HAVE_STRTOUL 1
| #define HAVE_TSEARCH 1
| #define HAVE_WCSLEN 1
| #define HAVE___ARGZ_COUNT 1
| #define HAVE___ARGZ_STRINGIFY 1
| #define HAVE___ARGZ_NEXT 1
| #define HAVE___FSETLOCKING 1
| #define HAVE_DECL__SNPRINTF 0
| #define HAVE_DECL__SNWPRINTF 0
| #define HAVE_DECL_FEOF_UNLOCKED 1
| #define HAVE_DECL_FGETS_UNLOCKED 0
| #define HAVE_DECL_GETC_UNLOCKED 1
| #define HAVE_ICONV 1
| #define ICONV_CONST 
| #define HAVE_LANGINFO_CODESET 1
| #define HAVE_LC_MESSAGES 1
| #define ENABLE_NLS 1
| #define HAVE_GETTEXT 1
| #define HAVE_DCGETTEXT 1
| #define HAVE_DLFCN_H 1
| #define LT_OBJDIR ".libs/"
| #define HAVE_BOOST 1
| /* end confdefs.h.  */
| 
| #if defined _MSC_VER && _MSC_VER < 1300 && !defined UNDER_CE
| /* OK */
| #else
| # error defined _MSC_VER && _MSC_VER < 1300 && !defined UNDER_CE
| #endif
| 
| int
| main ()
| {
| 
|   ;
|   return 0;
| }
configure:19328: g++ -c -g -O2 -Wall -fpermissive  conftest.cpp >&5
conftest.cpp:94:3: error: #error defined _MSC_VER && _MSC_VER < 1300 && defined UNDER_CE
 # error defined _MSC_VER && _MSC_VER < 1300 && defined UNDER_CE
   ^
configure:19328: $? = 1
configure: failed program was:
| /* confdefs.h */
| #define PACKAGE_NAME "nightshade"
| #define PACKAGE_TARNAME "nightshade"
| #define PACKAGE_VERSION "11.12.1"
| #define PACKAGE_STRING "nightshade 11.12.1"
| #define PACKAGE_BUGREPORT "support@nightshadesoftware.org"
| #define PACKAGE_URL ""
| #define PACKAGE "nightshade"
| #define VERSION "11.12.1"
| #define STDC_HEADERS 1
| #define HAVE_SYS_TYPES_H 1
| #define HAVE_SYS_STAT_H 1
| #define HAVE_STDLIB_H 1
| #define HAVE_STRING_H 1
| #define HAVE_MEMORY_H 1
| #define HAVE_STRINGS_H 1
| #define HAVE_INTTYPES_H 1
| #define HAVE_STDINT_H 1
| #define HAVE_UNISTD_H 1
| #define HAVE_LONG_LONG 1
| #define HAVE_LONG_DOUBLE 1
| #define HAVE_WCHAR_T 1
| #define HAVE_WINT_T 1
| #define HAVE_INTTYPES_H_WITH_UINTMAX 1
| #define HAVE_STDINT_H_WITH_UINTMAX 1
| #define HAVE_INTMAX_T 1
| #define HAVE_POSIX_PRINTF 1
| #define HAVE_ALLOCA_H 1
| #define HAVE_ALLOCA 1
| #define HAVE_STDLIB_H 1
| #define HAVE_UNISTD_H 1
| #define HAVE_SYS_PARAM_H 1
| #define HAVE_GETPAGESIZE 1
| #define HAVE_MMAP 1
| #define INTDIV0_RAISES_SIGFPE 1
| #define HAVE_UNSIGNED_LONG_LONG 1
| #define HAVE_UINTMAX_T 1
| #define HAVE_INTTYPES_H 1
| #define HAVE_STDINT_H 1
| #define HAVE_STDINT_H 1
| #define HAVE_ARGZ_H 1
| #define HAVE_LIMITS_H 1
| #define HAVE_LOCALE_H 1
| #define HAVE_NL_TYPES_H 1
| #define HAVE_MALLOC_H 1
| #define HAVE_STDDEF_H 1
| #define HAVE_STDLIB_H 1
| #define HAVE_STRING_H 1
| #define HAVE_UNISTD_H 1
| #define HAVE_SYS_PARAM_H 1
| #define HAVE_ASPRINTF 1
| #define HAVE_FWPRINTF 1
| #define HAVE_GETCWD 1
| #define HAVE_GETEGID 1
| #define HAVE_GETEUID 1
| #define HAVE_GETGID 1
| #define HAVE_GETUID 1
| #define HAVE_MEMPCPY 1
| #define HAVE_MUNMAP 1
| #define HAVE_PUTENV 1
| #define HAVE_SETENV 1
| #define HAVE_SETLOCALE 1
| #define HAVE_SNPRINTF 1
| #define HAVE_STPCPY 1
| #define HAVE_STRCASECMP 1
| #define HAVE_STRDUP 1
| #define HAVE_STRTOUL 1
| #define HAVE_TSEARCH 1
| #define HAVE_WCSLEN 1
| #define HAVE___ARGZ_COUNT 1
| #define HAVE___ARGZ_STRINGIFY 1
| #define HAVE___ARGZ_NEXT 1
| #define HAVE___FSETLOCKING 1
| #define HAVE_DECL__SNPRINTF 0
| #define HAVE_DECL__SNWPRINTF 0
| #define HAVE_DECL_FEOF_UNLOCKED 1
| #define HAVE_DECL_FGETS_UNLOCKED 0
| #define HAVE_DECL_GETC_UNLOCKED 1
| #define HAVE_ICONV 1
| #define ICONV_CONST 
| #define HAVE_LANGINFO_CODESET 1
| #define HAVE_LC_MESSAGES 1
| #define ENABLE_NLS 1
| #define HAVE_GETTEXT 1
| #define HAVE_DCGETTEXT 1
| #define HAVE_DLFCN_H 1
| #define LT_OBJDIR ".libs/"
| #define HAVE_BOOST 1
| /* end confdefs.h.  */
| 
| #if defined _MSC_VER && _MSC_VER < 1300 && defined UNDER_CE
| /* OK */
| #else
| # error defined _MSC_VER && _MSC_VER < 1300 && defined UNDER_CE
| #endif
| 
| int
| main ()
| {
| 
|   ;
|   return 0;
| }
configure:19328: g++ -c -g -O2 -Wall -fpermissive  conftest.cpp >&5
conftest.cpp:94:3: error: #error defined __MWERKS__ && __MWERKS__ <= 0x31FF
 # error defined __MWERKS__ && __MWERKS__ <= 0x31FF
   ^
configure:19328: $? = 1
configure: failed program was:
| /* confdefs.h */
| #define PACKAGE_NAME "nightshade"
| #define PACKAGE_TARNAME "nightshade"
| #define PACKAGE_VERSION "11.12.1"
| #define PACKAGE_STRING "nightshade 11.12.1"
| #define PACKAGE_BUGREPORT "support@nightshadesoftware.org"
| #define PACKAGE_URL ""
| #define PACKAGE "nightshade"
| #define VERSION "11.12.1"
| #define STDC_HEADERS 1
| #define HAVE_SYS_TYPES_H 1
| #define HAVE_SYS_STAT_H 1
| #define HAVE_STDLIB_H 1
| #define HAVE_STRING_H 1
| #define HAVE_MEMORY_H 1
| #define HAVE_STRINGS_H 1
| #define HAVE_INTTYPES_H 1
| #define HAVE_STDINT_H 1
| #define HAVE_UNISTD_H 1
| #define HAVE_LONG_LONG 1
| #define HAVE_LONG_DOUBLE 1
| #define HAVE_WCHAR_T 1
| #define HAVE_WINT_T 1
| #define HAVE_INTTYPES_H_WITH_UINTMAX 1
| #define HAVE_STDINT_H_WITH_UINTMAX 1
| #define HAVE_INTMAX_T 1
| #define HAVE_POSIX_PRINTF 1
| #define HAVE_ALLOCA_H 1
| #define HAVE_ALLOCA 1
| #define HAVE_STDLIB_H 1
| #define HAVE_UNISTD_H 1
| #define HAVE_SYS_PARAM_H 1
| #define HAVE_GETPAGESIZE 1
| #define HAVE_MMAP 1
| #define INTDIV0_RAISES_SIGFPE 1
| #define HAVE_UNSIGNED_LONG_LONG 1
| #define HAVE_UINTMAX_T 1
| #define HAVE_INTTYPES_H 1
| #define HAVE_STDINT_H 1
| #define HAVE_STDINT_H 1
| #define HAVE_ARGZ_H 1
| #define HAVE_LIMITS_H 1
| #define HAVE_LOCALE_H 1
| #define HAVE_NL_TYPES_H 1
| #define HAVE_MALLOC_H 1
| #define HAVE_STDDEF_H 1
| #define HAVE_STDLIB_H 1
| #define HAVE_STRING_H 1
| #define HAVE_UNISTD_H 1
| #define HAVE_SYS_PARAM_H 1
| #define HAVE_ASPRINTF 1
| #define HAVE_FWPRINTF 1
| #define HAVE_GETCWD 1
| #define HAVE_GETEGID 1
| #define HAVE_GETEUID 1
| #define HAVE_GETGID 1
| #define HAVE_GETUID 1
| #define HAVE_MEMPCPY 1
| #define HAVE_MUNMAP 1
| #define HAVE_PUTENV 1
| #define HAVE_SETENV 1
| #define HAVE_SETLOCALE 1
| #define HAVE_SNPRINTF 1
| #define HAVE_STPCPY 1
| #define HAVE_STRCASECMP 1
| #define HAVE_STRDUP 1
| #define HAVE_STRTOUL 1
| #define HAVE_TSEARCH 1
| #define HAVE_WCSLEN 1
| #define HAVE___ARGZ_COUNT 1
| #define HAVE___ARGZ_STRINGIFY 1
| #define HAVE___ARGZ_NEXT 1
| #define HAVE___FSETLOCKING 1
| #define HAVE_DECL__SNPRINTF 0
| #define HAVE_DECL__SNWPRINTF 0
| #define HAVE_DECL_FEOF_UNLOCKED 1
| #define HAVE_DECL_FGETS_UNLOCKED 0
| #define HAVE_DECL_GETC_UNLOCKED 1
| #define HAVE_ICONV 1
| #define ICONV_CONST 
| #define HAVE_LANGINFO_CODESET 1
| #define HAVE_LC_MESSAGES 1
| #define ENABLE_NLS 1
| #define HAVE_GETTEXT 1
| #define HAVE_DCGETTEXT 1
| #define HAVE_DLFCN_H 1
| #define LT_OBJDIR ".libs/"
| #define HAVE_BOOST 1
| /* end confdefs.h.  */
| 
| #if defined __MWERKS__ && __MWERKS__ <= 0x31FF
| /* OK */
| #else
| # error defined __MWERKS__ && __MWERKS__ <= 0x31FF
| #endif
| 
| int
| main ()
| {
| 
|   ;
|   return 0;
| }
configure:19356: WARNING: could not figure out which toolset name to use for g++
configure:19363: result: 
configure:19390: gcc -c -g -O2 -Wall  conftest.c >&5
conftest.c:94:3: error: #error MT not needed
 # error MT not needed
   ^
configure:19390: $? = 1
configure: failed program was:
| /* confdefs.h */
| #define PACKAGE_NAME "nightshade"
| #define PACKAGE_TARNAME "nightshade"
| #define PACKAGE_VERSION "11.12.1"
| #define PACKAGE_STRING "nightshade 11.12.1"
| #define PACKAGE_BUGREPORT "support@nightshadesoftware.org"
| #define PACKAGE_URL ""
| #define PACKAGE "nightshade"
| #define VERSION "11.12.1"
| #define STDC_HEADERS 1
| #define HAVE_SYS_TYPES_H 1
| #define HAVE_SYS_STAT_H 1
| #define HAVE_STDLIB_H 1
| #define HAVE_STRING_H 1
| #define HAVE_MEMORY_H 1
| #define HAVE_STRINGS_H 1
| #define HAVE_INTTYPES_H 1
| #define HAVE_STDINT_H 1
| #define HAVE_UNISTD_H 1
| #define HAVE_LONG_LONG 1
| #define HAVE_LONG_DOUBLE 1
| #define HAVE_WCHAR_T 1
| #define HAVE_WINT_T 1
| #define HAVE_INTTYPES_H_WITH_UINTMAX 1
| #define HAVE_STDINT_H_WITH_UINTMAX 1
| #define HAVE_INTMAX_T 1
| #define HAVE_POSIX_PRINTF 1
| #define HAVE_ALLOCA_H 1
| #define HAVE_ALLOCA 1
| #define HAVE_STDLIB_H 1
| #define HAVE_UNISTD_H 1
| #define HAVE_SYS_PARAM_H 1
| #define HAVE_GETPAGESIZE 1
| #define HAVE_MMAP 1
| #define INTDIV0_RAISES_SIGFPE 1
| #define HAVE_UNSIGNED_LONG_LONG 1
| #define HAVE_UINTMAX_T 1
| #define HAVE_INTTYPES_H 1
| #define HAVE_STDINT_H 1
| #define HAVE_STDINT_H 1
| #define HAVE_ARGZ_H 1
| #define HAVE_LIMITS_H 1
| #define HAVE_LOCALE_H 1
| #define HAVE_NL_TYPES_H 1
| #define HAVE_MALLOC_H 1
| #define HAVE_STDDEF_H 1
| #define HAVE_STDLIB_H 1
| #define HAVE_STRING_H 1
| #define HAVE_UNISTD_H 1
| #define HAVE_SYS_PARAM_H 1
| #define HAVE_ASPRINTF 1
| #define HAVE_FWPRINTF 1
| #define HAVE_GETCWD 1
| #define HAVE_GETEGID 1
| #define HAVE_GETEUID 1
| #define HAVE_GETGID 1
| #define HAVE_GETUID 1
| #define HAVE_MEMPCPY 1
| #define HAVE_MUNMAP 1
| #define HAVE_PUTENV 1
| #define HAVE_SETENV 1
| #define HAVE_SETLOCALE 1
| #define HAVE_SNPRINTF 1
| #define HAVE_STPCPY 1
| #define HAVE_STRCASECMP 1
| #define HAVE_STRDUP 1
| #define HAVE_STRTOUL 1
| #define HAVE_TSEARCH 1
| #define HAVE_WCSLEN 1
| #define HAVE___ARGZ_COUNT 1
| #define HAVE___ARGZ_STRINGIFY 1
| #define HAVE___ARGZ_NEXT 1
| #define HAVE___FSETLOCKING 1
| #define HAVE_DECL__SNPRINTF 0
| #define HAVE_DECL__SNWPRINTF 0
| #define HAVE_DECL_FEOF_UNLOCKED 1
| #define HAVE_DECL_FGETS_UNLOCKED 0
| #define HAVE_DECL_GETC_UNLOCKED 1
| #define HAVE_ICONV 1
| #define ICONV_CONST 
| #define HAVE_LANGINFO_CODESET 1
| #define HAVE_LC_MESSAGES 1
| #define ENABLE_NLS 1
| #define HAVE_GETTEXT 1
| #define HAVE_DCGETTEXT 1
| #define HAVE_DLFCN_H 1
| #define LT_OBJDIR ".libs/"
| #define HAVE_BOOST 1
| /* end confdefs.h.  */
| 
| #if defined _REENTRANT || defined _MT || defined __MT__
| /* use -mt */
| #else
| # error MT not needed
| #endif
| 
| int
| main ()
| {
| 
|   ;
|   return 0;
| }
configure:19418: checking boost/system/error_code.hpp usability
configure:19418: g++ -c -g -O2 -Wall -fpermissive   conftest.cpp >&5
configure:19418: $? = 0
configure:19418: result: yes
configure:19418: checking boost/system/error_code.hpp presence
configure:19418: g++ -E   conftest.cpp
configure:19418: $? = 0
configure:19418: result: yes
configure:19418: checking for boost/system/error_code.hpp
configure:19418: result: yes
configure:19445: checking for the Boost system library
configure:19487: g++ -c -g -O2 -Wall -fpermissive   conftest.cpp >&5
configure:19487: $? = 0
configure:19538: re-using the existing conftest.o
configure:19544: g++ -o conftest -g -O2 -Wall -fpermissive    -L/usr/local/lib conftest.o -lboost_system--mt-1_42  -lm -lrt >&5
/usr/bin/ld: cannot find -lboost_system--mt-1_42
collect2: error: ld returned 1 exit status
configure:19553: $? = 1
configure:19538: re-using the existing conftest.o
configure:19544: g++ -o conftest -g -O2 -Wall -fpermissive    -L/usr/lib conftest.o -lboost_system--mt-1_42  -lm -lrt >&5
/usr/bin/ld: cannot find -lboost_system--mt-1_42
collect2: error: ld returned 1 exit status
configure:19553: $? = 1
configure:19538: re-using the existing conftest.o
configure:19544: g++ -o conftest -g -O2 -Wall -fpermissive    -L/lib conftest.o -lboost_system--mt-1_42  -lm -lrt >&5
/usr/bin/ld: cannot find -lboost_system--mt-1_42
collect2: error: ld returned 1 exit status
configure:19553: $? = 1
configure:19538: re-using the existing conftest.o
configure:19544: g++ -o conftest -g -O2 -Wall -fpermissive    -L/lib64 conftest.o -lboost_system--mt-1_42  -lm -lrt >&5
/usr/bin/ld: cannot find -lboost_system--mt-1_42
collect2: error: ld returned 1 exit status
configure:19553: $? = 1
configure:19538: re-using the existing conftest.o
configure:19544: g++ -o conftest -g -O2 -Wall -fpermissive    -L/usr/local/lib conftest.o -lboost_system--1_42  -lm -lrt >&5
/usr/bin/ld: cannot find -lboost_system--1_42
collect2: error: ld returned 1 exit status
configure:19553: $? = 1
configure:19538: re-using the existing conftest.o
configure:19544: g++ -o conftest -g -O2 -Wall -fpermissive    -L/usr/lib conftest.o -lboost_system--1_42  -lm -lrt >&5
/usr/bin/ld: cannot find -lboost_system--1_42
collect2: error: ld returned 1 exit status
configure:19553: $? = 1
configure:19538: re-using the existing conftest.o
configure:19544: g++ -o conftest -g -O2 -Wall -fpermissive    -L/lib conftest.o -lboost_system--1_42  -lm -lrt >&5
/usr/bin/ld: cannot find -lboost_system--1_42
collect2: error: ld returned 1 exit status
configure:19553: $? = 1
configure:19538: re-using the existing conftest.o
configure:19544: g++ -o conftest -g -O2 -Wall -fpermissive    -L/lib64 conftest.o -lboost_system--1_42  -lm -lrt >&5
/usr/bin/ld: cannot find -lboost_system--1_42
collect2: error: ld returned 1 exit status
configure:19553: $? = 1
configure:19538: re-using the existing conftest.o
configure:19544: g++ -o conftest -g -O2 -Wall -fpermissive    -L/usr/local/lib conftest.o -lboost_system--mt-d-1_42  -lm -lrt >&5
/usr/bin/ld: cannot find -lboost_system--mt-d-1_42
collect2: error: ld returned 1 exit status
configure:19553: $? = 1
configure:19538: re-using the existing conftest.o
configure:19544: g++ -o conftest -g -O2 -Wall -fpermissive    -L/usr/lib conftest.o -lboost_system--mt-d-1_42  -lm -lrt >&5
/usr/bin/ld: cannot find -lboost_system--mt-d-1_42
collect2: error: ld returned 1 exit status
configure:19553: $? = 1
configure:19538: re-using the existing conftest.o
configure:19544: g++ -o conftest -g -O2 -Wall -fpermissive    -L/lib conftest.o -lboost_system--mt-d-1_42  -lm -lrt >&5
/usr/bin/ld: cannot find -lboost_system--mt-d-1_42
collect2: error: ld returned 1 exit status
configure:19553: $? = 1
configure:19538: re-using the existing conftest.o
configure:19544: g++ -o conftest -g -O2 -Wall -fpermissive    -L/lib64 conftest.o -lboost_system--mt-d-1_42  -lm -lrt >&5
/usr/bin/ld: cannot find -lboost_system--mt-d-1_42
collect2: error: ld returned 1 exit status
configure:19553: $? = 1
configure:19538: re-using the existing conftest.o
configure:19544: g++ -o conftest -g -O2 -Wall -fpermissive    -L/usr/local/lib conftest.o -lboost_system--d-1_42  -lm -lrt >&5
/usr/bin/ld: cannot find -lboost_system--d-1_42
collect2: error: ld returned 1 exit status
configure:19553: $? = 1
configure:19538: re-using the existing conftest.o
configure:19544: g++ -o conftest -g -O2 -Wall -fpermissive    -L/usr/lib conftest.o -lboost_system--d-1_42  -lm -lrt >&5
/usr/bin/ld: cannot find -lboost_system--d-1_42
collect2: error: ld returned 1 exit status
configure:19553: $? = 1
configure:19538: re-using the existing conftest.o
configure:19544: g++ -o conftest -g -O2 -Wall -fpermissive    -L/lib conftest.o -lboost_system--d-1_42  -lm -lrt >&5
/usr/bin/ld: cannot find -lboost_system--d-1_42
collect2: error: ld returned 1 exit status
configure:19553: $? = 1
configure:19538: re-using the existing conftest.o
configure:19544: g++ -o conftest -g -O2 -Wall -fpermissive    -L/lib64 conftest.o -lboost_system--d-1_42  -lm -lrt >&5
/usr/bin/ld: cannot find -lboost_system--d-1_42
collect2: error: ld returned 1 exit status
configure:19553: $? = 1
configure:19538: re-using the existing conftest.o
configure:19544: g++ -o conftest -g -O2 -Wall -fpermissive    -L/usr/local/lib conftest.o -lboost_system--mt  -lm -lrt >&5
/usr/bin/ld: cannot find -lboost_system--mt
collect2: error: ld returned 1 exit status
configure:19553: $? = 1
configure:19538: re-using the existing conftest.o
configure:19544: g++ -o conftest -g -O2 -Wall -fpermissive    -L/usr/lib conftest.o -lboost_system--mt  -lm -lrt >&5
/usr/bin/ld: cannot find -lboost_system--mt
collect2: error: ld returned 1 exit status
configure:19553: $? = 1
configure:19538: re-using the existing conftest.o
configure:19544: g++ -o conftest -g -O2 -Wall -fpermissive    -L/lib conftest.o -lboost_system--mt  -lm -lrt >&5
/usr/bin/ld: cannot find -lboost_system--mt
collect2: error: ld returned 1 exit status
configure:19553: $? = 1
configure:19538: re-using the existing conftest.o
configure:19544: g++ -o conftest -g -O2 -Wall -fpermissive    -L/lib64 conftest.o -lboost_system--mt  -lm -lrt >&5
/usr/bin/ld: cannot find -lboost_system--mt
collect2: error: ld returned 1 exit status
configure:19553: $? = 1
configure:19538: re-using the existing conftest.o
configure:19544: g++ -o conftest -g -O2 -Wall -fpermissive    -L/usr/local/lib conftest.o -lboost_system-  -lm -lrt >&5
/usr/bin/ld: cannot find -lboost_system-
collect2: error: ld returned 1 exit status
configure:19553: $? = 1
configure:19538: re-using the existing conftest.o
configure:19544: g++ -o conftest -g -O2 -Wall -fpermissive    -L/usr/lib conftest.o -lboost_system-  -lm -lrt >&5
/usr/bin/ld: cannot find -lboost_system-
collect2: error: ld returned 1 exit status
configure:19553: $? = 1
configure:19538: re-using the existing conftest.o
configure:19544: g++ -o conftest -g -O2 -Wall -fpermissive    -L/lib conftest.o -lboost_system-  -lm -lrt >&5
/usr/bin/ld: cannot find -lboost_system-
collect2: error: ld returned 1 exit status
configure:19553: $? = 1
configure:19538: re-using the existing conftest.o
configure:19544: g++ -o conftest -g -O2 -Wall -fpermissive    -L/lib64 conftest.o -lboost_system-  -lm -lrt >&5
/usr/bin/ld: cannot find -lboost_system-
collect2: error: ld returned 1 exit status
configure:19553: $? = 1
configure:19538: re-using the existing conftest.o
configure:19544: g++ -o conftest -g -O2 -Wall -fpermissive    -L/usr/local/lib conftest.o -lboost_system--mt-d  -lm -lrt >&5
/usr/bin/ld: cannot find -lboost_system--mt-d
collect2: error: ld returned 1 exit status
configure:19553: $? = 1
configure:19538: re-using the existing conftest.o
configure:19544: g++ -o conftest -g -O2 -Wall -fpermissive    -L/usr/lib conftest.o -lboost_system--mt-d  -lm -lrt >&5
/usr/bin/ld: cannot find -lboost_system--mt-d
collect2: error: ld returned 1 exit status
configure:19553: $? = 1
configure:19538: re-using the existing conftest.o
configure:19544: g++ -o conftest -g -O2 -Wall -fpermissive    -L/lib conftest.o -lboost_system--mt-d  -lm -lrt >&5
/usr/bin/ld: cannot find -lboost_system--mt-d
collect2: error: ld returned 1 exit status
configure:19553: $? = 1
configure:19538: re-using the existing conftest.o
configure:19544: g++ -o conftest -g -O2 -Wall -fpermissive    -L/lib64 conftest.o -lboost_system--mt-d  -lm -lrt >&5
/usr/bin/ld: cannot find -lboost_system--mt-d
collect2: error: ld returned 1 exit status
configure:19553: $? = 1
configure:19538: re-using the existing conftest.o
configure:19544: g++ -o conftest -g -O2 -Wall -fpermissive    -L/usr/local/lib conftest.o -lboost_system--d  -lm -lrt >&5
/usr/bin/ld: cannot find -lboost_system--d
collect2: error: ld returned 1 exit status
configure:19553: $? = 1
configure:19538: re-using the existing conftest.o
configure:19544: g++ -o conftest -g -O2 -Wall -fpermissive    -L/usr/lib conftest.o -lboost_system--d  -lm -lrt >&5
/usr/bin/ld: cannot find -lboost_system--d
collect2: error: ld returned 1 exit status
configure:19553: $? = 1
configure:19538: re-using the existing conftest.o
configure:19544: g++ -o conftest -g -O2 -Wall -fpermissive    -L/lib conftest.o -lboost_system--d  -lm -lrt >&5
/usr/bin/ld: cannot find -lboost_system--d
collect2: error: ld returned 1 exit status
configure:19553: $? = 1
configure:19538: re-using the existing conftest.o
configure:19544: g++ -o conftest -g -O2 -Wall -fpermissive    -L/lib64 conftest.o -lboost_system--d  -lm -lrt >&5
/usr/bin/ld: cannot find -lboost_system--d
collect2: error: ld returned 1 exit status
configure:19553: $? = 1
configure:19538: re-using the existing conftest.o
configure:19544: g++ -o conftest -g -O2 -Wall -fpermissive    -L/usr/local/lib conftest.o -lboost_system-mt-1_42  -lm -lrt >&5
/usr/bin/ld: cannot find -lboost_system-mt-1_42
collect2: error: ld returned 1 exit status
configure:19553: $? = 1
configure:19538: re-using the existing conftest.o
configure:19544: g++ -o conftest -g -O2 -Wall -fpermissive    -L/usr/lib conftest.o -lboost_system-mt-1_42  -lm -lrt >&5
/usr/bin/ld: cannot find -lboost_system-mt-1_42
collect2: error: ld returned 1 exit status
configure:19553: $? = 1
configure:19538: re-using the existing conftest.o
configure:19544: g++ -o conftest -g -O2 -Wall -fpermissive    -L/lib conftest.o -lboost_system-mt-1_42  -lm -lrt >&5
/usr/bin/ld: cannot find -lboost_system-mt-1_42
collect2: error: ld returned 1 exit status
configure:19553: $? = 1
configure:19538: re-using the existing conftest.o
configure:19544: g++ -o conftest -g -O2 -Wall -fpermissive    -L/lib64 conftest.o -lboost_system-mt-1_42  -lm -lrt >&5
/usr/bin/ld: cannot find -lboost_system-mt-1_42
collect2: error: ld returned 1 exit status
configure:19553: $? = 1
configure:19538: re-using the existing conftest.o
configure:19544: g++ -o conftest -g -O2 -Wall -fpermissive    -L/usr/local/lib conftest.o -lboost_system-1_42  -lm -lrt >&5
/usr/bin/ld: cannot find -lboost_system-1_42
collect2: error: ld returned 1 exit status
configure:19553: $? = 1
configure:19538: re-using the existing conftest.o
configure:19544: g++ -o conftest -g -O2 -Wall -fpermissive    -L/usr/lib conftest.o -lboost_system-1_42  -lm -lrt >&5
/usr/bin/ld: cannot find -lboost_system-1_42
collect2: error: ld returned 1 exit status
configure:19553: $? = 1
configure:19538: re-using the existing conftest.o
configure:19544: g++ -o conftest -g -O2 -Wall -fpermissive    -L/lib conftest.o -lboost_system-1_42  -lm -lrt >&5
/usr/bin/ld: cannot find -lboost_system-1_42
collect2: error: ld returned 1 exit status
configure:19553: $? = 1
configure:19538: re-using the existing conftest.o
configure:19544: g++ -o conftest -g -O2 -Wall -fpermissive    -L/lib64 conftest.o -lboost_system-1_42  -lm -lrt >&5
/usr/bin/ld: cannot find -lboost_system-1_42
collect2: error: ld returned 1 exit status
configure:19553: $? = 1
configure:19538: re-using the existing conftest.o
configure:19544: g++ -o conftest -g -O2 -Wall -fpermissive    -L/usr/local/lib conftest.o -lboost_system-mt-d-1_42  -lm -lrt >&5
/usr/bin/ld: cannot find -lboost_system-mt-d-1_42
collect2: error: ld returned 1 exit status
configure:19553: $? = 1
configure:19538: re-using the existing conftest.o
configure:19544: g++ -o conftest -g -O2 -Wall -fpermissive    -L/usr/lib conftest.o -lboost_system-mt-d-1_42  -lm -lrt >&5
/usr/bin/ld: cannot find -lboost_system-mt-d-1_42
collect2: error: ld returned 1 exit status
configure:19553: $? = 1
configure:19538: re-using the existing conftest.o
configure:19544: g++ -o conftest -g -O2 -Wall -fpermissive    -L/lib conftest.o -lboost_system-mt-d-1_42  -lm -lrt >&5
/usr/bin/ld: cannot find -lboost_system-mt-d-1_42
collect2: error: ld returned 1 exit status
configure:19553: $? = 1
configure:19538: re-using the existing conftest.o
configure:19544: g++ -o conftest -g -O2 -Wall -fpermissive    -L/lib64 conftest.o -lboost_system-mt-d-1_42  -lm -lrt >&5
/usr/bin/ld: cannot find -lboost_system-mt-d-1_42
collect2: error: ld returned 1 exit status
configure:19553: $? = 1
configure:19538: re-using the existing conftest.o
configure:19544: g++ -o conftest -g -O2 -Wall -fpermissive    -L/usr/local/lib conftest.o -lboost_system-d-1_42  -lm -lrt >&5
/usr/bin/ld: cannot find -lboost_system-d-1_42
collect2: error: ld returned 1 exit status
configure:19553: $? = 1
configure:19538: re-using the existing conftest.o
configure:19544: g++ -o conftest -g -O2 -Wall -fpermissive    -L/usr/lib conftest.o -lboost_system-d-1_42  -lm -lrt >&5
/usr/bin/ld: cannot find -lboost_system-d-1_42
collect2: error: ld returned 1 exit status
configure:19553: $? = 1
configure:19538: re-using the existing conftest.o
configure:19544: g++ -o conftest -g -O2 -Wall -fpermissive    -L/lib conftest.o -lboost_system-d-1_42  -lm -lrt >&5
/usr/bin/ld: cannot find -lboost_system-d-1_42
collect2: error: ld returned 1 exit status
configure:19553: $? = 1
configure:19538: re-using the existing conftest.o
configure:19544: g++ -o conftest -g -O2 -Wall -fpermissive    -L/lib64 conftest.o -lboost_system-d-1_42  -lm -lrt >&5
/usr/bin/ld: cannot find -lboost_system-d-1_42
collect2: error: ld returned 1 exit status
configure:19553: $? = 1
configure:19538: re-using the existing conftest.o
configure:19544: g++ -o conftest -g -O2 -Wall -fpermissive    -L/usr/local/lib conftest.o /usr/local/lib/libboost_system.a  -lm -lrt >&5
configure:19553: $? = 0
configure:19593: result: yes
configure:19640: checking for boost/system/error_code.hpp
configure:19640: result: yes
configure:19667: checking for the Boost system library
configure:19815: result: yes
configure:19863: checking boost/filesystem/path.hpp usability
configure:19863: g++ -c -g -O2 -Wall -fpermissive   conftest.cpp >&5
configure:19863: $? = 0
configure:19863: result: yes
configure:19863: checking boost/filesystem/path.hpp presence
configure:19863: g++ -E   conftest.cpp
configure:19863: $? = 0
configure:19863: result: yes
configure:19863: checking for boost/filesystem/path.hpp
configure:19863: result: yes
configure:19890: checking for the Boost filesystem library
configure:19932: g++ -c -g -O2 -Wall -fpermissive   conftest.cpp >&5
configure:19932: $? = 0
configure:19983: re-using the existing conftest.o
configure:19989: g++ -o conftest -g -O2 -Wall -fpermissive    -L/usr/local/lib -Wl,-R/usr/local/lib -L/usr/local/lib conftest.o -lboost_filesystem--mt-1_42  -lm -lrt /usr/local/lib/libboost_system.a >&5
/usr/bin/ld: cannot find -lboost_filesystem--mt-1_42
collect2: error: ld returned 1 exit status
configure:19998: $? = 1
configure:19983: re-using the existing conftest.o
configure:19989: g++ -o conftest -g -O2 -Wall -fpermissive    -L/usr/local/lib -Wl,-R/usr/local/lib -L/usr/lib conftest.o -lboost_filesystem--mt-1_42  -lm -lrt /usr/local/lib/libboost_system.a >&5
/usr/bin/ld: cannot find -lboost_filesystem--mt-1_42
collect2: error: ld returned 1 exit status
configure:19998: $? = 1
configure:19983: re-using the existing conftest.o
configure:19989: g++ -o conftest -g -O2 -Wall -fpermissive    -L/usr/local/lib -Wl,-R/usr/local/lib -L/lib conftest.o -lboost_filesystem--mt-1_42  -lm -lrt /usr/local/lib/libboost_system.a >&5
/usr/bin/ld: cannot find -lboost_filesystem--mt-1_42
collect2: error: ld returned 1 exit status
configure:19998: $? = 1
configure:19983: re-using the existing conftest.o
configure:19989: g++ -o conftest -g -O2 -Wall -fpermissive    -L/usr/local/lib -Wl,-R/usr/local/lib -L/lib64 conftest.o -lboost_filesystem--mt-1_42  -lm -lrt /usr/local/lib/libboost_system.a >&5
/usr/bin/ld: cannot find -lboost_filesystem--mt-1_42
collect2: error: ld returned 1 exit status
configure:19998: $? = 1
configure:19983: re-using the existing conftest.o
configure:19989: g++ -o conftest -g -O2 -Wall -fpermissive    -L/usr/local/lib -Wl,-R/usr/local/lib -L/usr/local/lib conftest.o -lboost_filesystem--1_42  -lm -lrt /usr/local/lib/libboost_system.a >&5
/usr/bin/ld: cannot find -lboost_filesystem--1_42
collect2: error: ld returned 1 exit status
configure:19998: $? = 1
configure:19983: re-using the existing conftest.o
configure:19989: g++ -o conftest -g -O2 -Wall -fpermissive    -L/usr/local/lib -Wl,-R/usr/local/lib -L/usr/lib conftest.o -lboost_filesystem--1_42  -lm -lrt /usr/local/lib/libboost_system.a >&5
/usr/bin/ld: cannot find -lboost_filesystem--1_42
collect2: error: ld returned 1 exit status
configure:19998: $? = 1
configure:19983: re-using the existing conftest.o
configure:19989: g++ -o conftest -g -O2 -Wall -fpermissive    -L/usr/local/lib -Wl,-R/usr/local/lib -L/lib conftest.o -lboost_filesystem--1_42  -lm -lrt /usr/local/lib/libboost_system.a >&5
/usr/bin/ld: cannot find -lboost_filesystem--1_42
collect2: error: ld returned 1 exit status
configure:19998: $? = 1
configure:19983: re-using the existing conftest.o
configure:19989: g++ -o conftest -g -O2 -Wall -fpermissive    -L/usr/local/lib -Wl,-R/usr/local/lib -L/lib64 conftest.o -lboost_filesystem--1_42  -lm -lrt /usr/local/lib/libboost_system.a >&5
/usr/bin/ld: cannot find -lboost_filesystem--1_42
collect2: error: ld returned 1 exit status
configure:19998: $? = 1
configure:19983: re-using the existing conftest.o
configure:19989: g++ -o conftest -g -O2 -Wall -fpermissive    -L/usr/local/lib -Wl,-R/usr/local/lib -L/usr/local/lib conftest.o -lboost_filesystem--mt-d-1_42  -lm -lrt /usr/local/lib/libboost_system.a >&5
/usr/bin/ld: cannot find -lboost_filesystem--mt-d-1_42
collect2: error: ld returned 1 exit status
configure:19998: $? = 1
configure:19983: re-using the existing conftest.o
configure:19989: g++ -o conftest -g -O2 -Wall -fpermissive    -L/usr/local/lib -Wl,-R/usr/local/lib -L/usr/lib conftest.o -lboost_filesystem--mt-d-1_42  -lm -lrt /usr/local/lib/libboost_system.a >&5
/usr/bin/ld: cannot find -lboost_filesystem--mt-d-1_42
collect2: error: ld returned 1 exit status
configure:19998: $? = 1
configure:19983: re-using the existing conftest.o
configure:19989: g++ -o conftest -g -O2 -Wall -fpermissive    -L/usr/local/lib -Wl,-R/usr/local/lib -L/lib conftest.o -lboost_filesystem--mt-d-1_42  -lm -lrt /usr/local/lib/libboost_system.a >&5
/usr/bin/ld: cannot find -lboost_filesystem--mt-d-1_42
collect2: error: ld returned 1 exit status
configure:19998: $? = 1
configure:19983: re-using the existing conftest.o
configure:19989: g++ -o conftest -g -O2 -Wall -fpermissive    -L/usr/local/lib -Wl,-R/usr/local/lib -L/lib64 conftest.o -lboost_filesystem--mt-d-1_42  -lm -lrt /usr/local/lib/libboost_system.a >&5
/usr/bin/ld: cannot find -lboost_filesystem--mt-d-1_42
collect2: error: ld returned 1 exit status
configure:19998: $? = 1
configure:19983: re-using the existing conftest.o
configure:19989: g++ -o conftest -g -O2 -Wall -fpermissive    -L/usr/local/lib -Wl,-R/usr/local/lib -L/usr/local/lib conftest.o -lboost_filesystem--d-1_42  -lm -lrt /usr/local/lib/libboost_system.a >&5
/usr/bin/ld: cannot find -lboost_filesystem--d-1_42
collect2: error: ld returned 1 exit status
configure:19998: $? = 1
configure:19983: re-using the existing conftest.o
configure:19989: g++ -o conftest -g -O2 -Wall -fpermissive    -L/usr/local/lib -Wl,-R/usr/local/lib -L/usr/lib conftest.o -lboost_filesystem--d-1_42  -lm -lrt /usr/local/lib/libboost_system.a >&5
/usr/bin/ld: cannot find -lboost_filesystem--d-1_42
collect2: error: ld returned 1 exit status
configure:19998: $? = 1
configure:19983: re-using the existing conftest.o
configure:19989: g++ -o conftest -g -O2 -Wall -fpermissive    -L/usr/local/lib -Wl,-R/usr/local/lib -L/lib conftest.o -lboost_filesystem--d-1_42  -lm -lrt /usr/local/lib/libboost_system.a >&5
/usr/bin/ld: cannot find -lboost_filesystem--d-1_42
collect2: error: ld returned 1 exit status
configure:19998: $? = 1
configure:19983: re-using the existing conftest.o
configure:19989: g++ -o conftest -g -O2 -Wall -fpermissive    -L/usr/local/lib -Wl,-R/usr/local/lib -L/lib64 conftest.o -lboost_filesystem--d-1_42  -lm -lrt /usr/local/lib/libboost_system.a >&5
/usr/bin/ld: cannot find -lboost_filesystem--d-1_42
collect2: error: ld returned 1 exit status
configure:19998: $? = 1
configure:19983: re-using the existing conftest.o
configure:19989: g++ -o conftest -g -O2 -Wall -fpermissive    -L/usr/local/lib -Wl,-R/usr/local/lib -L/usr/local/lib conftest.o -lboost_filesystem--mt  -lm -lrt /usr/local/lib/libboost_system.a >&5
/usr/bin/ld: cannot find -lboost_filesystem--mt
collect2: error: ld returned 1 exit status
configure:19998: $? = 1
configure:19983: re-using the existing conftest.o
configure:19989: g++ -o conftest -g -O2 -Wall -fpermissive    -L/usr/local/lib -Wl,-R/usr/local/lib -L/usr/lib conftest.o -lboost_filesystem--mt  -lm -lrt /usr/local/lib/libboost_system.a >&5
/usr/bin/ld: cannot find -lboost_filesystem--mt
collect2: error: ld returned 1 exit status
configure:19998: $? = 1
configure:19983: re-using the existing conftest.o
configure:19989: g++ -o conftest -g -O2 -Wall -fpermissive    -L/usr/local/lib -Wl,-R/usr/local/lib -L/lib conftest.o -lboost_filesystem--mt  -lm -lrt /usr/local/lib/libboost_system.a >&5
/usr/bin/ld: cannot find -lboost_filesystem--mt
collect2: error: ld returned 1 exit status
configure:19998: $? = 1
configure:19983: re-using the existing conftest.o
configure:19989: g++ -o conftest -g -O2 -Wall -fpermissive    -L/usr/local/lib -Wl,-R/usr/local/lib -L/lib64 conftest.o -lboost_filesystem--mt  -lm -lrt /usr/local/lib/libboost_system.a >&5
/usr/bin/ld: cannot find -lboost_filesystem--mt
collect2: error: ld returned 1 exit status
configure:19998: $? = 1
configure:19983: re-using the existing conftest.o
configure:19989: g++ -o conftest -g -O2 -Wall -fpermissive    -L/usr/local/lib -Wl,-R/usr/local/lib -L/usr/local/lib conftest.o -lboost_filesystem-  -lm -lrt /usr/local/lib/libboost_system.a >&5
/usr/bin/ld: cannot find -lboost_filesystem-
collect2: error: ld returned 1 exit status
configure:19998: $? = 1
configure:19983: re-using the existing conftest.o
configure:19989: g++ -o conftest -g -O2 -Wall -fpermissive    -L/usr/local/lib -Wl,-R/usr/local/lib -L/usr/lib conftest.o -lboost_filesystem-  -lm -lrt /usr/local/lib/libboost_system.a >&5
/usr/bin/ld: cannot find -lboost_filesystem-
collect2: error: ld returned 1 exit status
configure:19998: $? = 1
configure:19983: re-using the existing conftest.o
configure:19989: g++ -o conftest -g -O2 -Wall -fpermissive    -L/usr/local/lib -Wl,-R/usr/local/lib -L/lib conftest.o -lboost_filesystem-  -lm -lrt /usr/local/lib/libboost_system.a >&5
/usr/bin/ld: cannot find -lboost_filesystem-
collect2: error: ld returned 1 exit status
configure:19998: $? = 1
configure:19983: re-using the existing conftest.o
configure:19989: g++ -o conftest -g -O2 -Wall -fpermissive    -L/usr/local/lib -Wl,-R/usr/local/lib -L/lib64 conftest.o -lboost_filesystem-  -lm -lrt /usr/local/lib/libboost_system.a >&5
/usr/bin/ld: cannot find -lboost_filesystem-
collect2: error: ld returned 1 exit status
configure:19998: $? = 1
configure:19983: re-using the existing conftest.o
configure:19989: g++ -o conftest -g -O2 -Wall -fpermissive    -L/usr/local/lib -Wl,-R/usr/local/lib -L/usr/local/lib conftest.o -lboost_filesystem--mt-d  -lm -lrt /usr/local/lib/libboost_system.a >&5
/usr/bin/ld: cannot find -lboost_filesystem--mt-d
collect2: error: ld returned 1 exit status
configure:19998: $? = 1
configure:19983: re-using the existing conftest.o
configure:19989: g++ -o conftest -g -O2 -Wall -fpermissive    -L/usr/local/lib -Wl,-R/usr/local/lib -L/usr/lib conftest.o -lboost_filesystem--mt-d  -lm -lrt /usr/local/lib/libboost_system.a >&5
/usr/bin/ld: cannot find -lboost_filesystem--mt-d
collect2: error: ld returned 1 exit status
configure:19998: $? = 1
configure:19983: re-using the existing conftest.o
configure:19989: g++ -o conftest -g -O2 -Wall -fpermissive    -L/usr/local/lib -Wl,-R/usr/local/lib -L/lib conftest.o -lboost_filesystem--mt-d  -lm -lrt /usr/local/lib/libboost_system.a >&5
/usr/bin/ld: cannot find -lboost_filesystem--mt-d
collect2: error: ld returned 1 exit status
configure:19998: $? = 1
configure:19983: re-using the existing conftest.o
configure:19989: g++ -o conftest -g -O2 -Wall -fpermissive    -L/usr/local/lib -Wl,-R/usr/local/lib -L/lib64 conftest.o -lboost_filesystem--mt-d  -lm -lrt /usr/local/lib/libboost_system.a >&5
/usr/bin/ld: cannot find -lboost_filesystem--mt-d
collect2: error: ld returned 1 exit status
configure:19998: $? = 1
configure:19983: re-using the existing conftest.o
configure:19989: g++ -o conftest -g -O2 -Wall -fpermissive    -L/usr/local/lib -Wl,-R/usr/local/lib -L/usr/local/lib conftest.o -lboost_filesystem--d  -lm -lrt /usr/local/lib/libboost_system.a >&5
/usr/bin/ld: cannot find -lboost_filesystem--d
collect2: error: ld returned 1 exit status
configure:19998: $? = 1
configure:19983: re-using the existing conftest.o
configure:19989: g++ -o conftest -g -O2 -Wall -fpermissive    -L/usr/local/lib -Wl,-R/usr/local/lib -L/usr/lib conftest.o -lboost_filesystem--d  -lm -lrt /usr/local/lib/libboost_system.a >&5
/usr/bin/ld: cannot find -lboost_filesystem--d
collect2: error: ld returned 1 exit status
configure:19998: $? = 1
configure:19983: re-using the existing conftest.o
configure:19989: g++ -o conftest -g -O2 -Wall -fpermissive    -L/usr/local/lib -Wl,-R/usr/local/lib -L/lib conftest.o -lboost_filesystem--d  -lm -lrt /usr/local/lib/libboost_system.a >&5
/usr/bin/ld: cannot find -lboost_filesystem--d
collect2: error: ld returned 1 exit status
configure:19998: $? = 1
configure:19983: re-using the existing conftest.o
configure:19989: g++ -o conftest -g -O2 -Wall -fpermissive    -L/usr/local/lib -Wl,-R/usr/local/lib -L/lib64 conftest.o -lboost_filesystem--d  -lm -lrt /usr/local/lib/libboost_system.a >&5
/usr/bin/ld: cannot find -lboost_filesystem--d
collect2: error: ld returned 1 exit status
configure:19998: $? = 1
configure:19983: re-using the existing conftest.o
configure:19989: g++ -o conftest -g -O2 -Wall -fpermissive    -L/usr/local/lib -Wl,-R/usr/local/lib -L/usr/local/lib conftest.o -lboost_filesystem-mt-1_42  -lm -lrt /usr/local/lib/libboost_system.a >&5
/usr/bin/ld: cannot find -lboost_filesystem-mt-1_42
collect2: error: ld returned 1 exit status
configure:19998: $? = 1
configure:19983: re-using the existing conftest.o
configure:19989: g++ -o conftest -g -O2 -Wall -fpermissive    -L/usr/local/lib -Wl,-R/usr/local/lib -L/usr/lib conftest.o -lboost_filesystem-mt-1_42  -lm -lrt /usr/local/lib/libboost_system.a >&5
/usr/bin/ld: cannot find -lboost_filesystem-mt-1_42
collect2: error: ld returned 1 exit status
configure:19998: $? = 1
configure:19983: re-using the existing conftest.o
configure:19989: g++ -o conftest -g -O2 -Wall -fpermissive    -L/usr/local/lib -Wl,-R/usr/local/lib -L/lib conftest.o -lboost_filesystem-mt-1_42  -lm -lrt /usr/local/lib/libboost_system.a >&5
/usr/bin/ld: cannot find -lboost_filesystem-mt-1_42
collect2: error: ld returned 1 exit status
configure:19998: $? = 1
configure:19983: re-using the existing conftest.o
configure:19989: g++ -o conftest -g -O2 -Wall -fpermissive    -L/usr/local/lib -Wl,-R/usr/local/lib -L/lib64 conftest.o -lboost_filesystem-mt-1_42  -lm -lrt /usr/local/lib/libboost_system.a >&5
/usr/bin/ld: cannot find -lboost_filesystem-mt-1_42
collect2: error: ld returned 1 exit status
configure:19998: $? = 1
configure:19983: re-using the existing conftest.o
configure:19989: g++ -o conftest -g -O2 -Wall -fpermissive    -L/usr/local/lib -Wl,-R/usr/local/lib -L/usr/local/lib conftest.o -lboost_filesystem-1_42  -lm -lrt /usr/local/lib/libboost_system.a >&5
/usr/bin/ld: cannot find -lboost_filesystem-1_42
collect2: error: ld returned 1 exit status
configure:19998: $? = 1
configure:19983: re-using the existing conftest.o
configure:19989: g++ -o conftest -g -O2 -Wall -fpermissive    -L/usr/local/lib -Wl,-R/usr/local/lib -L/usr/lib conftest.o -lboost_filesystem-1_42  -lm -lrt /usr/local/lib/libboost_system.a >&5
/usr/bin/ld: cannot find -lboost_filesystem-1_42
collect2: error: ld returned 1 exit status
configure:19998: $? = 1
configure:19983: re-using the existing conftest.o
configure:19989: g++ -o conftest -g -O2 -Wall -fpermissive    -L/usr/local/lib -Wl,-R/usr/local/lib -L/lib conftest.o -lboost_filesystem-1_42  -lm -lrt /usr/local/lib/libboost_system.a >&5
/usr/bin/ld: cannot find -lboost_filesystem-1_42
collect2: error: ld returned 1 exit status
configure:19998: $? = 1
configure:19983: re-using the existing conftest.o
configure:19989: g++ -o conftest -g -O2 -Wall -fpermissive    -L/usr/local/lib -Wl,-R/usr/local/lib -L/lib64 conftest.o -lboost_filesystem-1_42  -lm -lrt /usr/local/lib/libboost_system.a >&5
/usr/bin/ld: cannot find -lboost_filesystem-1_42
collect2: error: ld returned 1 exit status
configure:19998: $? = 1
configure:19983: re-using the existing conftest.o
configure:19989: g++ -o conftest -g -O2 -Wall -fpermissive    -L/usr/local/lib -Wl,-R/usr/local/lib -L/usr/local/lib conftest.o -lboost_filesystem-mt-d-1_42  -lm -lrt /usr/local/lib/libboost_system.a >&5
/usr/bin/ld: cannot find -lboost_filesystem-mt-d-1_42
collect2: error: ld returned 1 exit status
configure:19998: $? = 1
configure:19983: re-using the existing conftest.o
configure:19989: g++ -o conftest -g -O2 -Wall -fpermissive    -L/usr/local/lib -Wl,-R/usr/local/lib -L/usr/lib conftest.o -lboost_filesystem-mt-d-1_42  -lm -lrt /usr/local/lib/libboost_system.a >&5
/usr/bin/ld: cannot find -lboost_filesystem-mt-d-1_42
collect2: error: ld returned 1 exit status
configure:19998: $? = 1
configure:19983: re-using the existing conftest.o
configure:19989: g++ -o conftest -g -O2 -Wall -fpermissive    -L/usr/local/lib -Wl,-R/usr/local/lib -L/lib conftest.o -lboost_filesystem-mt-d-1_42  -lm -lrt /usr/local/lib/libboost_system.a >&5
/usr/bin/ld: cannot find -lboost_filesystem-mt-d-1_42
collect2: error: ld returned 1 exit status
configure:19998: $? = 1
configure:19983: re-using the existing conftest.o
configure:19989: g++ -o conftest -g -O2 -Wall -fpermissive    -L/usr/local/lib -Wl,-R/usr/local/lib -L/lib64 conftest.o -lboost_filesystem-mt-d-1_42  -lm -lrt /usr/local/lib/libboost_system.a >&5
/usr/bin/ld: cannot find -lboost_filesystem-mt-d-1_42
collect2: error: ld returned 1 exit status
configure:19998: $? = 1
configure:19983: re-using the existing conftest.o
configure:19989: g++ -o conftest -g -O2 -Wall -fpermissive    -L/usr/local/lib -Wl,-R/usr/local/lib -L/usr/local/lib conftest.o -lboost_filesystem-d-1_42  -lm -lrt /usr/local/lib/libboost_system.a >&5
/usr/bin/ld: cannot find -lboost_filesystem-d-1_42
collect2: error: ld returned 1 exit status
configure:19998: $? = 1
configure:19983: re-using the existing conftest.o
configure:19989: g++ -o conftest -g -O2 -Wall -fpermissive    -L/usr/local/lib -Wl,-R/usr/local/lib -L/usr/lib conftest.o -lboost_filesystem-d-1_42  -lm -lrt /usr/local/lib/libboost_system.a >&5
/usr/bin/ld: cannot find -lboost_filesystem-d-1_42
collect2: error: ld returned 1 exit status
configure:19998: $? = 1
configure:19983: re-using the existing conftest.o
configure:19989: g++ -o conftest -g -O2 -Wall -fpermissive    -L/usr/local/lib -Wl,-R/usr/local/lib -L/lib conftest.o -lboost_filesystem-d-1_42  -lm -lrt /usr/local/lib/libboost_system.a >&5
/usr/bin/ld: cannot find -lboost_filesystem-d-1_42
collect2: error: ld returned 1 exit status
configure:19998: $? = 1
configure:19983: re-using the existing conftest.o
configure:19989: g++ -o conftest -g -O2 -Wall -fpermissive    -L/usr/local/lib -Wl,-R/usr/local/lib -L/lib64 conftest.o -lboost_filesystem-d-1_42  -lm -lrt /usr/local/lib/libboost_system.a >&5
/usr/bin/ld: cannot find -lboost_filesystem-d-1_42
collect2: error: ld returned 1 exit status
configure:19998: $? = 1
configure:19983: re-using the existing conftest.o
configure:19989: g++ -o conftest -g -O2 -Wall -fpermissive    -L/usr/local/lib -Wl,-R/usr/local/lib -L/usr/local/lib conftest.o /usr/local/lib/libboost_filesystem.a  -lm -lrt /usr/local/lib/libboost_system.a >&5
configure:19998: $? = 0
configure:20038: result: yes
configure:20087: checking boost/regex.hpp usability
configure:20087: g++ -c -g -O2 -Wall -fpermissive   conftest.cpp >&5
configure:20087: $? = 0
configure:20087: result: yes
configure:20087: checking boost/regex.hpp presence
configure:20087: g++ -E   conftest.cpp
configure:20087: $? = 0
configure:20087: result: yes
configure:20087: checking for boost/regex.hpp
configure:20087: result: yes
configure:20114: checking for the Boost regex library
configure:20156: g++ -c -g -O2 -Wall -fpermissive   conftest.cpp >&5
configure:20156: $? = 0
configure:20207: re-using the existing conftest.o
configure:20213: g++ -o conftest -g -O2 -Wall -fpermissive    -L/usr/local/lib conftest.o -lboost_regex--mt-1_42  -lm -lrt >&5
/usr/bin/ld: cannot find -lboost_regex--mt-1_42
collect2: error: ld returned 1 exit status
configure:20222: $? = 1
configure:20207: re-using the existing conftest.o
configure:20213: g++ -o conftest -g -O2 -Wall -fpermissive    -L/usr/lib conftest.o -lboost_regex--mt-1_42  -lm -lrt >&5
/usr/bin/ld: cannot find -lboost_regex--mt-1_42
collect2: error: ld returned 1 exit status
configure:20222: $? = 1
configure:20207: re-using the existing conftest.o
configure:20213: g++ -o conftest -g -O2 -Wall -fpermissive    -L/lib conftest.o -lboost_regex--mt-1_42  -lm -lrt >&5
/usr/bin/ld: cannot find -lboost_regex--mt-1_42
collect2: error: ld returned 1 exit status
configure:20222: $? = 1
configure:20207: re-using the existing conftest.o
configure:20213: g++ -o conftest -g -O2 -Wall -fpermissive    -L/lib64 conftest.o -lboost_regex--mt-1_42  -lm -lrt >&5
/usr/bin/ld: cannot find -lboost_regex--mt-1_42
collect2: error: ld returned 1 exit status
configure:20222: $? = 1
configure:20207: re-using the existing conftest.o
configure:20213: g++ -o conftest -g -O2 -Wall -fpermissive    -L/usr/local/lib conftest.o -lboost_regex--1_42  -lm -lrt >&5
/usr/bin/ld: cannot find -lboost_regex--1_42
collect2: error: ld returned 1 exit status
configure:20222: $? = 1
configure:20207: re-using the existing conftest.o
configure:20213: g++ -o conftest -g -O2 -Wall -fpermissive    -L/usr/lib conftest.o -lboost_regex--1_42  -lm -lrt >&5
/usr/bin/ld: cannot find -lboost_regex--1_42
collect2: error: ld returned 1 exit status
configure:20222: $? = 1
configure:20207: re-using the existing conftest.o
configure:20213: g++ -o conftest -g -O2 -Wall -fpermissive    -L/lib conftest.o -lboost_regex--1_42  -lm -lrt >&5
/usr/bin/ld: cannot find -lboost_regex--1_42
collect2: error: ld returned 1 exit status
configure:20222: $? = 1
configure:20207: re-using the existing conftest.o
configure:20213: g++ -o conftest -g -O2 -Wall -fpermissive    -L/lib64 conftest.o -lboost_regex--1_42  -lm -lrt >&5
/usr/bin/ld: cannot find -lboost_regex--1_42
collect2: error: ld returned 1 exit status
configure:20222: $? = 1
configure:20207: re-using the existing conftest.o
configure:20213: g++ -o conftest -g -O2 -Wall -fpermissive    -L/usr/local/lib conftest.o -lboost_regex--mt-d-1_42  -lm -lrt >&5
/usr/bin/ld: cannot find -lboost_regex--mt-d-1_42
collect2: error: ld returned 1 exit status
configure:20222: $? = 1
configure:20207: re-using the existing conftest.o
configure:20213: g++ -o conftest -g -O2 -Wall -fpermissive    -L/usr/lib conftest.o -lboost_regex--mt-d-1_42  -lm -lrt >&5
/usr/bin/ld: cannot find -lboost_regex--mt-d-1_42
collect2: error: ld returned 1 exit status
configure:20222: $? = 1
configure:20207: re-using the existing conftest.o
configure:20213: g++ -o conftest -g -O2 -Wall -fpermissive    -L/lib conftest.o -lboost_regex--mt-d-1_42  -lm -lrt >&5
/usr/bin/ld: cannot find -lboost_regex--mt-d-1_42
collect2: error: ld returned 1 exit status
configure:20222: $? = 1
configure:20207: re-using the existing conftest.o
configure:20213: g++ -o conftest -g -O2 -Wall -fpermissive    -L/lib64 conftest.o -lboost_regex--mt-d-1_42  -lm -lrt >&5
/usr/bin/ld: cannot find -lboost_regex--mt-d-1_42
collect2: error: ld returned 1 exit status
configure:20222: $? = 1
configure:20207: re-using the existing conftest.o
configure:20213: g++ -o conftest -g -O2 -Wall -fpermissive    -L/usr/local/lib conftest.o -lboost_regex--d-1_42  -lm -lrt >&5
/usr/bin/ld: cannot find -lboost_regex--d-1_42
collect2: error: ld returned 1 exit status
configure:20222: $? = 1
configure:20207: re-using the existing conftest.o
configure:20213: g++ -o conftest -g -O2 -Wall -fpermissive    -L/usr/lib conftest.o -lboost_regex--d-1_42  -lm -lrt >&5
/usr/bin/ld: cannot find -lboost_regex--d-1_42
collect2: error: ld returned 1 exit status
configure:20222: $? = 1
configure:20207: re-using the existing conftest.o
configure:20213: g++ -o conftest -g -O2 -Wall -fpermissive    -L/lib conftest.o -lboost_regex--d-1_42  -lm -lrt >&5
/usr/bin/ld: cannot find -lboost_regex--d-1_42
collect2: error: ld returned 1 exit status
configure:20222: $? = 1
configure:20207: re-using the existing conftest.o
configure:20213: g++ -o conftest -g -O2 -Wall -fpermissive    -L/lib64 conftest.o -lboost_regex--d-1_42  -lm -lrt >&5
/usr/bin/ld: cannot find -lboost_regex--d-1_42
collect2: error: ld returned 1 exit status
configure:20222: $? = 1
configure:20207: re-using the existing conftest.o
configure:20213: g++ -o conftest -g -O2 -Wall -fpermissive    -L/usr/local/lib conftest.o -lboost_regex--mt  -lm -lrt >&5
/usr/bin/ld: cannot find -lboost_regex--mt
collect2: error: ld returned 1 exit status
configure:20222: $? = 1
configure:20207: re-using the existing conftest.o
configure:20213: g++ -o conftest -g -O2 -Wall -fpermissive    -L/usr/lib conftest.o -lboost_regex--mt  -lm -lrt >&5
/usr/bin/ld: cannot find -lboost_regex--mt
collect2: error: ld returned 1 exit status
configure:20222: $? = 1
configure:20207: re-using the existing conftest.o
configure:20213: g++ -o conftest -g -O2 -Wall -fpermissive    -L/lib conftest.o -lboost_regex--mt  -lm -lrt >&5
/usr/bin/ld: cannot find -lboost_regex--mt
collect2: error: ld returned 1 exit status
configure:20222: $? = 1
configure:20207: re-using the existing conftest.o
configure:20213: g++ -o conftest -g -O2 -Wall -fpermissive    -L/lib64 conftest.o -lboost_regex--mt  -lm -lrt >&5
/usr/bin/ld: cannot find -lboost_regex--mt
collect2: error: ld returned 1 exit status
configure:20222: $? = 1
configure:20207: re-using the existing conftest.o
configure:20213: g++ -o conftest -g -O2 -Wall -fpermissive    -L/usr/local/lib conftest.o -lboost_regex-  -lm -lrt >&5
/usr/bin/ld: cannot find -lboost_regex-
collect2: error: ld returned 1 exit status
configure:20222: $? = 1
configure:20207: re-using the existing conftest.o
configure:20213: g++ -o conftest -g -O2 -Wall -fpermissive    -L/usr/lib conftest.o -lboost_regex-  -lm -lrt >&5
/usr/bin/ld: cannot find -lboost_regex-
collect2: error: ld returned 1 exit status
configure:20222: $? = 1
configure:20207: re-using the existing conftest.o
configure:20213: g++ -o conftest -g -O2 -Wall -fpermissive    -L/lib conftest.o -lboost_regex-  -lm -lrt >&5
/usr/bin/ld: cannot find -lboost_regex-
collect2: error: ld returned 1 exit status
configure:20222: $? = 1
configure:20207: re-using the existing conftest.o
configure:20213: g++ -o conftest -g -O2 -Wall -fpermissive    -L/lib64 conftest.o -lboost_regex-  -lm -lrt >&5
/usr/bin/ld: cannot find -lboost_regex-
collect2: error: ld returned 1 exit status
configure:20222: $? = 1
configure:20207: re-using the existing conftest.o
configure:20213: g++ -o conftest -g -O2 -Wall -fpermissive    -L/usr/local/lib conftest.o -lboost_regex--mt-d  -lm -lrt >&5
/usr/bin/ld: cannot find -lboost_regex--mt-d
collect2: error: ld returned 1 exit status
configure:20222: $? = 1
configure:20207: re-using the existing conftest.o
configure:20213: g++ -o conftest -g -O2 -Wall -fpermissive    -L/usr/lib conftest.o -lboost_regex--mt-d  -lm -lrt >&5
/usr/bin/ld: cannot find -lboost_regex--mt-d
collect2: error: ld returned 1 exit status
configure:20222: $? = 1
configure:20207: re-using the existing conftest.o
configure:20213: g++ -o conftest -g -O2 -Wall -fpermissive    -L/lib conftest.o -lboost_regex--mt-d  -lm -lrt >&5
/usr/bin/ld: cannot find -lboost_regex--mt-d
collect2: error: ld returned 1 exit status
configure:20222: $? = 1
configure:20207: re-using the existing conftest.o
configure:20213: g++ -o conftest -g -O2 -Wall -fpermissive    -L/lib64 conftest.o -lboost_regex--mt-d  -lm -lrt >&5
/usr/bin/ld: cannot find -lboost_regex--mt-d
collect2: error: ld returned 1 exit status
configure:20222: $? = 1
configure:20207: re-using the existing conftest.o
configure:20213: g++ -o conftest -g -O2 -Wall -fpermissive    -L/usr/local/lib conftest.o -lboost_regex--d  -lm -lrt >&5
/usr/bin/ld: cannot find -lboost_regex--d
collect2: error: ld returned 1 exit status
configure:20222: $? = 1
configure:20207: re-using the existing conftest.o
configure:20213: g++ -o conftest -g -O2 -Wall -fpermissive    -L/usr/lib conftest.o -lboost_regex--d  -lm -lrt >&5
/usr/bin/ld: cannot find -lboost_regex--d
collect2: error: ld returned 1 exit status
configure:20222: $? = 1
configure:20207: re-using the existing conftest.o
configure:20213: g++ -o conftest -g -O2 -Wall -fpermissive    -L/lib conftest.o -lboost_regex--d  -lm -lrt >&5
/usr/bin/ld: cannot find -lboost_regex--d
collect2: error: ld returned 1 exit status
configure:20222: $? = 1
configure:20207: re-using the existing conftest.o
configure:20213: g++ -o conftest -g -O2 -Wall -fpermissive    -L/lib64 conftest.o -lboost_regex--d  -lm -lrt >&5
/usr/bin/ld: cannot find -lboost_regex--d
collect2: error: ld returned 1 exit status
configure:20222: $? = 1
configure:20207: re-using the existing conftest.o
configure:20213: g++ -o conftest -g -O2 -Wall -fpermissive    -L/usr/local/lib conftest.o -lboost_regex-mt-1_42  -lm -lrt >&5
/usr/bin/ld: cannot find -lboost_regex-mt-1_42
collect2: error: ld returned 1 exit status
configure:20222: $? = 1
configure:20207: re-using the existing conftest.o
configure:20213: g++ -o conftest -g -O2 -Wall -fpermissive    -L/usr/lib conftest.o -lboost_regex-mt-1_42  -lm -lrt >&5
/usr/bin/ld: cannot find -lboost_regex-mt-1_42
collect2: error: ld returned 1 exit status
configure:20222: $? = 1
configure:20207: re-using the existing conftest.o
configure:20213: g++ -o conftest -g -O2 -Wall -fpermissive    -L/lib conftest.o -lboost_regex-mt-1_42  -lm -lrt >&5
/usr/bin/ld: cannot find -lboost_regex-mt-1_42
collect2: error: ld returned 1 exit status
configure:20222: $? = 1
configure:20207: re-using the existing conftest.o
configure:20213: g++ -o conftest -g -O2 -Wall -fpermissive    -L/lib64 conftest.o -lboost_regex-mt-1_42  -lm -lrt >&5
/usr/bin/ld: cannot find -lboost_regex-mt-1_42
collect2: error: ld returned 1 exit status
configure:20222: $? = 1
configure:20207: re-using the existing conftest.o
configure:20213: g++ -o conftest -g -O2 -Wall -fpermissive    -L/usr/local/lib conftest.o -lboost_regex-1_42  -lm -lrt >&5
/usr/bin/ld: cannot find -lboost_regex-1_42
collect2: error: ld returned 1 exit status
configure:20222: $? = 1
configure:20207: re-using the existing conftest.o
configure:20213: g++ -o conftest -g -O2 -Wall -fpermissive    -L/usr/lib conftest.o -lboost_regex-1_42  -lm -lrt >&5
/usr/bin/ld: cannot find -lboost_regex-1_42
collect2: error: ld returned 1 exit status
configure:20222: $? = 1
configure:20207: re-using the existing conftest.o
configure:20213: g++ -o conftest -g -O2 -Wall -fpermissive    -L/lib conftest.o -lboost_regex-1_42  -lm -lrt >&5
/usr/bin/ld: cannot find -lboost_regex-1_42
collect2: error: ld returned 1 exit status
configure:20222: $? = 1
configure:20207: re-using the existing conftest.o
configure:20213: g++ -o conftest -g -O2 -Wall -fpermissive    -L/lib64 conftest.o -lboost_regex-1_42  -lm -lrt >&5
/usr/bin/ld: cannot find -lboost_regex-1_42
collect2: error: ld returned 1 exit status
configure:20222: $? = 1
configure:20207: re-using the existing conftest.o
configure:20213: g++ -o conftest -g -O2 -Wall -fpermissive    -L/usr/local/lib conftest.o -lboost_regex-mt-d-1_42  -lm -lrt >&5
/usr/bin/ld: cannot find -lboost_regex-mt-d-1_42
collect2: error: ld returned 1 exit status
configure:20222: $? = 1
configure:20207: re-using the existing conftest.o
configure:20213: g++ -o conftest -g -O2 -Wall -fpermissive    -L/usr/lib conftest.o -lboost_regex-mt-d-1_42  -lm -lrt >&5
/usr/bin/ld: cannot find -lboost_regex-mt-d-1_42
collect2: error: ld returned 1 exit status
configure:20222: $? = 1
configure:20207: re-using the existing conftest.o
configure:20213: g++ -o conftest -g -O2 -Wall -fpermissive    -L/lib conftest.o -lboost_regex-mt-d-1_42  -lm -lrt >&5
/usr/bin/ld: cannot find -lboost_regex-mt-d-1_42
collect2: error: ld returned 1 exit status
configure:20222: $? = 1
configure:20207: re-using the existing conftest.o
configure:20213: g++ -o conftest -g -O2 -Wall -fpermissive    -L/lib64 conftest.o -lboost_regex-mt-d-1_42  -lm -lrt >&5
/usr/bin/ld: cannot find -lboost_regex-mt-d-1_42
collect2: error: ld returned 1 exit status
configure:20222: $? = 1
configure:20207: re-using the existing conftest.o
configure:20213: g++ -o conftest -g -O2 -Wall -fpermissive    -L/usr/local/lib conftest.o -lboost_regex-d-1_42  -lm -lrt >&5
/usr/bin/ld: cannot find -lboost_regex-d-1_42
collect2: error: ld returned 1 exit status
configure:20222: $? = 1
configure:20207: re-using the existing conftest.o
configure:20213: g++ -o conftest -g -O2 -Wall -fpermissive    -L/usr/lib conftest.o -lboost_regex-d-1_42  -lm -lrt >&5
/usr/bin/ld: cannot find -lboost_regex-d-1_42
collect2: error: ld returned 1 exit status
configure:20222: $? = 1
configure:20207: re-using the existing conftest.o
configure:20213: g++ -o conftest -g -O2 -Wall -fpermissive    -L/lib conftest.o -lboost_regex-d-1_42  -lm -lrt >&5
/usr/bin/ld: cannot find -lboost_regex-d-1_42
collect2: error: ld returned 1 exit status
configure:20222: $? = 1
configure:20207: re-using the existing conftest.o
configure:20213: g++ -o conftest -g -O2 -Wall -fpermissive    -L/lib64 conftest.o -lboost_regex-d-1_42  -lm -lrt >&5
/usr/bin/ld: cannot find -lboost_regex-d-1_42
collect2: error: ld returned 1 exit status
configure:20222: $? = 1
configure:20207: re-using the existing conftest.o
configure:20213: g++ -o conftest -g -O2 -Wall -fpermissive    -L/usr/local/lib conftest.o /usr/local/lib/libboost_regex.a  -lm -lrt >&5
configure:20222: $? = 0
configure:20262: result: yes
configure:20288: checking for GraphicsMagick++-config
configure:20304: found /usr/bin/GraphicsMagick++-config
configure:20316: result: yes
configure:20330: checking whether byte ordering is bigendian
configure:20345: gcc -c -g -O2 -Wall  conftest.c >&5
conftest.c:95:9: error: unknown type name 'not'
         not a universal capable compiler
         ^
conftest.c:95:15: error: expected '=', ',', ';', 'asm' or '__attribute__' before 'universal'
         not a universal capable compiler
               ^
conftest.c:95:15: error: unknown type name 'universal'
configure:20345: $? = 1
configure: failed program was:
| /* confdefs.h */
| #define PACKAGE_NAME "nightshade"
| #define PACKAGE_TARNAME "nightshade"
| #define PACKAGE_VERSION "11.12.1"
| #define PACKAGE_STRING "nightshade 11.12.1"
| #define PACKAGE_BUGREPORT "support@nightshadesoftware.org"
| #define PACKAGE_URL ""
| #define PACKAGE "nightshade"
| #define VERSION "11.12.1"
| #define STDC_HEADERS 1
| #define HAVE_SYS_TYPES_H 1
| #define HAVE_SYS_STAT_H 1
| #define HAVE_STDLIB_H 1
| #define HAVE_STRING_H 1
| #define HAVE_MEMORY_H 1
| #define HAVE_STRINGS_H 1
| #define HAVE_INTTYPES_H 1
| #define HAVE_STDINT_H 1
| #define HAVE_UNISTD_H 1
| #define HAVE_LONG_LONG 1
| #define HAVE_LONG_DOUBLE 1
| #define HAVE_WCHAR_T 1
| #define HAVE_WINT_T 1
| #define HAVE_INTTYPES_H_WITH_UINTMAX 1
| #define HAVE_STDINT_H_WITH_UINTMAX 1
| #define HAVE_INTMAX_T 1
| #define HAVE_POSIX_PRINTF 1
| #define HAVE_ALLOCA_H 1
| #define HAVE_ALLOCA 1
| #define HAVE_STDLIB_H 1
| #define HAVE_UNISTD_H 1
| #define HAVE_SYS_PARAM_H 1
| #define HAVE_GETPAGESIZE 1
| #define HAVE_MMAP 1
| #define INTDIV0_RAISES_SIGFPE 1
| #define HAVE_UNSIGNED_LONG_LONG 1
| #define HAVE_UINTMAX_T 1
| #define HAVE_INTTYPES_H 1
| #define HAVE_STDINT_H 1
| #define HAVE_STDINT_H 1
| #define HAVE_ARGZ_H 1
| #define HAVE_LIMITS_H 1
| #define HAVE_LOCALE_H 1
| #define HAVE_NL_TYPES_H 1
| #define HAVE_MALLOC_H 1
| #define HAVE_STDDEF_H 1
| #define HAVE_STDLIB_H 1
| #define HAVE_STRING_H 1
| #define HAVE_UNISTD_H 1
| #define HAVE_SYS_PARAM_H 1
| #define HAVE_ASPRINTF 1
| #define HAVE_FWPRINTF 1
| #define HAVE_GETCWD 1
| #define HAVE_GETEGID 1
| #define HAVE_GETEUID 1
| #define HAVE_GETGID 1
| #define HAVE_GETUID 1
| #define HAVE_MEMPCPY 1
| #define HAVE_MUNMAP 1
| #define HAVE_PUTENV 1
| #define HAVE_SETENV 1
| #define HAVE_SETLOCALE 1
| #define HAVE_SNPRINTF 1
| #define HAVE_STPCPY 1
| #define HAVE_STRCASECMP 1
| #define HAVE_STRDUP 1
| #define HAVE_STRTOUL 1
| #define HAVE_TSEARCH 1
| #define HAVE_WCSLEN 1
| #define HAVE___ARGZ_COUNT 1
| #define HAVE___ARGZ_STRINGIFY 1
| #define HAVE___ARGZ_NEXT 1
| #define HAVE___FSETLOCKING 1
| #define HAVE_DECL__SNPRINTF 0
| #define HAVE_DECL__SNWPRINTF 0
| #define HAVE_DECL_FEOF_UNLOCKED 1
| #define HAVE_DECL_FGETS_UNLOCKED 0
| #define HAVE_DECL_GETC_UNLOCKED 1
| #define HAVE_ICONV 1
| #define ICONV_CONST 
| #define HAVE_LANGINFO_CODESET 1
| #define HAVE_LC_MESSAGES 1
| #define ENABLE_NLS 1
| #define HAVE_GETTEXT 1
| #define HAVE_DCGETTEXT 1
| #define HAVE_DLFCN_H 1
| #define LT_OBJDIR ".libs/"
| #define HAVE_BOOST 1
| #define HAVE_BOOST_SYSTEM_ERROR_CODE_HPP 1
| #define HAVE_BOOST_SYSTEM_ERROR_CODE_HPP 1
| #define HAVE_BOOST_FILESYSTEM_PATH_HPP 1
| #define HAVE_BOOST_REGEX_HPP 1
| /* end confdefs.h.  */
| #ifndef __APPLE_CC__
| 	       not a universal capable compiler
| 	     #endif
| 	     typedef int dummy;
| 
configure:20390: gcc -c -g -O2 -Wall  conftest.c >&5
configure:20390: $? = 0
configure:20408: gcc -c -g -O2 -Wall  conftest.c >&5
conftest.c: In function 'main':
conftest.c:101:4: error: unknown type name 'not'
    not big endian
    ^
conftest.c:101:12: error: expected '=', ',', ';', 'asm' or '__attribute__' before 'endian'
    not big endian
            ^
configure:20408: $? = 1
configure: failed program was:
| /* confdefs.h */
| #define PACKAGE_NAME "nightshade"
| #define PACKAGE_TARNAME "nightshade"
| #define PACKAGE_VERSION "11.12.1"
| #define PACKAGE_STRING "nightshade 11.12.1"
| #define PACKAGE_BUGREPORT "support@nightshadesoftware.org"
| #define PACKAGE_URL ""
| #define PACKAGE "nightshade"
| #define VERSION "11.12.1"
| #define STDC_HEADERS 1
| #define HAVE_SYS_TYPES_H 1
| #define HAVE_SYS_STAT_H 1
| #define HAVE_STDLIB_H 1
| #define HAVE_STRING_H 1
| #define HAVE_MEMORY_H 1
| #define HAVE_STRINGS_H 1
| #define HAVE_INTTYPES_H 1
| #define HAVE_STDINT_H 1
| #define HAVE_UNISTD_H 1
| #define HAVE_LONG_LONG 1
| #define HAVE_LONG_DOUBLE 1
| #define HAVE_WCHAR_T 1
| #define HAVE_WINT_T 1
| #define HAVE_INTTYPES_H_WITH_UINTMAX 1
| #define HAVE_STDINT_H_WITH_UINTMAX 1
| #define HAVE_INTMAX_T 1
| #define HAVE_POSIX_PRINTF 1
| #define HAVE_ALLOCA_H 1
| #define HAVE_ALLOCA 1
| #define HAVE_STDLIB_H 1
| #define HAVE_UNISTD_H 1
| #define HAVE_SYS_PARAM_H 1
| #define HAVE_GETPAGESIZE 1
| #define HAVE_MMAP 1
| #define INTDIV0_RAISES_SIGFPE 1
| #define HAVE_UNSIGNED_LONG_LONG 1
| #define HAVE_UINTMAX_T 1
| #define HAVE_INTTYPES_H 1
| #define HAVE_STDINT_H 1
| #define HAVE_STDINT_H 1
| #define HAVE_ARGZ_H 1
| #define HAVE_LIMITS_H 1
| #define HAVE_LOCALE_H 1
| #define HAVE_NL_TYPES_H 1
| #define HAVE_MALLOC_H 1
| #define HAVE_STDDEF_H 1
| #define HAVE_STDLIB_H 1
| #define HAVE_STRING_H 1
| #define HAVE_UNISTD_H 1
| #define HAVE_SYS_PARAM_H 1
| #define HAVE_ASPRINTF 1
| #define HAVE_FWPRINTF 1
| #define HAVE_GETCWD 1
| #define HAVE_GETEGID 1
| #define HAVE_GETEUID 1
| #define HAVE_GETGID 1
| #define HAVE_GETUID 1
| #define HAVE_MEMPCPY 1
| #define HAVE_MUNMAP 1
| #define HAVE_PUTENV 1
| #define HAVE_SETENV 1
| #define HAVE_SETLOCALE 1
| #define HAVE_SNPRINTF 1
| #define HAVE_STPCPY 1
| #define HAVE_STRCASECMP 1
| #define HAVE_STRDUP 1
| #define HAVE_STRTOUL 1
| #define HAVE_TSEARCH 1
| #define HAVE_WCSLEN 1
| #define HAVE___ARGZ_COUNT 1
| #define HAVE___ARGZ_STRINGIFY 1
| #define HAVE___ARGZ_NEXT 1
| #define HAVE___FSETLOCKING 1
| #define HAVE_DECL__SNPRINTF 0
| #define HAVE_DECL__SNWPRINTF 0
| #define HAVE_DECL_FEOF_UNLOCKED 1
| #define HAVE_DECL_FGETS_UNLOCKED 0
| #define HAVE_DECL_GETC_UNLOCKED 1
| #define HAVE_ICONV 1
| #define ICONV_CONST 
| #define HAVE_LANGINFO_CODESET 1
| #define HAVE_LC_MESSAGES 1
| #define ENABLE_NLS 1
| #define HAVE_GETTEXT 1
| #define HAVE_DCGETTEXT 1
| #define HAVE_DLFCN_H 1
| #define LT_OBJDIR ".libs/"
| #define HAVE_BOOST 1
| #define HAVE_BOOST_SYSTEM_ERROR_CODE_HPP 1
| #define HAVE_BOOST_SYSTEM_ERROR_CODE_HPP 1
| #define HAVE_BOOST_FILESYSTEM_PATH_HPP 1
| #define HAVE_BOOST_REGEX_HPP 1
| /* end confdefs.h.  */
| #include <sys/types.h>
| 		#include <sys/param.h>
| 
| int
| main ()
| {
| #if BYTE_ORDER != BIG_ENDIAN
| 		 not big endian
| 		#endif
| 
|   ;
|   return 0;
| }
configure:20536: result: no
configure:20557: checking for dirent.h that defines DIR
configure:20576: gcc -c -g -O2 -Wall  conftest.c >&5
configure:20576: $? = 0
configure:20584: result: yes
configure:20597: checking for library containing opendir
configure:20628: gcc -o conftest -g -O2 -Wall   conftest.c  -lm -lrt >&5
configure:20628: $? = 0
configure:20645: result: none required
configure:20713: checking for X
configure:20821: gcc -E  conftest.c
configure:20821: $? = 0
configure:20852: gcc -o conftest -g -O2 -Wall   conftest.c -lX11  -lm -lrt >&5
configure:20852: $? = 0
configure:20902: result: libraries , headers 
configure:21001: gcc -o conftest -g -O2 -Wall   conftest.c  -lm -lrt  -lX11 >&5
configure:21001: $? = 0
configure:21099: checking for gethostbyname
configure:21099: gcc -o conftest -g -O2 -Wall   conftest.c  -lm -lrt >&5
configure:21099: $? = 0
configure:21099: result: yes
configure:21196: checking for connect
configure:21196: gcc -o conftest -g -O2 -Wall   conftest.c  -lm -lrt >&5
configure:21196: $? = 0
configure:21196: result: yes
configure:21245: checking for remove
configure:21245: gcc -o conftest -g -O2 -Wall   conftest.c  -lm -lrt >&5
configure:21245: $? = 0
configure:21245: result: yes
configure:21294: checking for shmat
configure:21294: gcc -o conftest -g -O2 -Wall   conftest.c  -lm -lrt >&5
configure:21294: $? = 0
configure:21294: result: yes
configure:21352: checking for IceConnectionNumber in -lICE
configure:21377: gcc -o conftest -g -O2 -Wall   conftest.c -lICE   -lm -lrt >&5
configure:21377: $? = 0
configure:21386: result: yes
configure:21444: checking for sdl-config
configure:21462: found /usr/bin/sdl-config
configure:21475: result: /usr/bin/sdl-config
configure:21484: checking for SDL - version >= 1.2.10
configure:21569: gcc -o conftest -g -O2 -Wall  -I/usr/include/SDL -D_GNU_SOURCE=1 -D_REENTRANT   conftest.c  -lm -lrt  -L/usr/lib/x86_64-linux-gnu -lSDL >&5
configure:21569: $? = 0
configure:21569: ./conftest
configure:21569: $? = 0
configure:21583: result: yes
configure:21657: checking for png_read_info in -lpng
configure:21682: gcc -o conftest -g -O2 -Wall    conftest.c -lpng -lz -lm  -lm -lrt  >&5
configure:21682: $? = 0
configure:21691: result: yes
configure:21694: checking png.h usability
configure:21694: gcc -c -g -O2 -Wall   conftest.c >&5
configure:21694: $? = 0
configure:21694: result: yes
configure:21694: checking png.h presence
configure:21694: gcc -E  conftest.c
configure:21694: $? = 0
configure:21694: result: yes
configure:21694: checking for png.h
configure:21694: result: yes
configure:21706: checking for cli_create in -lfastdb
configure:21731: gcc -o conftest -g -O2 -Wall    conftest.c -lfastdb   -lm -lrt  >&5
configure:21731: $? = 0
configure:21740: result: yes
configure:21751: checking byteswap.h usability
configure:21751: gcc -c -g -O2 -Wall   conftest.c >&5
configure:21751: $? = 0
configure:21751: result: yes
configure:21751: checking byteswap.h presence
configure:21751: gcc -E  conftest.c
configure:21751: $? = 0
configure:21751: result: yes
configure:21751: checking for byteswap.h
configure:21751: result: yes
configure:21766: checking for Mix_OpenAudio in -lSDL_mixer
configure:21791: gcc -o conftest -g -O2 -Wall  -I/usr/include/SDL -D_GNU_SOURCE=1 -D_REENTRANT   conftest.c -lSDL_mixer   -lm -lrt  -L/usr/lib/x86_64-linux-gnu -lSDL -lpng -lz >&5
configure:21791: $? = 0
configure:21800: result: yes
configure:21803: checking for SDL_mixer.h
configure:21803: gcc -c -g -O2 -Wall  -I/usr/include/SDL -D_GNU_SOURCE=1 -D_REENTRANT  conftest.c >&5
configure:21803: $? = 0
configure:21803: result: yes
configure:21815: checking for SDLPango_CreateContext in -lSDL_Pango
configure:21840: gcc -o conftest -g -O2 -Wall  -I/usr/include/SDL -D_GNU_SOURCE=1 -D_REENTRANT   conftest.c -lSDL_Pango   -lm -lrt  -L/usr/lib/x86_64-linux-gnu -lSDL -lpng -lz >&5
configure:21840: $? = 0
configure:21849: result: yes
configure:21852: checking for SDL_Pango.h
configure:21852: gcc -c -g -O2 -Wall  -I/usr/include/SDL -D_GNU_SOURCE=1 -D_REENTRANT  conftest.c >&5
configure:21852: $? = 0
configure:21852: result: yes
configure:21866: checking for byteswap.h
configure:21866: result: yes
configure:21866: checking for SDL_mixer.h
configure:21866: result: yes
configure:21935: checking for glEnable in -lGL
configure:21960: gcc -o conftest -g -O2 -Wall    conftest.c -lGL   -lm -lrt  >&5
configure:21960: $? = 0
configure:21969: result: yes
configure:22030: checking for gluLookAt in -lGLU
configure:22055: gcc -o conftest -g -O2 -Wall    conftest.c -lGLU  -lGL  -lm -lrt  >&5
configure:22055: $? = 0
configure:22064: result: yes
configure:22138: checking for toupper
configure:22138: gcc -o conftest -g -O2 -Wall    conftest.c -lGLU -lGL  -lm -lrt  >&5
conftest.c:125:6: warning: conflicting types for built-in function 'toupper' [enabled by default]
 char toupper ();
      ^
configure:22138: $? = 0
configure:22138: result: yes
configure:22138: checking for strcasecmp
configure:22138: result: yes
configure:22138: checking for strdup
configure:22138: result: yes
configure:22138: checking for sinf
configure:22138: gcc -o conftest -g -O2 -Wall    conftest.c -lGLU -lGL  -lm -lrt  >&5
conftest.c:128:6: warning: conflicting types for built-in function 'sinf' [enabled by default]
 char sinf ();
      ^
configure:22138: $? = 0
configure:22138: result: yes
configure:22138: checking for cosf
configure:22138: gcc -o conftest -g -O2 -Wall    conftest.c -lGLU -lGL  -lm -lrt  >&5
conftest.c:129:6: warning: conflicting types for built-in function 'cosf' [enabled by default]
 char cosf ();
      ^
configure:22138: $? = 0
configure:22138: result: yes
configure:22138: checking for tanf
configure:22138: gcc -o conftest -g -O2 -Wall    conftest.c -lGLU -lGL  -lm -lrt  >&5
conftest.c:130:6: warning: conflicting types for built-in function 'tanf' [enabled by default]
 char tanf ();
      ^
configure:22138: $? = 0
configure:22138: result: yes
configure:22138: checking for asinf
configure:22138: gcc -o conftest -g -O2 -Wall    conftest.c -lGLU -lGL  -lm -lrt  >&5
conftest.c:131:6: warning: conflicting types for built-in function 'asinf' [enabled by default]
 char asinf ();
      ^
configure:22138: $? = 0
configure:22138: result: yes
configure:22138: checking for acosf
configure:22138: gcc -o conftest -g -O2 -Wall    conftest.c -lGLU -lGL  -lm -lrt  >&5
conftest.c:132:6: warning: conflicting types for built-in function 'acosf' [enabled by default]
 char acosf ();
      ^
configure:22138: $? = 0
configure:22138: result: yes
configure:22138: checking for atanf
configure:22138: gcc -o conftest -g -O2 -Wall    conftest.c -lGLU -lGL  -lm -lrt  >&5
conftest.c:133:6: warning: conflicting types for built-in function 'atanf' [enabled by default]
 char atanf ();
      ^
configure:22138: $? = 0
configure:22138: result: yes
configure:22138: checking for expf
configure:22138: gcc -o conftest -g -O2 -Wall    conftest.c -lGLU -lGL  -lm -lrt  >&5
conftest.c:134:6: warning: conflicting types for built-in function 'expf' [enabled by default]
 char expf ();
      ^
configure:22138: $? = 0
configure:22138: result: yes
configure:22138: checking for logf
configure:22138: gcc -o conftest -g -O2 -Wall    conftest.c -lGLU -lGL  -lm -lrt  >&5
conftest.c:135:6: warning: conflicting types for built-in function 'logf' [enabled by default]
 char logf ();
      ^
configure:22138: $? = 0
configure:22138: result: yes
configure:22138: checking for log10f
configure:22138: gcc -o conftest -g -O2 -Wall    conftest.c -lGLU -lGL  -lm -lrt  >&5
conftest.c:136:6: warning: conflicting types for built-in function 'log10f' [enabled by default]
 char log10f ();
      ^
configure:22138: $? = 0
configure:22138: result: yes
configure:22138: checking for atan2f
configure:22138: gcc -o conftest -g -O2 -Wall    conftest.c -lGLU -lGL  -lm -lrt  >&5
conftest.c:137:6: warning: conflicting types for built-in function 'atan2f' [enabled by default]
 char atan2f ();
      ^
configure:22138: $? = 0
configure:22138: result: yes
configure:22138: checking for sqrtf
configure:22138: gcc -o conftest -g -O2 -Wall    conftest.c -lGLU -lGL  -lm -lrt  >&5
conftest.c:138:6: warning: conflicting types for built-in function 'sqrtf' [enabled by default]
 char sqrtf ();
      ^
configure:22138: $? = 0
configure:22138: result: yes
configure:22138: checking for powf
configure:22138: gcc -o conftest -g -O2 -Wall    conftest.c -lGLU -lGL  -lm -lrt  >&5
conftest.c:139:6: warning: conflicting types for built-in function 'powf' [enabled by default]
 char powf ();
      ^
configure:22138: $? = 0
configure:22138: result: yes
configure:22138: checking for modf
configure:22138: gcc -o conftest -g -O2 -Wall    conftest.c -lGLU -lGL  -lm -lrt  >&5
conftest.c:140:6: warning: conflicting types for built-in function 'modf' [enabled by default]
 char modf ();
      ^
configure:22138: $? = 0
configure:22138: result: yes
configure:22138: checking for putenv
configure:22138: result: yes
configure:22138: checking for setlocale
configure:22138: result: yes
configure:22138: checking for tzset
configure:22138: gcc -o conftest -g -O2 -Wall    conftest.c -lGLU -lGL  -lm -lrt  >&5
configure:22138: $? = 0
configure:22138: result: yes
configure:22138: checking for strchr
configure:22138: gcc -o conftest -g -O2 -Wall    conftest.c -lGLU -lGL  -lm -lrt  >&5
conftest.c:144:6: warning: conflicting types for built-in function 'strchr' [enabled by default]
 char strchr ();
      ^
configure:22138: $? = 0
configure:22138: result: yes
configure:22138: checking for pow10
configure:22138: gcc -o conftest -g -O2 -Wall    conftest.c -lGLU -lGL  -lm -lrt  >&5
conftest.c:145:6: warning: conflicting types for built-in function 'pow10' [enabled by default]
 char pow10 ();
      ^
configure:22138: $? = 0
configure:22138: result: yes
configure:22138: checking for timegm
configure:22138: gcc -o conftest -g -O2 -Wall    conftest.c -lGLU -lGL  -lm -lrt  >&5
configure:22138: $? = 0
configure:22138: result: yes
configure:22259: checking that generated files are newer than configure
configure:22265: result: done
configure:22301: creating ./config.status

## ---------------------- ##
## Running config.status. ##
## ---------------------- ##

This file was extended by nightshade config.status 11.12.1, which was
generated by GNU Autoconf 2.69.  Invocation command line was

  CONFIG_FILES    = 
  CONFIG_HEADERS  = 
  CONFIG_LINKS    = 
  CONFIG_COMMANDS = 
  $ ./config.status 

on nsdev-mint-virt

config.status:1331: creating Makefile
config.status:1331: creating nightshade.spec
config.status:1331: creating src/Makefile
config.status:1331: creating src/iniparser/Makefile
config.status:1331: creating src/planetsephems/Makefile
config.status:1331: creating src/stellastro/Makefile
config.status:1331: creating data/Makefile
config.status:1331: creating stars/Makefile
config.status:1331: creating stars/default/Makefile
config.status:1331: creating doc/Makefile
config.status:1331: creating textures/Makefile
config.status:1331: creating textures/bodies/Makefile
config.status:1331: creating textures/nebulae/Makefile
config.status:1331: creating textures/landscapes/Makefile
config.status:1331: creating textures/constellation-art/Makefile
config.status:1331: creating textures/constellation-art/hindu/Makefile
config.status:1331: creating textures/constellation-art/inuit/Makefile
config.status:1331: creating textures/color-art/Makefile
config.status:1331: creating textures/color-art/inuit/Makefile
config.status:1331: creating data/scripts/Makefile
config.status:1331: creating data/sky_cultures/Makefile
config.status:1331: creating data/sky_cultures/aztec/Makefile
config.status:1331: creating data/sky_cultures/chinese/Makefile
config.status:1331: creating data/sky_cultures/egyptian/Makefile
config.status:1331: creating data/sky_cultures/hindu/Makefile
config.status:1331: creating data/sky_cultures/inca/Makefile
config.status:1331: creating data/sky_cultures/inuit/Makefile
config.status:1331: creating data/sky_cultures/inuit-color/Makefile
config.status:1331: creating data/sky_cultures/lakota/Makefile
config.status:1331: creating data/sky_cultures/navajo/Makefile
config.status:1331: creating data/sky_cultures/norse/Makefile
config.status:1331: creating data/sky_cultures/polynesian/Makefile
config.status:1331: creating data/sky_cultures/western/Makefile
config.status:1331: creating data/sky_cultures/western-mod/Makefile
config.status:1331: creating data/sky_cultures/western-color/Makefile
config.status:1331: creating data/sky_cultures/western-hevelius/Makefile
config.status:1331: creating data/sky_cultures/sami/Makefile
config.status:1331: creating intl/Makefile
config.status:1439: WARNING:  'intl/Makefile.in' seems to ignore the --datarootdir setting
config.status:1331: creating po/Makefile.in
config.status:1439: WARNING:  'po/Makefile.in.in' seems to ignore the --datarootdir setting
config.status:1331: creating m4/Makefile
config.status:1331: creating nscontrol/Makefile
config.status:1331: creating nscontrol/src/Makefile
config.status:1331: creating config.h
config.status:1512: config.h is unchanged
config.status:1560: executing default-1 commands
config.status:1560: executing depfiles commands
config.status:1560: executing libtool commands

## ---------------- ##
## Cache variables. ##
## ---------------- ##

ac_cv_build=x86_64-unknown-linux-gnu
ac_cv_c_bigendian=no
ac_cv_c_compiler_gnu=yes
ac_cv_c_const=yes
ac_cv_c_inline=inline
ac_cv_cxx_compiler_gnu=yes
ac_cv_env_BOOST_ROOT_set=
ac_cv_env_BOOST_ROOT_value=
ac_cv_env_CCC_set=
ac_cv_env_CCC_value=
ac_cv_env_CC_set=
ac_cv_env_CC_value=
ac_cv_env_CFLAGS_set=
ac_cv_env_CFLAGS_value=
ac_cv_env_CPPFLAGS_set=
ac_cv_env_CPPFLAGS_value=
ac_cv_env_CPP_set=
ac_cv_env_CPP_value=
ac_cv_env_CXXCPP_set=
ac_cv_env_CXXCPP_value=
ac_cv_env_CXXFLAGS_set=
ac_cv_env_CXXFLAGS_value=
ac_cv_env_CXX_set=
ac_cv_env_CXX_value=
ac_cv_env_LDFLAGS_set=
ac_cv_env_LDFLAGS_value=
ac_cv_env_LIBS_set=
ac_cv_env_LIBS_value=
ac_cv_env_XMKMF_set=
ac_cv_env_XMKMF_value=
ac_cv_env_build_alias_set=
ac_cv_env_build_alias_value=
ac_cv_env_host_alias_set=
ac_cv_env_host_alias_value=
ac_cv_env_target_alias_set=
ac_cv_env_target_alias_value=
ac_cv_func___argz_count=yes
ac_cv_func___argz_next=yes
ac_cv_func___argz_stringify=yes
ac_cv_func___fsetlocking=yes
ac_cv_func_acosf=yes
ac_cv_func_alloca_works=yes
ac_cv_func_asinf=yes
ac_cv_func_asprintf=yes
ac_cv_func_atan2f=yes
ac_cv_func_atanf=yes
ac_cv_func_connect=yes
ac_cv_func_cosf=yes
ac_cv_func_expf=yes
ac_cv_func_fwprintf=yes
ac_cv_func_getcwd=yes
ac_cv_func_getegid=yes
ac_cv_func_geteuid=yes
ac_cv_func_getgid=yes
ac_cv_func_gethostbyname=yes
ac_cv_func_getpagesize=yes
ac_cv_func_getuid=yes
ac_cv_func_log10f=yes
ac_cv_func_logf=yes
ac_cv_func_mempcpy=yes
ac_cv_func_mmap_fixed_mapped=yes
ac_cv_func_modf=yes
ac_cv_func_munmap=yes
ac_cv_func_pow10=yes
ac_cv_func_powf=yes
ac_cv_func_putenv=yes
ac_cv_func_remove=yes
ac_cv_func_setenv=yes
ac_cv_func_setlocale=yes
ac_cv_func_shmat=yes
ac_cv_func_sinf=yes
ac_cv_func_snprintf=yes
ac_cv_func_sqrtf=yes
ac_cv_func_stpcpy=yes
ac_cv_func_strcasecmp=yes
ac_cv_func_strchr=yes
ac_cv_func_strdup=yes
ac_cv_func_strtoul=yes
ac_cv_func_tanf=yes
ac_cv_func_timegm=yes
ac_cv_func_toupper=yes
ac_cv_func_tsearch=yes
ac_cv_func_tzset=yes
ac_cv_func_wcslen=yes
ac_cv_gnu_library_2_1=yes
ac_cv_have_decl__snprintf=no
ac_cv_have_decl__snwprintf=no
ac_cv_have_decl_feof_unlocked=yes
ac_cv_have_decl_fgets_unlocked=no
ac_cv_have_decl_getc_unlocked=yes
ac_cv_have_x='have_x=yes	ac_x_includes='\'''\''	ac_x_libraries='\'''\'''
ac_cv_header_SDL_Pango_h=yes
ac_cv_header_SDL_mixer_h=yes
ac_cv_header_argz_h=yes
ac_cv_header_boost_filesystem_path_hpp=yes
ac_cv_header_boost_regex_hpp=yes
ac_cv_header_boost_system_error_code_hpp=yes
ac_cv_header_byteswap_h=yes
ac_cv_header_dirent_dirent_h=yes
ac_cv_header_dlfcn_h=yes
ac_cv_header_inttypes_h=yes
ac_cv_header_limits_h=yes
ac_cv_header_locale_h=yes
ac_cv_header_malloc_h=yes
ac_cv_header_memory_h=yes
ac_cv_header_nl_types_h=yes
ac_cv_header_png_h=yes
ac_cv_header_stdc=yes
ac_cv_header_stddef_h=yes
ac_cv_header_stdint_h=yes
ac_cv_header_stdlib_h=yes
ac_cv_header_string_h=yes
ac_cv_header_strings_h=yes
ac_cv_header_sys_param_h=yes
ac_cv_header_sys_stat_h=yes
ac_cv_header_sys_types_h=yes
ac_cv_header_unistd_h=yes
ac_cv_host=x86_64-unknown-linux-gnu
ac_cv_lib_GLU_gluLookAt=yes
ac_cv_lib_GL_glEnable=yes
ac_cv_lib_ICE_IceConnectionNumber=yes
ac_cv_lib_SDL_Pango_SDLPango_CreateContext=yes
ac_cv_lib_SDL_mixer_Mix_OpenAudio=yes
ac_cv_lib_cposix_strerror=no
ac_cv_lib_fastdb_cli_create=yes
ac_cv_lib_m_fabs=yes
ac_cv_lib_png_png_read_info=yes
ac_cv_lib_rt_shm_open=yes
ac_cv_objext=o
ac_cv_path_EGREP='/bin/grep -E'
ac_cv_path_FGREP='/bin/grep -F'
ac_cv_path_GMSGFMT=/usr/bin/msgfmt
ac_cv_path_GREP=/bin/grep
ac_cv_path_MSGFMT=/usr/bin/msgfmt
ac_cv_path_MSGMERGE=/usr/bin/msgmerge
ac_cv_path_SDL_CONFIG=/usr/bin/sdl-config
ac_cv_path_SED=/bin/sed
ac_cv_path_XGETTEXT=/usr/bin/xgettext
ac_cv_path_install='/usr/bin/install -c'
ac_cv_path_mkdir=/bin/mkdir
ac_cv_prog_AWK=gawk
ac_cv_prog_CPP='gcc -E'
ac_cv_prog_CXXCPP='g++ -E'
ac_cv_prog_GRAPHICSXX=yes
ac_cv_prog_ac_ct_AR=ar
ac_cv_prog_ac_ct_CC=gcc
ac_cv_prog_ac_ct_CXX=g++
ac_cv_prog_ac_ct_OBJDUMP=objdump
ac_cv_prog_ac_ct_RANLIB=ranlib
ac_cv_prog_ac_ct_STRIP=strip
ac_cv_prog_cc_c89=
ac_cv_prog_cc_g=yes
ac_cv_prog_cxx_g=yes
ac_cv_prog_make_make_set=yes
ac_cv_search_opendir='none required'
ac_cv_type_long_long=yes
ac_cv_type_off_t=yes
ac_cv_type_ptrdiff_t=yes
ac_cv_type_size_t=yes
ac_cv_type_unsigned_long_long=yes
ac_cv_working_alloca_h=yes
acl_cv_path_LD=/usr/bin/ld
acl_cv_prog_gnu_ld=yes
acl_cv_rpath=done
am_cv_CC_dependencies_compiler_type=gcc3
am_cv_CXX_dependencies_compiler_type=gcc3
am_cv_func_iconv=yes
am_cv_langinfo_codeset=yes
am_cv_lib_iconv=no
am_cv_make_support_nested_variables=yes
am_cv_proto_iconv='extern size_t iconv (iconv_t cd, char * *inbuf, size_t *inbytesleft, char * *outbuf, size_t *outbytesleft);'
am_cv_proto_iconv_arg1=
am_cv_val_LC_MESSAGES=yes
bh_cv_c_signed=yes
boost_cv_inc_path=yes
boost_cv_lib_filesystem=yes
boost_cv_lib_filesystem_LDFLAGS='-L/usr/local/lib -Wl,-R/usr/local/lib'
boost_cv_lib_filesystem_LDPATH=/usr/local/lib
boost_cv_lib_filesystem_LIBS=/usr/local/lib/libboost_filesystem.a
boost_cv_lib_regex=yes
boost_cv_lib_regex_LDFLAGS='-L/usr/local/lib -Wl,-R/usr/local/lib'
boost_cv_lib_regex_LDPATH=/usr/local/lib
boost_cv_lib_regex_LIBS=/usr/local/lib/libboost_regex.a
boost_cv_lib_system=yes
boost_cv_lib_system_LDFLAGS='-L/usr/local/lib -Wl,-R/usr/local/lib'
boost_cv_lib_system_LDPATH=/usr/local/lib
boost_cv_lib_system_LIBS=/usr/local/lib/libboost_system.a
boost_cv_lib_tag=
boost_cv_lib_version=1_42
gt_cv_c_intmax_t=yes
gt_cv_c_long_double=yes
gt_cv_c_wchar_t=yes
gt_cv_c_wint_t=yes
gt_cv_func_gnugettext1_libc=yes
gt_cv_func_printf_posix=yes
gt_cv_header_inttypes_h=yes
gt_cv_int_divbyzero_sigfpe=yes
gt_cv_inttypes_pri_broken=no
jm_ac_cv_header_inttypes_h=yes
jm_ac_cv_header_stdint_h=yes
lt_cv_deplibs_check_method=pass_all
lt_cv_file_magic_cmd='$MAGIC_CMD'
lt_cv_file_magic_test_file=
lt_cv_ld_reload_flag=-r
lt_cv_nm_interface='BSD nm'
lt_cv_objdir=.libs
lt_cv_path_LD=/usr/bin/ld
lt_cv_path_LDCXX='/usr/bin/ld -m elf_x86_64'
lt_cv_path_NM='/usr/bin/nm -B'
lt_cv_prog_compiler_c_o=yes
lt_cv_prog_compiler_c_o_CXX=yes
lt_cv_prog_compiler_pic_works=yes
lt_cv_prog_compiler_pic_works_CXX=yes
lt_cv_prog_compiler_rtti_exceptions=no
lt_cv_prog_compiler_static_works=yes
lt_cv_prog_compiler_static_works_CXX=yes
lt_cv_prog_gnu_ld=yes
lt_cv_prog_gnu_ldcxx=yes
lt_cv_sys_global_symbol_pipe='sed -n -e '\''s/^.*[	 ]\([ABCDGIRSTW][ABCDGIRSTW]*\)[	 ][	 ]*\([_A-Za-z][_A-Za-z0-9]*\)$/\1 \2 \2/p'\'''
lt_cv_sys_global_symbol_to_c_name_address='sed -n -e '\''s/^: \([^ ]*\) $/  {\"\1\", (void *) 0},/p'\'' -e '\''s/^[ABCDGIRSTW]* \([^ ]*\) \([^ ]*\)$/  {"\2", (void *) \&\2},/p'\'''
lt_cv_sys_global_symbol_to_c_name_address_lib_prefix='sed -n -e '\''s/^: \([^ ]*\) $/  {\"\1\", (void *) 0},/p'\'' -e '\''s/^[ABCDGIRSTW]* \([^ ]*\) \(lib[^ ]*\)$/  {"\2", (void *) \&\2},/p'\'' -e '\''s/^[ABCDGIRSTW]* \([^ ]*\) \([^ ]*\)$/  {"lib\2", (void *) \&\2},/p'\'''
lt_cv_sys_global_symbol_to_cdecl='sed -n -e '\''s/^T .* \(.*\)$/extern int \1();/p'\'' -e '\''s/^[ABCDGIRSTW]* .* \(.*\)$/extern char \1;/p'\'''
lt_cv_sys_max_cmd_len=1572864
nls_cv_force_use_gnu_gettext=no
nls_cv_header_intl=
nls_cv_header_libgt=
nls_cv_use_gnu_gettext=no

## ----------------- ##
## Output variables. ##
## ----------------- ##

ACLOCAL='aclocal-1.13'
ALLOCA=''
AMDEPBACKSLASH='\'
AMDEP_FALSE='#'
AMDEP_TRUE=''
AMTAR='$${TAR-tar}'
AM_BACKSLASH='\'
AM_DEFAULT_V='$(AM_DEFAULT_VERBOSITY)'
AM_DEFAULT_VERBOSITY='1'
AM_V='$(V)'
AR='ar'
AUTOCONF='autoconf'
AUTOHEADER='autoheader'
AUTOMAKE='automake-1.13'
AWK='gawk'
BOOST_CPPFLAGS=''
BOOST_FILESYSTEM_LDFLAGS='-L/usr/local/lib -Wl,-R/usr/local/lib'
BOOST_FILESYSTEM_LDPATH='/usr/local/lib'
BOOST_FILESYSTEM_LIBS='/usr/local/lib/libboost_filesystem.a'
BOOST_LDPATH='/usr/local/lib'
BOOST_REGEX_LDFLAGS='-L/usr/local/lib -Wl,-R/usr/local/lib'
BOOST_REGEX_LDPATH='/usr/local/lib'
BOOST_REGEX_LIBS='/usr/local/lib/libboost_regex.a'
BOOST_ROOT=''
BOOST_SYSTEM_LDFLAGS='-L/usr/local/lib -Wl,-R/usr/local/lib'
BOOST_SYSTEM_LDPATH='/usr/local/lib'
BOOST_SYSTEM_LIBS='/usr/local/lib/libboost_system.a'
BUILD_INCLUDED_LIBINTL='no'
CATOBJEXT='.gmo'
CC='gcc'
CCDEPMODE='depmode=gcc3'
CFLAGS='-g -O2 -Wall '
CPP='gcc -E'
CPPFLAGS=''
CXX='g++'
CXXCPP='g++ -E'
CXXDEPMODE='depmode=gcc3'
CXXFLAGS='-g -O2 -Wall -fpermissive -I/usr/include/GraphicsMagick'
CYGPATH_W='echo'
DATADIRNAME='share'
DEFS='-DHAVE_CONFIG_H'
DEPDIR='.deps'
DISTCHECK_CONFIGURE_FLAGS=' '\''--with-boost='\'''
DSYMUTIL=''
DUMPBIN=''
ECHO_C=''
ECHO_N='-n'
ECHO_T=''
EGREP='/bin/grep -E'
EXEEXT=''
FGREP='/bin/grep -F'
GENCAT='gencat'
GLIBC21='yes'
GMSGFMT='/usr/bin/msgfmt'
GRAPHICSXX='yes'
GREP='/bin/grep'
HAVE_ASPRINTF='1'
HAVE_POSIX_PRINTF='1'
HAVE_SNPRINTF='1'
HAVE_WPRINTF='0'
INSTALL_DATA='${INSTALL} -m 644'
INSTALL_PROGRAM='${INSTALL}'
INSTALL_SCRIPT='${INSTALL}'
INSTALL_STRIP_PROGRAM='$(install_sh) -c -s'
INSTOBJEXT='.mo'
INTLBISON=':'
INTLLIBS=''
INTLOBJS=''
INTL_LIBTOOL_SUFFIX_PREFIX=''
LD='/usr/bin/ld -m elf_x86_64'
LDFLAGS=''
LIBFASTDB='/usr/local/lib/libfastdb.a'
LIBICONV=''
LIBINTL=''
LIBOBJS=''
LIBS='-lGLU -lGL  -lm -lrt '
LIBTOOL='$(SHELL) $(top_builddir)/libtool'
LIPO=''
LN_S='ln -s'
LTLIBICONV=''
LTLIBINTL=''
LTLIBOBJS=''
MAKEINFO='makeinfo'
MKDIR_P='/bin/mkdir -p'
MKINSTALLDIRS='$(top_builddir)/./mkinstalldirs'
MSGFMT='/usr/bin/msgfmt'
MSGMERGE='/usr/bin/msgmerge'
NM='/usr/bin/nm -B'
NMEDIT=''
NS_CFLAGS='-g -O2 -Wall  -I/usr/include/SDL -D_GNU_SOURCE=1 -D_REENTRANT'
NS_CPPFLAGS=''
NS_CXXFLAGS='-g -O2 -Wall -fpermissive -I/usr/include/GraphicsMagick -I/usr/include/SDL -D_GNU_SOURCE=1 -D_REENTRANT'
NS_LDFLAGS=''
NS_LIBS=' -lm -lrt  -L/usr/lib/x86_64-linux-gnu -lSDL -lpng -lz -lSDL_mixer -lSDL_Pango'
OBJDUMP='objdump'
OBJEXT='o'
OTOOL64=''
OTOOL=''
PACKAGE='nightshade'
PACKAGE_BUGREPORT='support@nightshadesoftware.org'
PACKAGE_NAME='nightshade'
PACKAGE_STRING='nightshade 11.12.1'
PACKAGE_TARNAME='nightshade'
PACKAGE_URL=''
PACKAGE_VERSION='11.12.1'
PATH_SEPARATOR=':'
POSUB='po'
RANLIB='ranlib'
SDL_CFLAGS='-I/usr/include/SDL -D_GNU_SOURCE=1 -D_REENTRANT'
SDL_CONFIG='/usr/bin/sdl-config'
SDL_LIBS='-L/usr/lib/x86_64-linux-gnu -lSDL'
SED='/bin/sed'
SET_MAKE=''
SHELL='/bin/bash'
STRIP='strip'
USE_INCLUDED_LIBINTL='no'
USE_NLS='yes'
VERSION='11.12.1'
XGETTEXT='/usr/bin/xgettext'
XMKMF=''
X_CFLAGS=''
X_EXTRA_LIBS=''
X_LIBS=''
X_PRE_LIBS=' -lSM -lICE'
ac_ct_CC='gcc'
ac_ct_CXX='g++'
ac_ct_DUMPBIN=''
am__EXEEXT_FALSE=''
am__EXEEXT_TRUE='#'
am__fastdepCC_FALSE='#'
am__fastdepCC_TRUE=''
am__fastdepCXX_FALSE='#'
am__fastdepCXX_TRUE=''
am__include='include'
am__isrc=''
am__leading_dot='.'
am__nodep='_no'
am__quote=''
am__tar='$${TAR-tar} chof - "$$tardir"'
am__untar='$${TAR-tar} xf -'
bindir='${exec_prefix}/bin'
build='x86_64-unknown-linux-gnu'
build_alias=''
build_cpu='x86_64'
build_os='linux-gnu'
build_vendor='unknown'
datadir='/usr/local/share'
datarootdir='${prefix}/share'
docdir='${datarootdir}/doc/${PACKAGE_TARNAME}'
dvidir='${docdir}'
exec_prefix='${prefix}'
host='x86_64-unknown-linux-gnu'
host_alias=''
host_cpu='x86_64'
host_os='linux-gnu'
host_vendor='unknown'
htmldir='${docdir}'
includedir='${prefix}/include'
infodir='${datarootdir}/info'
install_sh='${SHELL} /home/dev/Temp/nightshade-11.12.1/install-sh'
libdir='${exec_prefix}/lib'
libexecdir='${exec_prefix}/libexec'
localedir='/usr/local/share/locale'
localstatedir='${prefix}/var'
lt_ECHO='echo'
mandir='${datarootdir}/man'
mkdir_p='$(MKDIR_P)'
oldincludedir='/usr/include'
pdfdir='${docdir}'
prefix='/usr/local'
program_transform_name='s,x,x,'
psdir='${docdir}'
sbindir='${exec_prefix}/sbin'
sharedstatedir='${prefix}/com'
sysconfdir='${prefix}/etc'
target_alias=''

## ----------- ##
## confdefs.h. ##
## ----------- ##

/* confdefs.h */
#define PACKAGE_NAME "nightshade"
#define PACKAGE_TARNAME "nightshade"
#define PACKAGE_VERSION "11.12.1"
#define PACKAGE_STRING "nightshade 11.12.1"
#define PACKAGE_BUGREPORT "support@nightshadesoftware.org"
#define PACKAGE_URL ""
#define PACKAGE "nightshade"
#define VERSION "11.12.1"
#define STDC_HEADERS 1
#define HAVE_SYS_TYPES_H 1
#define HAVE_SYS_STAT_H 1
#define HAVE_STDLIB_H 1
#define HAVE_STRING_H 1
#define HAVE_MEMORY_H 1
#define HAVE_STRINGS_H 1
#define HAVE_INTTYPES_H 1
#define HAVE_STDINT_H 1
#define HAVE_UNISTD_H 1
#define HAVE_LONG_LONG 1
#define HAVE_LONG_DOUBLE 1
#define HAVE_WCHAR_T 1
#define HAVE_WINT_T 1
#define HAVE_INTTYPES_H_WITH_UINTMAX 1
#define HAVE_STDINT_H_WITH_UINTMAX 1
#define HAVE_INTMAX_T 1
#define HAVE_POSIX_PRINTF 1
#define HAVE_ALLOCA_H 1
#define HAVE_ALLOCA 1
#define HAVE_STDLIB_H 1
#define HAVE_UNISTD_H 1
#define HAVE_SYS_PARAM_H 1
#define HAVE_GETPAGESIZE 1
#define HAVE_MMAP 1
#define INTDIV0_RAISES_SIGFPE 1
#define HAVE_UNSIGNED_LONG_LONG 1
#define HAVE_UINTMAX_T 1
#define HAVE_INTTYPES_H 1
#define HAVE_STDINT_H 1
#define HAVE_STDINT_H 1
#define HAVE_ARGZ_H 1
#define HAVE_LIMITS_H 1
#define HAVE_LOCALE_H 1
#define HAVE_NL_TYPES_H 1
#define HAVE_MALLOC_H 1
#define HAVE_STDDEF_H 1
#define HAVE_STDLIB_H 1
#define HAVE_STRING_H 1
#define HAVE_UNISTD_H 1
#define HAVE_SYS_PARAM_H 1
#define HAVE_ASPRINTF 1
#define HAVE_FWPRINTF 1
#define HAVE_GETCWD 1
#define HAVE_GETEGID 1
#define HAVE_GETEUID 1
#define HAVE_GETGID 1
#define HAVE_GETUID 1
#define HAVE_MEMPCPY 1
#define HAVE_MUNMAP 1
#define HAVE_PUTENV 1
#define HAVE_SETENV 1
#define HAVE_SETLOCALE 1
#define HAVE_SNPRINTF 1
#define HAVE_STPCPY 1
#define HAVE_STRCASECMP 1
#define HAVE_STRDUP 1
#define HAVE_STRTOUL 1
#define HAVE_TSEARCH 1
#define HAVE_WCSLEN 1
#define HAVE___ARGZ_COUNT 1
#define HAVE___ARGZ_STRINGIFY 1
#define HAVE___ARGZ_NEXT 1
#define HAVE___FSETLOCKING 1
#define HAVE_DECL__SNPRINTF 0
#define HAVE_DECL__SNWPRINTF 0
#define HAVE_DECL_FEOF_UNLOCKED 1
#define HAVE_DECL_FGETS_UNLOCKED 0
#define HAVE_DECL_GETC_UNLOCKED 1
#define HAVE_ICONV 1
#define ICONV_CONST 
#define HAVE_LANGINFO_CODESET 1
#define HAVE_LC_MESSAGES 1
#define ENABLE_NLS 1
#define HAVE_GETTEXT 1
#define HAVE_DCGETTEXT 1
#define HAVE_DLFCN_H 1
#define LT_OBJDIR ".libs/"
#define HAVE_BOOST 1
#define HAVE_BOOST_SYSTEM_ERROR_CODE_HPP 1
#define HAVE_BOOST_SYSTEM_ERROR_CODE_HPP 1
#define HAVE_BOOST_FILESYSTEM_PATH_HPP 1
#define HAVE_BOOST_REGEX_HPP 1
#define HAVE_DIRENT_H 1
#define HAVE_BYTESWAP_H 1
#define HAVE_BYTESWAP_H 1
#define HAVE_SDL_MIXER_H 1
#define CONFIG_DATA_DIR "/usr/local/share/nightshade"
#define LOCALEDIR "/usr/local/share/locale"
#define HAVE_LIBGL 1
#define HAVE_LIBGLU 1
#define HAVE_TOUPPER 1
#define HAVE_STRCASECMP 1
#define HAVE_STRDUP 1
#define HAVE_SINF 1
#define HAVE_COSF 1
#define HAVE_TANF 1
#define HAVE_ASINF 1
#define HAVE_ACOSF 1
#define HAVE_ATANF 1
#define HAVE_EXPF 1
#define HAVE_LOGF 1
#define HAVE_LOG10F 1
#define HAVE_ATAN2F 1
#define HAVE_SQRTF 1
#define HAVE_POWF 1
#define HAVE_MODF 1
#define HAVE_PUTENV 1
#define HAVE_SETLOCALE 1
#define HAVE_TZSET 1
#define HAVE_STRCHR 1
#define HAVE_POW10 1
#define HAVE_TIMEGM 1

configure: exit 0

## ---------------------- ##
## Running config.status. ##
## ---------------------- ##

This file was extended by nightshade config.status 11.12.1, which was
generated by GNU Autoconf 2.69.  Invocation command line was

  CONFIG_FILES    = 
  CONFIG_HEADERS  = 
  CONFIG_LINKS    = 
  CONFIG_COMMANDS = 
  $ ./config.status config.h

on nsdev-mint-virt

config.status:1331: creating config.h
config.status:1512: config.h is unchanged
